
          SEED=43

          replicas=3
          standbys=1
          clients=106
          request_probability=48/100
          idle_on_probability=2/100
          idle_off_probability=17/100
          one_way_delay_mean=33.146ms
          one_way_delay_min=5.763ms
          packet_loss_probability=25/100
          path_maximum_capacity=16 messages
          path_clog_duration_mean=658.798ms
          path_clog_probability=1/100
          packet_replay_probability=21/100
          partition_mode=uniform_partition
          partition_symmetry=symmetric
          partition_probability=2/100
          unpartition_probability=10/100
          partition_stability=174 ticks
          unpartition_stability=6 ticks
          read_latency_min=10.884ms
          read_latency_mean=17.178ms
          write_latency_min=14.686ms
          write_latency_mean=303.291ms
          read_fault_probability=9/100
          write_fault_probability=4/100
          crash_probability=2/10000000
          crash_stability=702 ticks
          restart_probability=2/1000000
          restart_stability=770 ticks
 2   /   .      5V   0/__1/__1C   0:__2Jo  0/_0J!   0:_31Wo <__0:__0> v1:1     0Ga  0G!   0G?   1/4Pp  0/61Rq
 2   /   .      5V   0/__2/__2C   0:__2Jo  0/_0J!   0:_31Wo <__0:__0> v1:1     0Ga  0G!   0G?   0/4Pp  0/61Rq
 0   \ .        5V   0/__1/__1C   0:__2Jo  0/_0J!   0:_31Wo <__0:__0> v1:1     0Ga  0G!   0G?
 1   \  .       5V   0/__1/__1C   0:__2Jo  0/_0J!   0:_31Wo <__0:__0> v1:1     0Ga  0G!   0G?
 1   \  .       5V   0/__2/__2C   0:__2Jo  0/_0J!   0:_31Wo <__0:__0> v1:1     0Ga  0G!   0G?
 3   |    .     5V   0/__1/__2C   0:__2Jo  0/_0J!   0:_31Wo <__0:__0> v1:1     0Ga  0G!   0G?
 3   |    .     5V   0/__2/__2C   0:__2Jo  0/_0J!   0:_31Wo <__0:__0> v1:1     0Ga  0G!   0G?
 0   / v        6V   0/__2/__2C   0:__2Jo  0/_0J!   0:_31Wo <__0:__0> v1:1     0Ga  0G!   0G?
 1   /  .      10V   0/__3/__3C   0:__6Jo  0/_0J!   0:_31Wo <__0:__0> v1:1     0Ga  0G!   0G?   3/4Pp 24/61Rq
 1   /  .      10V   0/__4/__4C   0:__7Jo  0/_1J!   0:_31Wo <__0:__0> v1:1     0Ga  0G!   0G?   3/4Pp 24/61Rq
 0   \ .       10V   0/__3/__3C   0:__7Jo  0/_1J!   0:_31Wo <__0:__0> v1:1     0Ga  0G!   0G?
 1   /  .      10V   0/__5/__5C   0:__8Jo  0/_2J!   0:_31Wo <__0:__0> v1:1     0Ga  0G!   0G?   3/4Pp 24/61Rq
 1   /  .      10V   0/__6/__6C   0:__9Jo  0/_3J!   0:_31Wo <__0:__0> v1:1     0Ga  0G!   0G?   3/4Pp 26/61Rq
 2   \   .     10V   0/__3/__6C   0:_10Jo  0/_8J!   0:_31Wo <__0:__0> v1:1     0Ga  0G!   0G?
 2   \   .     10V   0/__4/__6C   0:_10Jo  0/_8J!   0:_31Wo <__0:__0> v1:1     0Ga  0G!   0G?
 0   \ .       11V   0/__4/__6C   0:__7Jo  0/_0J!   0:_31Wo <__0:__0> v1:1     0Ga  0G!   0G?
 0   \ .       11V   0/__5/__6C   0:__7Jo  0/_0J!   0:_31Wo <__0:__0> v1:1     0Ga  0G!   0G?
 0   \ .       11V   0/__6/__6C   0:__7Jo  0/_0J!   0:_31Wo <__0:__0> v1:1     0Ga  0G!   0G?
 2   /   v     11V   0/__5/__6C   0:__7Jo  0/_2J!   0:_31Wo <__0:__0> v1:1     0Ga  0G!   0G?
 2   /   v     11V   0/__6/__6C   0:__7Jo  0/_2J!   0:_31Wo <__0:__0> v1:1     0Ga  0G!   0G?
 3   |    .    11V   0/__3/__6C   0:__7Jo  0/_5J!   0:_31Wo <__0:__0> v1:1     0Ga  0G!   0G?
 3   |    .    11V   0/__4/__6C   0:__7Jo  0/_5J!   0:_31Wo <__0:__0> v1:1     0Ga  0G!   0G?
 3   |    .    11V   0/__5/__6C   0:__7Jo  0/_2J!   0:_31Wo <__0:__0> v1:1     0Ga  0G!   0G?
 3   |    .    11V   0/__6/__6C   0:__7Jo  0/_2J!   0:_31Wo <__0:__0> v1:1     0Ga  0G!   0G?
 2   /   .     14V   0/__7/__7C   0:_10Jo  0/_0J!   0:_31Wo <__0:__0> v1:1     0Ga  0G!   0G?   3/4Pp  0/61Rq
 2   /   .     14V   0/__8/__8C   0:_10Jo  0/_0J!   0:_31Wo <__0:__0> v1:1     0Ga  0G!   0G?   2/4Pp  0/61Rq
 3   |    .    14V   0/__7/__8C   0:_10Jo  0/_0J!   0:_31Wo <__0:__0> v1:1     0Ga  0G!   0G?
 3   |    .    14V   0/__8/__8C   0:_10Jo  0/_0J!   0:_31Wo <__0:__0> v1:1     0Ga  0G!   0G?
 1   \  .      14V   0/__7/__8C   0:_10Jo  0/_0J!   0:_31Wo <__0:__0> v1:1     0Ga  0G!   0G?
 1   \  .      14V   0/__8/__8C   0:_10Jo  0/_0J!   0:_31Wo <__0:__0> v1:1     0Ga  0G!   0G?
 0   / v       15V   0/__7/__8C   0:_10Jo  0/_0J!   0:_31Wo <__0:__0> v1:1     0Ga  0G!   0G?
 0   / v       15V   0/__8/__8C   0:_10Jo  0/_0J!   0:_31Wo <__0:__0> v1:1     0Ga  0G!   0G?
 0   / .       15V   0/__9/__9C   0:_10Jo  0/_0J!   0:_31Wo <__0:__0> v1:1     0Ga  0G!   0G?   1/4Pp  0/61Rq
 0   / .       15V   0/_10/_10C   0:_10Jo  0/_0J!   0:_31Wo <__0:__0> v1:1     0Ga  0G!   0G?   0/4Pp  0/61Rq
 2   \   .     15V   0/__9/_10C   0:_10Jo  0/_0J!   0:_31Wo <__0:__0> v1:1     0Ga  0G!   0G?
 2   \   .     15V   0/_10/_10C   0:_10Jo  0/_0J!   0:_31Wo <__0:__0> v1:1     0Ga  0G!   0G?
 1   \  .      15V   0/__9/_10C   0:_10Jo  0/_0J!   0:_31Wo <__0:__0> v1:1     0Ga  0G!   0G?
 1   \  .      15V   0/_10/_10C   0:_10Jo  0/_0J!   0:_31Wo <__0:__0> v1:1     0Ga  0G!   0G?
 3   |    .    15V   0/__9/_10C   0:_10Jo  0/_0J!   0:_31Wo <__0:__0> v1:1     0Ga  0G!   0G?
 3   |    .    15V   0/_10/_10C   0:_10Jo  0/_0J!   0:_31Wo <__0:__0> v1:1     0Ga  0G!   0G?
 1   /  .      19V   0/_11/_11C   0:_14Jo  0/_2J!   0:_31Wo <__0:__0> v1:1     0Ga  0G!   0G?   3/4Pp 11/61Rq
 0   \ .       19V   0/_11/_11C   0:_15Jo  0/_4J!   0:_31Wo <__0:__0> v1:1     0Ga  0G!   0G?
 3   |    .    19V   0/_11/_11C   0:_15Jo  0/_3J!   0:_31Wo <__0:__0> v1:1     0Ga  0G!   0G?
 2   /   v     20V   0/_11/_11C   0:_11Jo  0/_1J!   0:_31Wo <__0:__0> v1:1     0Ga  0G!   0G?
 1   /  .      22V   0/_12/_12C   0:_15Jo  0/_1J!   0:_31Wo <__0:__0> v1:1     0Ga  0G!   0G?   3/4Pp 20/61Rq
 1   /  .      22V   0/_13/_13C   0:_16Jo  0/_2J!   0:_31Wo <__0:__0> v1:1     0Ga  0G!   0G?   3/4Pp 19/61Rq
 0   \ .       22V   0/_12/_12C   0:_16Jo  0/_2J!   0:_31Wo <__0:__0> v1:1     0Ga  0G!   0G?
 2   \   .     22V   0/_12/_12C   0:_16Jo  0/_2J!   0:_31Wo <__0:__0> v1:1     0Ga  0G!   0G?
 2   \   .     22V   0/_13/_13C   0:_16Jo  0/_2J!   0:_31Wo <__0:__0> v1:1     0Ga  0G!   0G?
 1   /  .      22V   0/_14/_14C   0:_17Jo  0/_0J!   0:_31Wo <__0:__0> v1:1     0Ga  0G!   0G?   3/4Pp 36/61Rq
 1   /  .      22V   0/_15/_15C   0:_18Jo  0/_1J!   0:_31Wo <__0:__0> v1:1     0Ga  0G!   0G?   3/4Pp 35/61Rq
 1   /  .      22V   0/_16/_16C   0:_19Jo  0/_2J!   0:_31Wo <__0:__0> v1:1     0Ga  0G!   0G?   3/4Pp 36/61Rq
 2   \   .     22V   0/_14/_14C   0:_18Jo  0/_1J!   0:_31Wo <__0:__0> v1:1     0Ga  0G!   0G?
 2   \   .     22V   0/_15/_15C   0:_19Jo  0/_2J!   0:_31Wo <__0:__0> v1:1     0Ga  0G!   0G?
 2   \   .     22V   0/_16/_16C   0:_19Jo  0/_3J!   0:_31Wo <__0:__0> v1:1     0Ga  0G!   0G?
 3   |    .    22V   0/_12/_16C   0:_15Jo  0/_0J!   0:_31Wo <__0:__0> v1:1     0Ga  0G!   0G?
 3   |    .    22V   0/_13/_16C   0:_15Jo  0/_0J!   0:_31Wo <__0:__0> v1:1     0Ga  0G!   0G?
 3   |    .    22V   0/_14/_16C   0:_15Jo  0/_0J!   0:_31Wo <__0:__0> v1:1     0Ga  0G!   0G?
 3   |    .    22V   0/_15/_16C   0:_20Jo  0/_5J!   0:_31Wo <__0:__0> v1:1     0Ga  0G!   0G?
 3   |    .    22V   0/_16/_16C   0:_20Jo  0/_5J!   0:_31Wo <__0:__0> v1:1     0Ga  0G!   0G?
 0   \ .       23V   0/_13/_16C   0:_16Jo  0/_0J!   0:_31Wo <__0:__0> v1:1     0Ga  0G!   0G?
 0   \ .       23V   0/_14/_16C   0:_16Jo  0/_0J!   0:_31Wo <__0:__0> v1:1     0Ga  0G!   0G?
 0   \ .       23V   0/_15/_16C   0:_16Jo  0/_0J!   0:_31Wo <__0:__0> v1:1     0Ga  0G!   0G?
 0   \ .       23V   0/_16/_16C   0:_16Jo  0/_0J!   0:_31Wo <__0:__0> v1:1     0Ga  0G!   0G?
 0   / .       27V   0/_17/_17C   0:_20Jo  0/_0J!   0:_31Wo <__0:__0> v1:1     0Ga  0G!   0G?   3/4Pp  0/61Rq
 1   \  .      27V   0/_17/_17C   0:_20Jo  0/_0J!   0:_31Wo <__0:__0> v1:1     0Ga  0G!   0G?
 3   |    .    27V   0/_17/_17C   0:_20Jo  0/_0J!   0:_31Wo <__0:__0> v1:1     0Ga  0G!   0G?
 0   / .       27V   0/_18/_18C   0:_20Jo  0/_0J!   0:_31Wo <__0:__0> v1:1     0Ga  0G!   0G?   2/4Pp  0/61Rq
 3   |    .    27V   0/_18/_18C   0:_20Jo  0/_0J!   0:_31Wo <__0:__0> v1:1     0Ga  0G!   0G?
 1   \  .      27V   0/_18/_18C   0:_20Jo  0/_0J!   0:_31Wo <__0:__0> v1:1     0Ga  0G!   0G?
 2   \   .     28V   0/_17/_18C   0:_20Jo  0/_0J!   0:_31Wo <__0:__0> v1:1     0Ga  0G!   0G?
 2   \   .     28V   0/_18/_18C   0:_20Jo  0/_0J!   0:_31Wo <__0:__0> v1:1     0Ga  0G!   0G?
 0   / .       30V   0/_19/_19C   0:_21Jo  0/_0J!   0:_31Wo <__0:__0> v1:1     0Ga  0G!   0G?   2/4Pp  0/61Rq
 3   |    .    30V   0/_19/_19C   0:_21Jo  0/_0J!   0:_31Wo <__0:__0> v1:1     0Ga  0G!   0G?
 1   \  .      30V   0/_19/_19C   0:_21Jo  0/_0J!   0:_31Wo <__0:__0> v1:1     0Ga  0G!   0G?
 0   / .       30V   0/_20/_20C   0:_21Jo  0/_0J!   0:_31Wo <__0:__0> v1:1     0Ga  0G!   0G?   1/4Pp  0/61Rq
 0   / .       30V   0/_21/_21C   0:_21Jo  0/_0J!   0:_31Wo <__0:__0> v1:1     0Ga  0G!   0G?   0/4Pp  0/61Rq
 1   \  .      30V   0/_20/_21C   0:_21Jo  0/_0J!   0:_31Wo <__0:__0> v1:1     0Ga  0G!   0G?
 3   |    .    30V   0/_20/_21C   0:_21Jo  0/_0J!   0:_31Wo <__0:__0> v1:1     0Ga  0G!   0G?
 3   |    .    30V   0/_21/_21C   0:_21Jo  0/_0J!   0:_31Wo <__0:__0> v1:1     0Ga  0G!   0G?
 1   \  .      30V   0/_21/_21C   0:_21Jo  0/_0J!   0:_31Wo <__0:__0> v1:1     0Ga  0G!   0G?
 2   \   .     31V   0/_19/_21C   0:_21Jo  0/_0J!   0:_31Wo <__0:__0> v1:1     0Ga  0G!   0G?
 2   \   .     31V   0/_20/_21C   0:_21Jo  0/_0J!   0:_31Wo <__0:__0> v1:1     0Ga  0G!   0G?
 2   \   .     31V   0/_21/_21C   0:_21Jo  0/_0J!   0:_31Wo <__0:__0> v1:1     0Ga  0G!   0G?
 2   /   .     35V   0/_22/_22C   0:_22Jo  0/_0J!   0:_31Wo <__0:__0> v1:1     0Ga  0G!   0G?   0/4Pp  0/61Rq
 3   |    .    35V   0/_22/_22C   0:_22Jo  0/_1J!   0:_31Wo <__0:__0> v1:1     0Ga  0G!   0G?
 1   \  .      38V   0/_22/_22C   0:_25Jo  0/_0J!   0:_31Wo <__0:__0> v1:1     0Ga  0G!   0G?
 0   \ .       38V   0/_22/_22C   0:_25Jo  0/_0J!   0:_31Wo <__0:__0> v1:1     0Ga  0G!   0G?
 0   / .       39V   0/_23/_23C   0:_25Jo  0/_0J!   0:_31Wo <__0:__0> v1:1     4Ga  0G!   0G?   2/4Pp  0/61Rq
 1   \  .      39V   0/_23/_23C   0:_25Jo  0/_0J!   0:_31Wo <__0:__0> v1:1     4Ga  0G!   0G?
 0 [ / .       39V   0/_23/_23C   0:_25Jo  0/_0J!   0:_31Wo <__0:__0> v1:1    10Ga  0G!   0G?   2/4Pp  0/61Rq
 1 [ \  .      39V   0/_23/_23C   0:_25Jo  0/_0J!   0:_31Wo <__0:__0> v1:1    10Ga  0G!   0G?
 2   \   .     39V   0/_23/_23C   0:_25Jo  0/_0J!   0:_31Wo <__0:__0> v1:1     4Ga  0G!   0G?
 1 ] \  .      39V  19/_23/_23C   0:_25Jo  0/_0J!   0:_31Wo <__0:__0> v1:1    12Ga  0G!   0G?
 0 ] / .       39V  19/_23/_23C   0:_25Jo  0/_0J!   0:_31Wo <__0:__0> v1:1    12Ga  0G!   0G?   2/4Pp  0/61Rq
 0   / .       39V  19/_24/_24C   0:_25Jo  0/_0J!   0:_31Wo <__0:__0> v1:1    12Ga  0G!   0G?   1/4Pp  0/61Rq
 0   / .       39V  19/_25/_25C   0:_25Jo  0/_0J!   0:_31Wo <__0:__0> v1:1    12Ga  0G!   0G?   0/4Pp  0/61Rq
 1   \  .      39V  19/_24/_25C   0:_25Jo  0/_0J!   0:_31Wo <__0:__0> v1:1    12Ga  0G!   0G?
 1   \  .      39V  19/_25/_25C   0:_25Jo  0/_0J!   0:_31Wo <__0:__0> v1:1    12Ga  0G!   0G?
 2 [ \   .     39V   0/_23/_23C   0:_25Jo  0/_0J!   0:_31Wo <__0:__0> v1:1    10Ga  0G!   0G?
 2 ] \   .     39V  19/_23/_25C   0:_25Jo  0/_0J!   0:_31Wo <__0:__0> v1:1    12Ga  0G!   0G?
 2   \   .     39V  19/_24/_25C   0:_25Jo  0/_0J!   0:_31Wo <__0:__0> v1:1    12Ga  0G!   0G?
 2   \   .     39V  19/_25/_25C   0:_25Jo  0/_0J!   0:_31Wo <__0:__0> v1:1    12Ga  0G!   0G?
 1   /  .      40V  19/_26/_26C   0:_29Jo  0/_2J!   0:_31Wo <__0:__0> v1:1    13Ga  0G!   0G?   3/4Pp 12/61Rq
 2   \   .     40V  19/_26/_26C   0:_30Jo  0/_2J!   0:_31Wo <__0:__0> v1:1    13Ga  0G!   0G?
 1   /  .      40V  19/_27/_27C   0:_30Jo  0/_1J!   0:_31Wo <__0:__0> v1:1    13Ga  0G!   0G?   3/4Pp 14/61Rq
 1   /  .      40V  19/_28/_28C   0:_31Jo  0/_2J!   0:_31Wo <__0:__0> v1:1    13Ga  0G!   0G?   3/4Pp 25/61Rq
 2   \   .     40V  19/_27/_27C   0:_31Jo  0/_1J!   0:_31Wo <__0:__0> v1:1    13Ga  0G!   0G?
 2   \   .     40V  19/_28/_28C   1:_32Jo  0/_2J!   0:_31Wo <__0:__0> v1:1    13Ga  0G!   0G?
 0   \ .       41V  19/_26/_28C   1:_32Jo  0/_5J!   0:_31Wo <__0:__0> v1:1    13Ga  0G!   0G?
 0   \ .       41V  19/_27/_28C   1:_32Jo  0/_5J!   0:_31Wo <__0:__0> v1:1    13Ga  0G!   0G?
 0   \ .       41V  19/_28/_28C   1:_32Jo  0/_3J!   0:_31Wo <__0:__0> v1:1    13Ga  0G!   0G?
 3 $ |    .    41V  19/_19/_28C   1:_32Jo  0/_5J!   0:_31Wo <__0:_23> v1:1  nullGa  0G!   0G?
 0   / .       42V  19/_29/_29C   1:_32Jo  0/_0J!   1:_32Wo <__0:__0> v1:1    13Ga  0G!   0G?   3/4Pp  0/61Rq
 0   / .       42V  19/_30/_30C   1:_32Jo  0/_0J!   1:_32Wo <__0:__0> v1:1    13Ga  0G!   0G?   2/4Pp  0/61Rq
 0   / .       42V  19/_31/_31C   1:_32Jo  0/_0J!   1:_32Wo <__0:__0> v1:1    13Ga  0G!   0G?   1/4Pp  0/61Rq
 2   \   .     42V  19/_29/_31C   1:_32Jo  0/_0J!   1:_32Wo <__0:__0> v1:1    13Ga  0G!   1G?
 2   \   .     42V  19/_30/_31C   1:_32Jo  0/_0J!   1:_32Wo <__0:__0> v1:1    13Ga  0G!   1G?
 2   \   .     42V  19/_31/_31C   1:_32Jo  0/_0J!   1:_32Wo <__0:__0> v1:1    13Ga  0G!   1G?
 0   / .       42V  19/_32/_32C   1:_32Jo  0/_0J!   1:_32Wo <__0:__0> v1:1    13Ga  0G!   0G?   0/4Pp  0/61Rq
 1   \  .      42V  19/_29/_32C   1:_32Jo  0/_0J!   1:_32Wo <__0:__0> v1:1    13Ga  0G!   0G?
 1   \  .      42V  19/_30/_32C   1:_32Jo  0/_0J!   1:_32Wo <__0:__0> v1:1    13Ga  0G!   0G?
 2   \   .     42V  19/_32/_32C   1:_32Jo  0/_0J!   1:_32Wo <__0:__0> v1:1    13Ga  0G!   1G?
 1   \  .      42V  19/_31/_32C   1:_32Jo  0/_0J!   1:_32Wo <__0:__0> v1:1    13Ga  0G!   0G?
 1   \  .      42V  19/_32/_32C   1:_32Jo  0/_0J!   1:_32Wo <__0:__0> v1:1    13Ga  0G!   0G?
 3   |    .    42V  19/_20/_32C   1:_32Jo  0/_7J!   0:_31Wo <__0:_23> v1:1    12Ga  0G!   2G?
 3   |    .    42V  19/_21/_32C   1:_32Jo  0/_7J!   0:_31Wo <__0:_23> v1:1    12Ga  0G!   2G?
 3   |    .    42V  19/_22/_32C   1:_32Jo  0/_7J!   0:_31Wo <__0:_23> v1:1    12Ga  0G!   2G?
 3   |    .    42V  19/_23/_32C   1:_32Jo  0/_7J!   0:_31Wo <__0:_23> v1:1    12Ga  0G!   2G?
 3   |    .    42V  19/_24/_32C   1:_32Jo  0/_7J!   0:_31Wo <__0:_23> v1:1    12Ga  0G!   2G?
 3   |    .    42V  19/_25/_32C   1:_32Jo  0/_7J!   0:_31Wo <__0:_23> v1:1    12Ga  0G!   2G?
 3   |    .    42V  19/_26/_32C   1:_32Jo  0/_7J!   0:_31Wo <__0:_23> v1:1    13Ga  0G!   2G?
 3   |    .    42V  19/_27/_32C   1:_32Jo  0/_7J!   0:_31Wo <__0:_23> v1:1    13Ga  0G!   2G?
 3   |    .    42V  19/_28/_32C   1:_32Jo  0/_5J!   0:_31Wo <__0:_23> v1:1    13Ga  0G!   2G?
 3   |    .    42V  19/_29/_32C   1:_32Jo  0/_5J!   0:_31Wo <__0:_23> v1:1    13Ga  0G!   2G?
 3   |    .    42V  19/_30/_32C   1:_32Jo  0/_4J!   0:_31Wo <__0:_23> v1:1    13Ga  0G!   2G?
 3   |    .    42V  19/_31/_32C   1:_32Jo  0/_1J!   1:_32Wo <__0:_23> v1:1    13Ga  0G!   2G?
 3   |    .    42V  19/_32/_32C   1:_32Jo  0/_1J!   1:_32Wo <__0:_23> v1:1    13Ga  0G!   2G?
 0   / .       42V  19/_33/_33C   5:_36Jo  0/_0J!   5:_36Wo <__0:__0> v1:1    13Ga  0G!   0G?   3/4Pp 14/61Rq
 0   / .       42V  19/_34/_34C   6:_37Jo  0/_1J!   5:_36Wo <__0:__0> v1:1    13Ga  0G!   0G?   3/4Pp 13/61Rq
 3   |    .    42V  19/_33/_34C   2:_38Jo  0/_2J!   1:_32Wo <__0:_23> v1:1    13Ga  0G!   1G?
 0   / .       42V  19/_35/_35C   7:_38Jo  0/_2J!   5:_36Wo <__0:__0> v1:1    13Ga  0G!   0G?   3/4Pp 22/61Rq
 2   \   .     42V  19/_33/_35C   8:_39Jo  0/_4J!   1:_39Wo <__0:__0> v1:1    13Ga  0G!   0G?
 2   \   .     42V  19/_34/_35C   8:_39Jo  0/_4J!   1:_39Wo <__0:__0> v1:1    13Ga  0G!   0G?
 3   |    .    42V  19/_34/_35C   7:_38Jo  0/_3J!   2:_38Wo <__0:_23> v1:1    13Ga  0G!   0G?
 3   |    .    42V  19/_35/_35C   7:_38Jo  0/_3J!   5:_38Wo <__0:_23> v1:1    13Ga  0G!   0G?
 2   \   .     42V  19/_35/_35C   8:_39Jo  0/_3J!   3:_39Wo <__0:__0> v1:1    13Ga  0G!   0G?
 1   /  v      43V  19/_33/_35C   8:_39Jo  0/_3J!   5:_36Wo <__0:__0> v1:1    13Ga  0G!   0G?
 1   /  v      43V  19/_34/_35C   8:_39Jo  0/_3J!   5:_36Wo <__0:__0> v1:1    13Ga  0G!   0G?
 1   /  v      43V  19/_35/_35C   8:_39Jo  0/_3J!   5:_36Wo <__0:__0> v1:1    13Ga  0G!   0G?
 2   /   .     44V  19/_36/_36C   8:_39Jo  0/_0J!   8:_39Wo <__0:__0> v1:1    13Ga  0G!   0G?   3/4Pp  0/61Rq
 0   \ .       44V  19/_36/_36C   8:_39Jo  0/_0J!   8:_39Wo <__0:__0> v1:1    13Ga  0G!   0G?
 3   |    .    44V  19/_36/_36C   8:_39Jo  0/_0J!   8:_39Wo <__0:_23> v1:1    13Ga  0G!   0G?
 1   /  v      46V  19/_36/_36C   8:_39Jo  0/_0J!   8:_39Wo <__0:__0> v1:1    13Ga  0G!   0G?
 2   /   .     47V  19/_37/_37C   8:_39Jo  0/_0J!   8:_39Wo <__0:__0> v1:1    13Ga  0G!   1G?   2/4Pp  0/61Rq
 2   /   .     47V  19/_38/_38C   8:_39Jo  0/_0J!   8:_39Wo <__0:__0> v1:1    13Ga  0G!   1G?   1/4Pp  0/61Rq
 2   /   .     47V  19/_39/_39C   8:_39Jo  0/_0J!   8:_39Wo <__0:__0> v1:1    13Ga  0G!   1G?   0/4Pp  0/61Rq
 1   \  .      47V  19/_37/_39C   8:_39Jo  0/_0J!   8:_39Wo <__0:__0> v1:1    13Ga  0G!   0G?
 1   \  .      47V  19/_38/_39C   8:_39Jo  0/_0J!   8:_39Wo <__0:__0> v1:1    13Ga  0G!   0G?
 0   \ .       47V  19/_37/_39C   8:_39Jo  0/_0J!   8:_39Wo <__0:__0> v1:1    13Ga  0G!   0G?
 0   \ .       47V  19/_38/_39C   8:_39Jo  0/_0J!   8:_39Wo <__0:__0> v1:1    13Ga  0G!   0G?
 1   \  .      47V  19/_39/_39C   8:_39Jo  0/_0J!   8:_39Wo <__0:__0> v1:1    13Ga  0G!   0G?
 0   \ .       47V  19/_39/_39C   8:_39Jo  0/_0J!   8:_39Wo <__0:__0> v1:1    13Ga  0G!   0G?
 3   |    .    48V  19/_37/_39C  12:_43Jo  0/_4J!   8:_39Wo <__0:_23> v1:1    13Ga  0G!   0G?
 3   |    .    48V  19/_38/_39C  12:_43Jo  0/_4J!   8:_39Wo <__0:_23> v1:1    13Ga  0G!   0G?
 3   |    .    48V  19/_39/_39C  12:_43Jo  0/_4J!   8:_39Wo <__0:_23> v1:1    13Ga  0G!   0G?
 0   / .       54V  19/_40/_40C  12:_43Jo  0/_0J!  12:_43Wo <__0:__0> v1:1    13Ga  0G!   0G?   3/4Pp  0/61Rq
 2   \   .     54V  19/_40/_40C  12:_43Jo  0/_0J!  12:_43Wo <__0:__0> v1:1    13Ga  0G!   0G?
 1   \  .      54V  19/_40/_40C  12:_43Jo  0/_0J!  12:_43Wo <__0:__0> v1:1    13Ga  0G!   0G?
 3   |    .    54V  19/_40/_40C  12:_43Jo  0/_0J!  12:_43Wo <__0:_23> v1:1    13Ga  0G!   0G?
 0   / .       54V  19/_41/_41C  12:_43Jo  0/_0J!  12:_43Wo <__0:__0> v1:1    13Ga  0G!   0G?   2/4Pp  0/61Rq
 0   / .       54V  19/_42/_42C  12:_43Jo  0/_0J!  12:_43Wo <__0:__0> v1:1    13Ga  0G!   0G?   1/4Pp  0/61Rq
 2   \   .     54V  19/_41/_42C  12:_43Jo  0/_0J!  12:_43Wo <__0:__0> v1:1    13Ga  0G!   0G?
 2   \   .     54V  19/_42/_42C  12:_43Jo  0/_0J!  12:_43Wo <__0:__0> v1:1    13Ga  0G!   0G?
 0   / .       54V  19/_43/_43C  12:_43Jo  0/_0J!  12:_43Wo <__0:__0> v1:1    18Ga  0G!   0G?   0/4Pp  0/61Rq
 3   |    .    54V  19/_41/_43C  12:_43Jo  0/_0J!  12:_43Wo <__0:_23> v1:1    13Ga  0G!   0G?
 3   |    .    54V  19/_42/_43C  12:_43Jo  0/_0J!  12:_43Wo <__0:_23> v1:1    13Ga  0G!   0G?
 0 [ / .       54V  19/_43/_43C  12:_43Jo  0/_0J!  12:_43Wo <__0:__0> v1:1    23Ga  0G!   0G?   0/4Pp  0/61Rq
 1   \  .      54V  19/_41/_43C  12:_43Jo  0/_0J!  12:_43Wo <__0:__0> v1:1    13Ga  0G!   0G?
 1   \  .      54V  19/_42/_43C  12:_43Jo  0/_0J!  12:_43Wo <__0:__0> v1:1    13Ga  0G!   0G?
 3   |    .    54V  19/_43/_43C  12:_43Jo  0/_0J!  12:_43Wo <__0:_23> v1:1    18Ga  0G!   0G?
 3 [ |    .    54V  19/_43/_43C  12:_43Jo  0/_0J!  12:_43Wo <__0:_23> v1:1    23Ga  0G!   0G?
 1   \  .      54V  19/_43/_43C  12:_43Jo  0/_0J!  12:_43Wo <__0:__0> v1:1    18Ga  0G!   0G?
 0 ] / .       54V  39/_43/_43C  12:_43Jo  0/_0J!  12:_43Wo <__0:__0> v1:1    26Ga  0G!   0G?   0/4Pp  0/61Rq
 2   \   .     54V  19/_43/_43C  12:_43Jo  0/_0J!  12:_43Wo <__0:__0> v1:1    18Ga  0G!   0G?
 1 [ \  .      54V  19/_43/_43C  12:_43Jo  0/_0J!  12:_43Wo <__0:__0> v1:1    23Ga  0G!   0G?
 3 ] |    .    54V  39/_43/_43C  12:_43Jo  0/_0J!  12:_43Wo <__0:__0> v1:1    26Ga  0G!   0G?
 2 [ \   .     54V  19/_43/_43C  12:_43Jo  0/_0J!  12:_43Wo <__0:__0> v1:1    23Ga  0G!   0G?
 1 ] \  .      54V  39/_43/_43C  12:_43Jo  0/_0J!  12:_43Wo <__0:__0> v1:1    26Ga  0G!   0G?
 2 ] \   v     55V  39/_43/_43C  12:_43Jo  0/_0J!  12:_43Wo <__0:__0> v1:1    26Ga  0G!   0G?
 1   /  .      55V  39/_44/_44C  16:_47Jo  0/_2J!  16:_47Wo <__0:__0> v1:1    26Ga  0G!   0G?   3/4Pp 13/61Rq
 2   \   .     55V  39/_44/_44C  17:_48Jo  0/_2J!  14:_47Wo <__0:__0> v1:1    26Ga  0G!   0G?
 3   |    .    55V  39/_44/_44C  16:_47Jo  0/_3J!  12:_46Wo <__0:__0> v1:1    26Ga  0G!   0G?
 0   \ .       55V  39/_44/_44C  17:_48Jo  0/_5J!  12:_43Wo <__0:__0> v1:1    26Ga  0G!   0G?
 2   /   .     56V  39/_45/_45C  17:_48Jo  0/_0J!  17:_48Wo <__0:__0> v1:1    26Ga  0G!   0G?   3/4Pp  0/61Rq
 2   /   .     56V  39/_46/_46C  17:_48Jo  0/_0J!  17:_48Wo <__0:__0> v1:1    27Ga  0G!   0G?   2/4Pp  0/61Rq
 0   \ .       56V  39/_45/_46C  17:_48Jo  0/_0J!  17:_48Wo <__0:__0> v1:1    26Ga  0G!   0G?
 0   \ .       56V  39/_46/_46C  17:_48Jo  0/_0J!  17:_48Wo <__0:__0> v1:1    27Ga  0G!   0G?
 2   /   .     56V  39/_47/_47C  17:_48Jo  0/_0J!  17:_48Wo <__0:__0> v1:1    27Ga  0G!   0G?   1/4Pp  0/61Rq
 2   /   .     56V  39/_48/_48C  17:_48Jo  0/_0J!  17:_48Wo <__0:__0> v1:1    27Ga  0G!   0G?   0/4Pp  0/61Rq
 1   \  .      56V  39/_45/_48C  17:_48Jo  0/_0J!  17:_48Wo <__0:__0> v1:1    26Ga  0G!   0G?
 1   \  .      56V  39/_46/_48C  17:_48Jo  0/_0J!  17:_48Wo <__0:__0> v1:1    27Ga  0G!   0G?
 1   \  .      56V  39/_47/_48C  17:_48Jo  0/_0J!  17:_48Wo <__0:__0> v1:1    27Ga  0G!   0G?
 1   \  .      56V  39/_48/_48C  17:_48Jo  0/_0J!  17:_48Wo <__0:__0> v1:1    27Ga  0G!   0G?
 0   \ .       56V  39/_47/_48C  17:_48Jo  0/_0J!  17:_48Wo <__0:__0> v1:1    27Ga  0G!   0G?
 0   \ .       56V  39/_48/_48C  17:_48Jo  0/_0J!  17:_48Wo <__0:__0> v1:1    27Ga  0G!   0G?
 2   /   .     56V  39/_49/_49C  21:_52Jo  0/_1J!  21:_52Wo <__0:__0> v1:1    15Ga  0G!   0G?   3/4Pp 13/61Rq
 1   \  .      56V  39/_49/_49C  20:_51Jo  0/_1J!  20:_51Wo <__0:__0> v1:1    15Ga  0G!   0G?
 3   |    .    56V  39/_45/_49C  22:_53Jo  0/_5J!  17:_48Wo <__0:__0> v1:1    26Ga  0G!   0G?
 3   |    .    56V  39/_46/_49C  22:_53Jo  0/_5J!  17:_48Wo <__0:__0> v1:1    27Ga  0G!   0G?
 0   \ .       56V  39/_49/_49C  22:_53Jo  0/_4J!  17:_53Wo <__0:__0> v1:1    15Ga  0G!   0G?
 3   |    .    56V  39/_47/_49C  22:_53Jo  0/_5J!  17:_51Wo <__0:__0> v1:1    27Ga  0G!   0G?
 3   |    .    56V  39/_48/_49C  22:_53Jo  0/_4J!  17:_51Wo <__0:__0> v1:1    27Ga  0G!   0G?
 3   |    .    56V  39/_49/_49C  22:_53Jo  0/_2J!  20:_51Wo <__0:__0> v1:1    15Ga  0G!   0G?
 2   /   .     56V  39/_50/_50C  22:_53Jo  0/_0J!  22:_53Wo <__0:__0> v1:1    15Ga  0G!   0G?   3/4Pp 61/61Rq
 2   /   .     56V  39/_51/_51C  23:_54Jo  0/_1J!  22:_53Wo <__0:__0> v1:1    15Ga  0G!   0G?   3/4Pp 60/61Rq
 0   \ .       56V  39/_50/_50C  23:_54Jo  0/_1J!  22:_53Wo <__0:__0> v1:1    15Ga  0G!   0G?
 2   /   .     56V  39/_52/_52C  24:_55Jo  0/_2J!  22:_53Wo <__0:__0> v1:1    15Ga  0G!   0G?   3/4Pp 61/61Rq
 0   \ .       56V  39/_51/_52C  23:_54Jo  0/_1J!  23:_54Wo <__0:__0> v1:1    15Ga  0G!   0G?
 0   \ .       56V  39/_52/_52C  23:_54Jo  0/_1J!  23:_54Wo <__0:__0> v1:1    15Ga  0G!   0G?
 1   /  v      58V  39/_50/_52C  25:_56Jo  0/_5J!  20:_51Wo <__0:__0> v1:1    15Ga  0G!   0G?
 1   /  v      58V  39/_51/_52C  25:_56Jo  0/_5J!  20:_51Wo <__0:__0> v1:1    15Ga  0G!   0G?
 3   |    .    57V  39/_50/_52C  25:_56Jo  0/_3J!  22:_53Wo <__0:__0> v1:1    15Ga  0G!   0G?
 3   |    .    57V  39/_51/_52C  25:_56Jo  0/_3J!  22:_53Wo <__0:__0> v1:1    15Ga  0G!   0G?
 3   |    .    57V  39/_52/_52C  25:_56Jo  0/_3J!  22:_53Wo <__0:__0> v1:1    15Ga  0G!   0G?
 1   /  v      58V  39/_52/_52C  25:_56Jo  0/_3J!  22:_53Wo <__0:__0> v1:1    15Ga  0G!   0G?
 1   /  .      58V  39/_53/_53C  25:_56Jo  0/_0J!  25:_56Wo <__0:__0> v1:1    15Ga  0G!   0G?   3/4Pp 34/61Rq
 2   \   .     58V  39/_53/_53C  26:_57Jo  0/_1J!  25:_56Wo <__0:__0> v1:1    15Ga  0G!   0G?
 3   |    .    58V  39/_53/_53C  25:_56Jo  0/_1J!  24:_55Wo <__0:__0> v1:1    15Ga  0G!   0G?
 0   \ .       58V  39/_53/_53C  25:_56Jo  0/_0J!  25:_56Wo <__0:__0> v1:1    15Ga  0G!   0G?
 1   /  .      58V  39/_54/_54C  26:_57Jo  0/_0J!  26:_57Wo <__0:__0> v1:1    15Ga  0G!   0G?   3/4Pp 61/61Rq
 1   /  .      58V  39/_55/_55C  27:_58Jo  0/_1J!  26:_57Wo <__0:__0> v1:1    15Ga  0G!   0G?   3/4Pp 60/61Rq
 0   \ .       58V  39/_54/_54C  27:_58Jo  0/_2J!  25:_58Wo <__0:__0> v1:1    15Ga  0G!   0G?
 0   \ .       58V  39/_55/_55C  27:_58Jo  0/_2J!  25:_58Wo <__0:__0> v1:1    15Ga  0G!   0G?
 3   |    .    58V  39/_54/_55C  25:_56Jo  0/_0J!  25:_56Wo <__0:__0> v1:1    15Ga  0G!   0G?
 3   |    .    58V  39/_55/_55C  25:_56Jo  0/_0J!  25:_56Wo <__0:__0> v1:1    15Ga  0G!   0G?
 1   /  .      58V  39/_56/_56C  28:_59Jo  0/_2J!  26:_57Wo <__0:__0> v1:1    15Ga  0G!   0G?   3/4Pp 61/61Rq
 1   /  .      58V  39/_57/_57C  29:_60Jo  0/_3J!  26:_57Wo <__0:__0> v1:1    15Ga  0G!   0G?   3/4Pp 61/61Rq
 2   \   .     58V  39/_54/_57C  30:_61Jo  0/_3J!  26:_60Wo <__0:__0> v1:1    15Ga  0G!   0G?
 2   \   .     58V  39/_55/_57C  30:_61Jo  0/_3J!  26:_60Wo <__0:__0> v1:1    15Ga  0G!   0G?
 2   \   .     58V  39/_56/_57C  30:_61Jo  0/_3J!  26:_61Wo <__0:__0> v1:1    15Ga  0G!   0G?
 1   /  .      58V  39/_58/_58C  30:_61Jo  0/_2J!  29:_60Wo <__0:__0> v1:1    15Ga  0G!   0G?   3/4Pp 61/61Rq
 0   \ .       58V  39/_56/_57C  30:_61Jo  0/_1J!  28:_61Wo <__0:__0> v1:1    15Ga  0G!   0G?
 0   \ .       58V  39/_57/_57C  30:_61Jo  0/_1J!  28:_61Wo <__0:__0> v1:1    15Ga  0G!   0G?
 2   \   .     58V  39/_57/_57C  30:_61Jo  0/_1J!  26:_61Wo <__0:__0> v1:1    15Ga  0G!   0G?
 3   |    .    58V  39/_56/_57C  30:_61Jo  0/_2J!  28:_61Wo <__0:__0> v1:1    15Ga  0G!   0G?
 3   |    .    58V  39/_57/_57C  30:_61Jo  0/_2J!  28:_61Wo <__0:__0> v1:1    15Ga  0G!   0G?
 0   / .       60V  39/_58/_58C  30:_61Jo  0/_0J!  30:_61Wo <__0:__0> v1:1    15Ga  0G!   0G?   3/4Pp 43/61Rq
 3   |    .    60V  39/_58/_58C  30:_61Jo  0/_0J!  30:_61Wo <__0:__0> v1:1    15Ga  0G!   0G?
 0   / .       60V  39/_59/_59C  31:_62Jo  0/_0J!  31:_62Wo <__0:__0> v1:1    24Ga  0G!   0G?   3/4Pp 53/61Rq
 1   /  v      61V  39/_59/_59C  32:_63Jo  0/_1J!  31:_62Wo <__0:__0> v1:1    24Ga  0G!   0G?
 2   /   v     62V  39/_58/_59C  32:_63Jo  0/_2J!  30:_61Wo <__0:__0> v1:1    15Ga  0G!   0G?
 2   \   v     63V  39/_59/_59C  32:_63Jo  0/_1J!  30:_63Wo <__0:__0> v1:1    24Ga  0G!   0G?
 3   |    .    64V  39/_59/_59C  32:_63Jo  0/_2J!  30:_61Wo <__0:__0> v1:1    24Ga  0G!   0G?
 1   /  .      64V  39/_60/_60C  32:_63Jo  0/_0J!  32:_63Wo <__0:__0> v1:1    29Ga  0G!   0G?   3/4Pp  0/61Rq
 1   /  .      64V  39/_61/_61C  32:_63Jo  0/_0J!  32:_63Wo <__0:__0> v1:1    29Ga  0G!   0G?   2/4Pp  0/61Rq
 1   /  .      64V  39/_62/_62C  32:_63Jo  0/_0J!  32:_63Wo <__0:__0> v1:1    29Ga  0G!   0G?   1/4Pp  0/61Rq
 2   \   .     64V  39/_60/_61C  32:_63Jo  0/_0J!  32:_63Wo <__0:__0> v1:1    29Ga  0G!   0G?
 2   \   .     64V  39/_61/_61C  32:_63Jo  0/_0J!  32:_63Wo <__0:__0> v1:1    29Ga  0G!   0G?
 2   \   .     64V  39/_62/_62C  32:_63Jo  0/_0J!  32:_63Wo <__0:__0> v1:1    29Ga  0G!   0G?
 3   |    .    64V  39/_60/_62C  32:_63Jo  0/_2J!  32:_63Wo <__0:__0> v1:1    29Ga  0G!   0G?
 3   |    .    64V  39/_61/_62C  32:_63Jo  0/_2J!  32:_63Wo <__0:__0> v1:1    29Ga  0G!   0G?
 3   |    .    64V  39/_62/_62C  32:_63Jo  0/_2J!  32:_63Wo <__0:__0> v1:1    29Ga  0G!   0G?
 1   /  .      64V  39/_63/_63C  32:_63Jo  0/_0J!  32:_63Wo <__0:__0> v1:1    38Ga  0G!   0G?   0/4Pp  0/61Rq
 1 [ /  .      64V  39/_63/_63C  32:_63Jo  0/_0J!  32:_63Wo <__0:__0> v1:1    43Ga  0G!   0G?   0/4Pp  0/61Rq
 3   |    .    64V  39/_63/_63C  32:_63Jo  0/_0J!  32:_63Wo <__0:__0> v1:1    38Ga  0G!   0G?
 0   \ .       64V  39/_60/_63C  32:_63Jo  0/_0J!  32:_63Wo <__0:__0> v1:1    29Ga  0G!   0G?
 0   \ .       64V  39/_61/_63C  32:_63Jo  0/_0J!  32:_63Wo <__0:__0> v1:1    29Ga  0G!   0G?
 0   \ .       64V  39/_62/_63C  32:_63Jo  0/_0J!  32:_63Wo <__0:__0> v1:1    29Ga  0G!   0G?
 3 [ |    .    64V  39/_63/_63C  32:_63Jo  0/_0J!  32:_63Wo <__0:__0> v1:1    43Ga  0G!   0G?
 0   \ .       64V  39/_63/_63C  32:_63Jo  0/_0J!  32:_63Wo <__0:__0> v1:1    38Ga  0G!   0G?
 1 ] /  .      64V  59/_63/_63C  32:_63Jo  0/_0J!  32:_63Wo <__0:__0> v1:1    46Ga  0G!   0G?   0/4Pp  0/61Rq
 0 [ \ v       65V  39/_63/_63C  32:_63Jo  0/_0J!  32:_63Wo <__0:__0> v1:1    43Ga  0G!   0G?
 3 ] |    .    64V  59/_63/_63C  32:_63Jo  0/_0J!  32:_63Wo <__0:__0> v1:1    46Ga  0G!   0G?
 0 ] \ v       65V  59/_63/_63C  32:_63Jo  0/_0J!  32:_63Wo <__0:__0> v1:1    46Ga  0G!   0G?
 2   \   .     67V  39/_63/_63C  32:_63Jo  0/_0J!  32:_63Wo <__0:__0> v1:1    38Ga  0G!   0G?
 2 [ \   .     67V  39/_63/_63C  32:_63Jo  0/_0J!  32:_63Wo <__0:__0> v1:1    43Ga  0G!   0G?
 2 ] /   v     68V  59/_63/_63C  32:_63Jo  0/_0J!  32:_63Wo <__0:__0> v1:1    46Ga  0G!   0G?
 0   / .       69V  59/_64/_64C  36:_67Jo  0/_0J!  36:_67Wo <__0:__0> v1:1    46Ga  0G!   0G?   3/4Pp 48/61Rq
 0   / .       69V  59/_65/_65C  37:_68Jo  0/_1J!  36:_67Wo <__0:__0> v1:1    46Ga  0G!   0G?   3/4Pp 47/61Rq
 2   \   .     69V  59/_64/_64C  33:_68Jo  0/_1J!  33:_64Wo <__0:__0> v1:1    46Ga  0G!   0G?
 0   / .       69V  59/_66/_66C  38:_69Jo  0/_2J!  36:_67Wo <__0:__0> v1:1    47Ga  0G!   0G?   3/4Pp 49/61Rq
 3   |    .    69V  59/_64/_64C  37:_68Jo  0/_5J!  32:_63Wo <__0:__0> v1:1    46Ga  0G!   0G?
 0   / .       69V  59/_67/_67C  39:_70Jo  0/_3J!  38:_69Wo <__0:__0> v1:1    47Ga  0G!   0G?   3/4Pp 51/61Rq
 1   \  .      69V  59/_64/_67C  36:_71Jo  0/_1J!  36:_67Wo <__0:__0> v1:1    46Ga  0G!   0G?
 1   \  .      69V  59/_65/_67C  36:_71Jo  0/_1J!  36:_67Wo <__0:__0> v1:1    46Ga  0G!   0G?
 1   \  .      69V  59/_66/_67C  36:_71Jo  0/_1J!  36:_67Wo <__0:__0> v1:1    47Ga  0G!   0G?
 0   / .       69V  59/_68/_68C  40:_71Jo  0/_3J!  38:_69Wo <__0:__0> v1:1    47Ga  0G!   0G?   3/4Pp 54/61Rq
 1   \  .      69V  59/_67/_68C  37:_71Jo  0/_2J!  36:_71Wo <__0:__0> v1:1    47Ga  0G!   0G?
 2   \   .     69V  59/_65/_66C  39:_70Jo  0/_4J!  33:_70Wo <__0:__0> v1:1    46Ga  0G!   0G?
 3   |    .    69V  59/_65/_65C  38:_69Jo  0/_4J!  33:_68Wo <__0:__0> v1:1    46Ga  0G!   0G?
 1   \  .      69V  59/_68/_68C  37:_71Jo  0/_2J!  37:_71Wo <__0:__0> v1:1    47Ga  0G!   0G?
 0   / .       69V  59/_69/_69C  41:_72Jo  0/_1J!  39:_72Wo <__0:__0> v1:1    23Ga  0G!   0G?   3/4Pp 61/61Rq
 1   \  .      69V  59/_69/_69C  42:_73Jo  0/_2J!  38:_72Wo <__0:__0> v1:1    23Ga  0G!   0G?
 2   \   .     69V  59/_66/_67C  40:_71Jo  0/_2J!  34:_71Wo <__0:__0> v1:1    47Ga  0G!   0G?
 2   \   .     69V  59/_67/_67C  40:_71Jo  0/_2J!  34:_71Wo <__0:__0> v1:1    47Ga  0G!   0G?
 3   |    .    69V  59/_66/_69C  38:_69Jo  0/_2J!  34:_69Wo <__0:__0> v1:1    47Ga  0G!   0G?
 3   |    .    69V  59/_67/_69C  38:_69Jo  0/_2J!  34:_69Wo <__0:__0> v1:1    47Ga  0G!   0G?
 3   |    .    69V  59/_68/_69C  38:_69Jo  0/_2J!  35:_69Wo <__0:__0> v1:1    47Ga  0G!   0G?
 3   |    .    69V  59/_69/_69C  38:_69Jo  0/_2J!  35:_69Wo <__0:__0> v1:1    23Ga  0G!   0G?
 2   /   v     71V  59/_68/_69C  42:_73Jo  0/_2J!  40:_71Wo <__0:__0> v1:1    47Ga  0G!   0G?
 2   /   v     71V  59/_69/_69C  42:_73Jo  0/_2J!  40:_71Wo <__0:__0> v1:1    23Ga  0G!   0G?
 2   /   .     71V  59/_70/_70C  42:_73Jo  0/_0J!  42:_73Wo <__0:__0> v1:1    23Ga  0G!   0G?   3/4Pp  1/61Rq
 2   /   .     71V  59/_71/_71C  43:_74Jo  0/_1J!  42:_73Wo <__0:__0> v1:1    23Ga  0G!   0G?   3/4Pp  0/61Rq
 3   |    .    71V  59/_70/_71C  42:_73Jo  0/_4J!  38:_69Wo <__0:__0> v1:1    23Ga  0G!   0G?
 3   |    .    71V  59/_71/_71C  42:_73Jo  0/_4J!  38:_69Wo <__0:__0> v1:1    23Ga  0G!   0G?
 0   / .       72V  59/_70/_70C  42:_73Jo  0/_0J!  42:_73Wo <__0:__0> v1:1    23Ga  0G!   0G?   3/4Pp 35/61Rq
 1   \  .      72V  59/_70/_70C  43:_74Jo  0/_1J!  42:_73Wo <__0:__0> v1:1    23Ga  0G!   0G?
 1   /  v      73V  59/_71/_71C  43:_74Jo  0/_0J!  43:_74Wo <__0:__0> v1:1    23Ga  0G!   0G?
 0   \ .       73V  59/_71/_71C  43:_74Jo  0/_0J!  43:_74Wo <__0:__0> v1:1    23Ga  0G!   0G?
 1   /  .      73V  59/_72/_72C  43:_74Jo  0/_0J!  43:_74Wo <__0:__0> v1:1    23Ga  0G!   0G?   2/4Pp  0/61Rq
 1   /  .      73V  59/_73/_73C  43:_74Jo  0/_0J!  43:_74Wo <__0:__0> v1:1    23Ga  0G!   0G?   1/4Pp  0/61Rq
 1   /  .      73V  59/_74/_74C  43:_74Jo  0/_0J!  43:_74Wo <__0:__0> v1:1    23Ga  0G!   0G?   0/4Pp  0/61Rq
 3   |    .    73V  59/_72/_74C  43:_74Jo  0/_0J!  43:_74Wo <__0:__0> v1:1    23Ga  0G!   0G?
 3   |    .    73V  59/_73/_74C  43:_74Jo  0/_0J!  43:_74Wo <__0:__0> v1:1    23Ga  0G!   0G?
 0   \ .       73V  59/_72/_74C  43:_74Jo  0/_0J!  43:_74Wo <__0:__0> v1:1    23Ga  0G!   0G?
 0   \ .       73V  59/_73/_74C  43:_74Jo  0/_0J!  43:_74Wo <__0:__0> v1:1    23Ga  0G!   0G?
 3   |    .    73V  59/_74/_74C  43:_74Jo  0/_0J!  43:_74Wo <__0:__0> v1:1    23Ga  0G!   0G?
 2   \   .     73V  59/_72/_74C  43:_74Jo  0/_0J!  43:_74Wo <__0:__0> v1:1    23Ga  0G!   0G?
 2   \   .     73V  59/_73/_74C  43:_74Jo  0/_0J!  43:_74Wo <__0:__0> v1:1    23Ga  0G!   0G?
 0   \ .       73V  59/_74/_74C  43:_74Jo  0/_0J!  43:_74Wo <__0:__0> v1:1    23Ga  0G!   0G?
 2   \   .     73V  59/_74/_74C  43:_74Jo  0/_0J!  43:_74Wo <__0:__0> v1:1    23Ga  0G!   0G?
 0   / .       75V  59/_75/_75C  47:_78Jo  0/_0J!  47:_78Wo <__0:__0> v1:1    23Ga  0G!   0G?   3/4Pp 33/61Rq
 1   \  .      75V  59/_75/_75C  47:_78Jo  0/_1J!  45:_78Wo <__0:__0> v1:1    23Ga  0G!   0G?
 0   / .       75V  59/_76/_76C  48:_79Jo  0/_0J!  48:_79Wo <__0:__0> v1:1    23Ga  0G!   0G?   3/4Pp 34/61Rq
 3   |    .    75V  59/_75/_75C  46:_77Jo  0/_0J!  46:_77Wo <__0:__0> v1:1    23Ga  0G!   0G?
 2   \   .     75V  59/_75/_76C  47:_80Jo  0/_2J!  43:_78Wo <__0:__0> v1:1    23Ga  0G!   0G?
 2   \   .     75V  59/_76/_76C  47:_80Jo  0/_2J!  43:_78Wo <__0:__0> v1:1    23Ga  0G!   0G?
 3   |    .    75V  59/_76/_76C  46:_77Jo  0/_0J!  46:_77Wo <__0:__0> v1:1    23Ga  0G!   0G?
 0   / .       75V  59/_77/_77C  49:_80Jo  0/_0J!  49:_80Wo <__0:__0> v1:1    23Ga  0G!   0G?   3/4Pp 33/61Rq
 0   / .       75V  59/_78/_78C  50:_81Jo  0/_1J!  49:_80Wo <__0:__0> v1:1    23Ga  0G!   0G?   3/4Pp 32/61Rq
 2   \   .     75V  59/_77/_77C  50:_81Jo  0/_2J!  49:_80Wo <__0:__0> v1:1    23Ga  0G!   0G?
 2   \   .     75V  59/_78/_78C  51:_82Jo  0/_2J!  49:_80Wo <__0:__0> v1:1    23Ga  0G!   0G?
 0   / .       75V  59/_79/_79C  51:_82Jo  0/_2J!  49:_82Wo <__0:__0> v1:1    23Ga  0G!   0G?   3/4Pp 31/61Rq
 2   \   .     75V  59/_79/_79C  52:_83Jo  0/_2J!  51:_82Wo <__0:__0> v1:1    23Ga  0G!   0G?
 3   |    .    75V  59/_77/_79C  46:_83Jo  0/_1J!  46:_77Wo <__0:__0> v1:1    23Ga  0G!   0G?
 1   /  v      76V  59/_76/_79C  52:_83Jo  0/_5J!  47:_78Wo <__0:__0> v1:1    23Ga  0G!   0G?
 1   /  v      76V  59/_77/_79C  52:_83Jo  0/_5J!  47:_78Wo <__0:__0> v1:1    23Ga  0G!   0G?
 1   /  v      76V  59/_78/_79C  52:_83Jo  0/_5J!  47:_78Wo <__0:__0> v1:1    23Ga  0G!   0G?
 1   /  v      76V  59/_79/_79C  52:_83Jo  0/_5J!  48:_79Wo <__0:__0> v1:1    23Ga  0G!   0G?
 3   |    .    75V  59/_78/_79C  52:_83Jo  0/_5J!  46:_83Wo <__0:__0> v1:1    23Ga  0G!   0G?
 3   |    .    75V  59/_79/_79C  52:_83Jo  0/_5J!  46:_83Wo <__0:__0> v1:1    23Ga  0G!   0G?
 1   /  .      76V  59/_80/_80C  52:_83Jo  0/_0J!  52:_83Wo <__0:__0> v1:1    23Ga  0G!   0G?   3/4Pp  0/61Rq
 2   \   .     76V  59/_80/_80C  52:_83Jo  0/_0J!  52:_83Wo <__0:__0> v1:1    23Ga  0G!   0G?
 3   |    .    76V  59/_80/_80C  52:_83Jo  0/_0J!  52:_83Wo <__0:__0> v1:1    23Ga  0G!   0G?
 0   / v       78V  59/_80/_80C  52:_83Jo  0/_0J!  52:_83Wo <__0:__0> v1:1    23Ga  0G!   0G?
 0   / .       78V  59/_81/_81C  52:_83Jo  0/_0J!  52:_83Wo <__0:__0> v1:1    23Ga  0G!   0G?   2/4Pp  0/61Rq
 3   |    .    78V  59/_81/_81C  52:_83Jo  0/_0J!  52:_83Wo <__0:__0> v1:1    23Ga  0G!   0G?
 1   \  .      78V  59/_81/_81C  52:_83Jo  0/_0J!  52:_83Wo <__0:__0> v1:1    23Ga  0G!   0G?
 0   / .       78V  59/_82/_82C  52:_83Jo  0/_0J!  52:_83Wo <__0:__0> v1:1    23Ga  0G!   0G?   1/4Pp  0/61Rq
 0   / .       78V  59/_83/_83C  52:_83Jo  0/_0J!  52:_83Wo <__0:__0> v1:1    32Ga  0G!   0G?   0/4Pp  0/61Rq
 1   \  .      78V  59/_82/_82C  52:_83Jo  0/_0J!  52:_83Wo <__0:__0> v1:1    23Ga  0G!   0G?
 3   |    .    78V  59/_82/_82C  52:_83Jo  0/_0J!  52:_83Wo <__0:__0> v1:1    23Ga  0G!   0G?
 0 [ / .       78V  59/_83/_83C  52:_83Jo  0/_0J!  52:_83Wo <__0:__0> v1:1    38Ga  0G!   0G?   0/4Pp  0/61Rq
 2   \   .     78V  59/_81/_83C  52:_83Jo  0/_0J!  52:_83Wo <__0:__0> v1:1    23Ga  0G!   0G?
 2   \   .     78V  59/_82/_83C  52:_83Jo  0/_0J!  52:_83Wo <__0:__0> v1:1    23Ga  0G!   0G?
 1   \  .      78V  59/_83/_83C  52:_83Jo  0/_0J!  52:_83Wo <__0:__0> v1:1    32Ga  0G!   0G?
 1 [ \  .      78V  59/_83/_83C  52:_83Jo  0/_0J!  52:_83Wo <__0:__0> v1:1    38Ga  0G!   0G?
 3   |    .    78V  59/_83/_83C  52:_83Jo  0/_0J!  52:_83Wo <__0:__0> v1:1    32Ga  0G!   0G?
 2   \   .     78V  59/_83/_83C  52:_83Jo  0/_0J!  52:_83Wo <__0:__0> v1:1    32Ga  0G!   0G?
 1 ] \  .      78V  79/_83/_83C  52:_83Jo  0/_0J!  52:_83Wo <__0:__0> v1:1    41Ga  0G!   0G?
 3 [ |    .    78V  59/_83/_83C  52:_83Jo  0/_0J!  52:_83Wo <__0:__0> v1:1    38Ga  0G!   0G?
thread 1205995 panic: reached unreachable code
/Users/g/archerdb/src/testing/cluster/grid_checker.zig:39:20: 0x1048c1a5f in assert_coherent (vopr)
            checker.disabled = true;
                   ^
/Users/g/archerdb/src/vsr/grid.zig:1326:40: 0x1048a12cb in assert_coherent (vopr)
                checker.assert_coherent(
                                       ^
/Users/g/archerdb/src/vsr/grid.zig:820:33: 0x1048b56e7 in write_block (vopr)
            grid.assert_coherent(header.address, header.checksum);
                                ^
/Users/g/archerdb/src/vsr/checkpoint_trailer.zig:425:40: 0x1048edbc3 in checkpoint_write_next (vopr)
            trailer.grid.?.create_block(checkpoint_write_next_callback, &trailer.write, block);
                                       ^
/Users/g/archerdb/src/vsr/checkpoint_trailer.zig:372:46: 0x1048dfceb in checkpoint (vopr)
                trailer.checkpoint_write_next();
                                             ^
/Users/g/archerdb/src/vsr/replica.zig:5186:28: 0x1048bc2db in commit_dispatch (vopr)
                .checkpoint(commit_checkpoint_data_client_sessions_callback);
                           ^
/Users/g/archerdb/src/testing/storage.zig:407:31: 0x10484868b in step (vopr)
            next_tick.callback(next_tick);
                              ^
/Users/g/archerdb/src/testing/cluster.zig:560:44: 0x1048547c3 in tick (vopr)
                    advanced = storage.step() or advanced;
                                           ^
/Users/g/archerdb/src/vopr.zig:883:31: 0x10484309f in tick (vopr)
        simulator.cluster.tick();
                              ^
/Users/g/archerdb/src/vopr.zig:321:23: 0x10483ff4b in main (vopr)
        simulator.tick();
                      ^
/Users/g/archerdb/zig/lib/std/start.zig:660:37: 0x104845423 in main (vopr)
            const result = root.main() catch |err| {
                                    ^
???:?:?: 0x188225d53 in ??? (???)
???:?:?: 0x0 in ??? (???)
