
          SEED=46

          replicas=3
          standbys=4
          clients=4
          request_probability=22/100
          idle_on_probability=19/100
          idle_off_probability=20/100
          one_way_delay_mean=60.305ms
          one_way_delay_min=3.306ms
          packet_loss_probability=3/100
          path_maximum_capacity=18 messages
          path_clog_duration_mean=2.301s
          path_clog_probability=1/100
          packet_replay_probability=11/100
          partition_mode=none
          partition_symmetry=symmetric
          partition_probability=3/100
          unpartition_probability=10/100
          partition_stability=166 ticks
          unpartition_stability=4 ticks
          read_latency_min=25.881ms
          read_latency_mean=61.638ms
          write_latency_min=7.535ms
          write_latency_mean=475.414ms
          read_fault_probability=2/100
          write_fault_probability=6/100
          crash_probability=2/10000000
          crash_stability=922 ticks
          restart_probability=2/1000000
          restart_stability=673 ticks
 1   /  .          4V   0/__1/__1C   0:__3Jo  0/_0J!   0:_31Wo <__0:__0> v1:1     0Ga  0G!   0G?   2/4Pp  0/61Rq
 1   /  .          4V   0/__2/__2C   0:__3Jo  0/_0J!   0:_31Wo <__0:__0> v1:1     0Ga  0G!   0G?   1/4Pp  0/61Rq
 0   \ .           4V   0/__1/__1C   0:__3Jo  0/_0J!   0:_31Wo <__0:__0> v1:1     0Ga  0G!   0G?
 2   \   .         4V   0/__1/__1C   0:__3Jo  0/_0J!   0:_31Wo <__0:__0> v1:1     0Ga  0G!   0G?
 0   \ .           4V   0/__2/__2C   0:__3Jo  0/_0J!   0:_31Wo <__0:__0> v1:1     0Ga  0G!   0G?
 2   \   .         4V   0/__2/__2C   0:__3Jo  0/_0J!   0:_31Wo <__0:__0> v1:1     0Ga  0G!   0G?
 1   /  .          4V   0/__3/__3C   0:__3Jo  0/_0J!   0:_31Wo <__0:__0> v1:1     0Ga  0G!   0G?   0/4Pp  0/61Rq
 2   \   .         4V   0/__3/__3C   0:__3Jo  0/_0J!   0:_31Wo <__0:__0> v1:1     0Ga  0G!   0G?
 0   \ .           4V   0/__3/__3C   0:__3Jo  0/_0J!   0:_31Wo <__0:__0> v1:1     0Ga  0G!   0G?
 3   |    .        4V   0/__1/__2C   0:__3Jo  0/_1J!   0:_31Wo <__0:__0> v1:1     0Ga  0G!   0G?
 3   |    .        4V   0/__2/__2C   0:__3Jo  0/_1J!   0:_31Wo <__0:__0> v1:1     0Ga  0G!   0G?
 4   |     .       4V   0/__1/__2C   0:__2Jo  0/_2J!   0:_31Wo <__0:__0> v1:1     0Ga  0G!   0G?
 4   |     .       4V   0/__2/__2C   0:__2Jo  0/_2J!   0:_31Wo <__0:__0> v1:1     0Ga  0G!   0G?
 3   |    .        4V   0/__3/__3C   0:__3Jo  0/_0J!   0:_31Wo <__0:__0> v1:1     0Ga  0G!   0G?
 6   |       .     4V   0/__1/__3C   0:__5Jo  0/_5J!   0:_31Wo <__0:__0> v1:1     0Ga  0G!   0G?
 4   |     .       4V   0/__3/__3C   0:__3Jo  0/_2J!   0:_31Wo <__0:__0> v1:1     0Ga  0G!   0G?
 6   |       .     4V   0/__2/__3C   0:__5Jo  0/_5J!   0:_31Wo <__0:__0> v1:1     0Ga  0G!   0G?
 6   |       .     4V   0/__3/__3C   0:__5Jo  0/_4J!   0:_31Wo <__0:__0> v1:1     0Ga  0G!   0G?
 5   |      .      4V   0/__1/__3C   0:__2Jo  0/_2J!   0:_31Wo <__0:__0> v1:1     0Ga  0G!   0G?
 5   |      .      4V   0/__2/__3C   0:__2Jo  0/_2J!   0:_31Wo <__0:__0> v1:1     0Ga  0G!   0G?
 1   /  .          4V   0/__4/__4C   0:__7Jo  0/_1J!   0:_31Wo <__0:__0> v1:1     0Ga  0G!   0G?   3/4Pp  0/61Rq
 1   /  .          4V   0/__5/__5C   0:__7Jo  0/_1J!   0:_31Wo <__0:__0> v1:1     0Ga  0G!   0G?   2/4Pp  0/61Rq
 1   /  .          4V   0/__6/__6C   0:__7Jo  0/_1J!   0:_31Wo <__0:__0> v1:1     0Ga  0G!   0G?   1/4Pp  0/61Rq
 5   |      .      4V   0/__3/__3C   0:__3Jo  0/_2J!   0:_31Wo <__0:__0> v1:1     0Ga  0G!   0G?
 3   |    .        4V   0/__4/__6C   0:__7Jo  0/_4J!   0:_31Wo <__0:__0> v1:1     0Ga  0G!   0G?
 3   |    .        4V   0/__5/__6C   0:__7Jo  0/_4J!   0:_31Wo <__0:__0> v1:1     0Ga  0G!   0G?
 3   |    .        4V   0/__6/__6C   0:__7Jo  0/_2J!   0:_31Wo <__0:__0> v1:1     0Ga  0G!   0G?
 6   |       .     4V   0/__4/__6C   0:__5Jo  0/_2J!   0:_31Wo <__0:__0> v1:1     0Ga  0G!   0G?
 6   |       .     4V   0/__5/__6C   0:__5Jo  0/_2J!   0:_31Wo <__0:__0> v1:1     0Ga  0G!   0G?
 2   \   .         4V   0/__4/__6C   0:__7Jo  0/_1J!   0:_31Wo <__0:__0> v1:1     0Ga  0G!   0G?
 2   \   .         4V   0/__5/__6C   0:__7Jo  0/_1J!   0:_31Wo <__0:__0> v1:1     0Ga  0G!   0G?
 2   /   v         5V   0/__6/__6C   0:__8Jo  0/_1J!   0:_31Wo <__0:__0> v1:1     0Ga  0G!   0G?
 5   |      .      4V   0/__4/__6C   0:__5Jo  0/_2J!   0:_31Wo <__0:__0> v1:1     0Ga  0G!   0G?
 5   |      .      4V   0/__5/__6C   0:__5Jo  0/_2J!   0:_31Wo <__0:__0> v1:1     0Ga  0G!   0G?
 5   |      .      4V   0/__6/__6C   0:__7Jo  0/_3J!   0:_31Wo <__0:__0> v1:1     0Ga  0G!   0G?
 6   |       .     4V   0/__6/__6C   0:__6Jo  0/_1J!   0:_31Wo <__0:__0> v1:1     0Ga  0G!   0G?
 4   |     .       4V   0/__4/__6C   0:__7Jo  0/_0J!   0:_31Wo <__0:__0> v1:1     0Ga  0G!   0G?
 4   |     .       4V   0/__5/__6C   0:__7Jo  0/_0J!   0:_31Wo <__0:__0> v1:1     0Ga  0G!   0G?
 4   |     .       4V   0/__6/__6C   0:__7Jo  0/_0J!   0:_31Wo <__0:__0> v1:1     0Ga  0G!   0G?
 0   \ .           5V   0/__4/__6C   0:__8Jo  0/_5J!   0:_31Wo <__0:__0> v1:1     0Ga  0G!   0G?
 0   \ .           5V   0/__5/__6C   0:__8Jo  0/_5J!   0:_31Wo <__0:__0> v1:1     0Ga  0G!   0G?
 0   / v           6V   0/__6/__6C   0:__8Jo  0/_4J!   0:_31Wo <__0:__0> v1:1     0Ga  0G!   0G?
 1   /  .          7V   0/__7/__7C   0:__9Jo  0/_1J!   0:_31Wo <__0:__0> v1:1     0Ga  0G!   0G?   2/4Pp  0/61Rq
 1   /  .          7V   0/__8/__8C   0:__9Jo  0/_1J!   0:_31Wo <__0:__0> v1:1     0Ga  0G!   0G?   1/4Pp  0/61Rq
 2   \   .         7V   0/__7/__8C   0:__9Jo  0/_1J!   0:_31Wo <__0:__0> v1:1     0Ga  0G!   0G?
 2   \   .         7V   0/__8/__8C   0:__9Jo  0/_1J!   0:_31Wo <__0:__0> v1:1     0Ga  0G!   0G?
 0   \ .           7V   0/__7/__8C   0:__8Jo  0/_0J!   0:_31Wo <__0:__0> v1:1     0Ga  0G!   0G?
 4   |     .       7V   0/__7/__8C   0:__8Jo  0/_0J!   0:_31Wo <__0:__0> v1:1     0Ga  0G!   0G?
 4   |     .       7V   0/__8/__8C   0:__8Jo  0/_0J!   0:_31Wo <__0:__0> v1:1     0Ga  0G!   0G?
 0   \ .           7V   0/__8/__8C   0:__8Jo  0/_0J!   0:_31Wo <__0:__0> v1:1     0Ga  0G!   0G?
 6   |       .     7V   0/__7/__8C   0:__8Jo  0/_0J!   0:_31Wo <__0:__0> v1:1     0Ga  0G!   0G?
 6   |       .     7V   0/__8/__8C   0:__8Jo  0/_0J!   0:_31Wo <__0:__0> v1:1     0Ga  0G!   0G?
 3   |    .        7V   0/__7/__8C   0:_10Jo  0/_3J!   0:_31Wo <__0:__0> v1:1     0Ga  0G!   0G?
 3   |    .        7V   0/__8/__8C   0:_11Jo  0/_3J!   0:_31Wo <__0:__0> v1:1     0Ga  0G!   0G?
 1   /  .          7V   0/__9/__9C   0:_11Jo  0/_0J!   0:_31Wo <__0:__0> v1:1     0Ga  0G!   0G?   2/4Pp  0/61Rq
 1   /  .          7V   0/_10/_10C   0:_11Jo  0/_0J!   0:_31Wo <__0:__0> v1:1     0Ga  0G!   0G?   1/4Pp  0/61Rq
 1   /  .          7V   0/_11/_11C   0:_11Jo  0/_0J!   0:_31Wo <__0:__0> v1:1     0Ga  0G!   0G?   0/4Pp  0/61Rq
 3   |    .        7V   0/__9/_11C   0:_11Jo  0/_0J!   0:_31Wo <__0:__0> v1:1     0Ga  0G!   0G?
 3   |    .        7V   0/_10/_11C   0:_11Jo  0/_0J!   0:_31Wo <__0:__0> v1:1     0Ga  0G!   0G?
 0   \ .           7V   0/__9/_11C   0:_12Jo  0/_1J!   0:_31Wo <__0:__0> v1:1     0Ga  0G!   0G?
 0   \ .           7V   0/_10/_11C   0:_12Jo  0/_1J!   0:_31Wo <__0:__0> v1:1     0Ga  0G!   0G?
 2   \   .         7V   0/__9/_11C   0:_11Jo  0/_0J!   0:_31Wo <__0:__0> v1:1     0Ga  0G!   0G?
 2   \   .         7V   0/_10/_11C   0:_11Jo  0/_0J!   0:_31Wo <__0:__0> v1:1     0Ga  0G!   0G?
 3   |    .        7V   0/_11/_11C   0:_11Jo  0/_0J!   0:_31Wo <__0:__0> v1:1     0Ga  0G!   0G?
 4   |     .       7V   0/__9/_11C   0:_10Jo  0/_0J!   0:_31Wo <__0:__0> v1:1     0Ga  0G!   0G?
 4   |     .       7V   0/_10/_11C   0:_10Jo  0/_0J!   0:_31Wo <__0:__0> v1:1     0Ga  0G!   0G?
 2   \   .         7V   0/_11/_11C   0:_12Jo  0/_1J!   0:_31Wo <__0:__0> v1:1     0Ga  0G!   0G?
 0   \ .           7V   0/_11/_11C   0:_12Jo  0/_0J!   0:_31Wo <__0:__0> v1:1     0Ga  0G!   0G?
 1   /  .          7V   0/_12/_12C   0:_12Jo  0/_0J!   0:_31Wo <__0:__0> v1:1     0Ga  0G!   0G?   0/4Pp  0/61Rq
 0   \ .           7V   0/_12/_12C   0:_12Jo  0/_0J!   0:_31Wo <__0:__0> v1:1     0Ga  0G!   0G?
 2   \   .         7V   0/_12/_12C   0:_12Jo  0/_1J!   0:_31Wo <__0:__0> v1:1     0Ga  0G!   0G?
 6   |       .     7V   0/__9/_11C   0:_10Jo  0/_0J!   0:_31Wo <__0:__0> v1:1     0Ga  0G!   0G?
 6   |       .     7V   0/_10/_11C   0:_10Jo  0/_0J!   0:_31Wo <__0:__0> v1:1     0Ga  0G!   0G?
 1   /  .          7V   0/_13/_13C   0:_14Jo  0/_1J!   0:_31Wo <__0:__0> v1:1     0Ga  0G!   0G?   1/4Pp  0/61Rq
 2   \   .         7V   0/_13/_13C   0:_14Jo  0/_2J!   0:_31Wo <__0:__0> v1:1     0Ga  0G!   0G?
 5   |      .      7V   0/__7/_13C   0:_14Jo  0/_6J!   0:_31Wo <__0:__0> v1:1     0Ga  0G!   0G?
 5   |      .      7V   0/__8/_13C   0:_14Jo  0/_6J!   0:_31Wo <__0:__0> v1:1     0Ga  0G!   0G?
 5   |      .      7V   0/__9/_13C   0:_14Jo  0/_6J!   0:_31Wo <__0:__0> v1:1     0Ga  0G!   0G?
 0   \ .           7V   0/_13/_13C   0:_14Jo  0/_0J!   0:_31Wo <__0:__0> v1:1     0Ga  0G!   0G?
 5   |      .      7V   0/_10/_13C   0:_14Jo  0/_6J!   0:_31Wo <__0:__0> v1:1     0Ga  0G!   0G?
 5   |      .      7V   0/_11/_13C   0:_14Jo  0/_5J!   0:_31Wo <__0:__0> v1:1     0Ga  0G!   0G?
 6   |       .     7V   0/_11/_12C   0:_11Jo  0/_1J!   0:_31Wo <__0:__0> v1:1     0Ga  0G!   0G?
 1   /  .          7V   0/_14/_14C   0:_14Jo  0/_0J!   0:_31Wo <__0:__0> v1:1     0Ga  0G!   0G?   0/4Pp  0/61Rq
 0   \ .           7V   0/_14/_14C   0:_15Jo  0/_1J!   0:_31Wo <__0:__0> v1:1     0Ga  0G!   0G?
 4   |     .       7V   0/_11/_14C   0:_14Jo  0/_4J!   0:_31Wo <__0:__0> v1:1     0Ga  0G!   0G?
 4   |     .       7V   0/_12/_14C   0:_14Jo  0/_4J!   0:_31Wo <__0:__0> v1:1     0Ga  0G!   0G?
 5   |      .      7V   0/_12/_14C   0:_14Jo  0/_4J!   0:_31Wo <__0:__0> v1:1     0Ga  0G!   0G?
 4   |     .       7V   0/_13/_14C   0:_14Jo  0/_2J!   0:_31Wo <__0:__0> v1:1     0Ga  0G!   0G?
 4   |     .       7V   0/_14/_14C   0:_14Jo  0/_2J!   0:_31Wo <__0:__0> v1:1     0Ga  0G!   0G?
 1   /  .          7V   0/_15/_15C   0:_16Jo  0/_0J!   0:_31Wo <__0:__0> v1:1     0Ga  0G!   0G?   1/4Pp  0/61Rq
 1   /  .          7V   0/_16/_16C   0:_17Jo  0/_1J!   0:_31Wo <__0:__0> v1:1     0Ga  0G!   0G?   1/4Pp  0/61Rq
 5   |      .      7V   0/_13/_14C   0:_14Jo  0/_2J!   0:_31Wo <__0:__0> v1:1     0Ga  0G!   0G?
 5   |      .      7V   0/_14/_14C   0:_14Jo  0/_2J!   0:_31Wo <__0:__0> v1:1     0Ga  0G!   0G?
 6   |       .     7V   0/_12/_16C   0:_17Jo  0/_6J!   0:_31Wo <__0:__0> v1:1     0Ga  0G!   0G?
 6   |       .     7V   0/_13/_16C   0:_17Jo  0/_6J!   0:_31Wo <__0:__0> v1:1     0Ga  0G!   0G?
 2   \   .         7V   0/_14/_14C   0:_15Jo  0/_1J!   0:_31Wo <__0:__0> v1:1     0Ga  0G!   0G?
 2   \   .         7V   0/_15/_16C   0:_16Jo  0/_2J!   0:_31Wo <__0:__0> v1:1     0Ga  0G!   0G?
 2   \   .         7V   0/_16/_16C   0:_16Jo  0/_2J!   0:_31Wo <__0:__0> v1:1     0Ga  0G!   0G?
 6   |       .     7V   0/_14/_16C   0:_17Jo  0/_5J!   0:_31Wo <__0:__0> v1:1     0Ga  0G!   0G?
 3   |    .        7V   0/_12/_16C   0:_15Jo  0/_4J!   0:_31Wo <__0:__0> v1:1     0Ga  0G!   0G?
 3   |    .        7V   0/_13/_16C   0:_15Jo  0/_4J!   0:_31Wo <__0:__0> v1:1     0Ga  0G!   0G?
 6   |       .     7V   0/_15/_16C   0:_17Jo  0/_3J!   0:_31Wo <__0:__0> v1:1     0Ga  0G!   0G?
 3   |    .        7V   0/_14/_16C   0:_15Jo  0/_3J!   0:_31Wo <__0:__0> v1:1     0Ga  0G!   0G?
 3   |    .        7V   0/_15/_16C   0:_15Jo  0/_2J!   0:_31Wo <__0:__0> v1:1     0Ga  0G!   0G?
 3   |    .        7V   0/_16/_16C   0:_16Jo  0/_2J!   0:_31Wo <__0:__0> v1:1     0Ga  0G!   0G?
 4   |     .       7V   0/_15/_16C   0:_19Jo  0/_4J!   0:_31Wo <__0:__0> v1:1     0Ga  0G!   0G?
 4   |     .       7V   0/_16/_16C   0:_19Jo  0/_4J!   0:_31Wo <__0:__0> v1:1     0Ga  0G!   0G?
 6   |       .     7V   0/_16/_16C   0:_17Jo  0/_2J!   0:_31Wo <__0:__0> v1:1     0Ga  0G!   0G?
 5   |      .      7V   0/_15/_15C   0:_17Jo  0/_2J!   0:_31Wo <__0:__0> v1:1     0Ga  0G!   0G?
 5   |      .      7V   0/_16/_16C   0:_18Jo  0/_2J!   0:_31Wo <__0:__0> v1:1     0Ga  0G!   0G?
 0   / v           9V   0/_15/_16C   0:_19Jo  0/_3J!   0:_31Wo <__0:__0> v1:1     0Ga  0G!   0G?
 0   / v           9V   0/_16/_16C   0:_19Jo  0/_3J!   0:_31Wo <__0:__0> v1:1     0Ga  0G!   0G?
 0   / .          12V   0/_17/_17C   0:_20Jo  0/_0J!   0:_31Wo <__0:__0> v1:1     0Ga  0G!   0G?   3/4Pp  0/61Rq
 0   \ v          13V   0/_18/_18C   0:_20Jo  0/_0J!   0:_31Wo <__0:__0> v1:1     0Ga  0G!   0G?
 1   /  v         13V   0/_17/_18C   0:_20Jo  0/_0J!   0:_31Wo <__0:__0> v1:1     0Ga  0G!   0G?
 1   /  v         13V   0/_18/_18C   0:_20Jo  0/_0J!   0:_31Wo <__0:__0> v1:1     0Ga  0G!   0G?
 6   |       .    13V   0/_17/_18C   0:_20Jo  0/_1J!   0:_31Wo <__0:__0> v1:1     0Ga  0G!   0G?
 6   |       .    13V   0/_18/_18C   0:_20Jo  0/_1J!   0:_31Wo <__0:__0> v1:1     0Ga  0G!   0G?
 2   /   v        14V   0/_17/_18C   0:_20Jo  0/_0J!   0:_31Wo <__0:__0> v1:1     0Ga  0G!   0G?
 2   /   v        14V   0/_18/_18C   0:_20Jo  0/_0J!   0:_31Wo <__0:__0> v1:1     0Ga  0G!   0G?
 5   |      .     21V   0/_17/_18C   0:_20Jo  0/_0J!   0:_31Wo <__0:__0> v1:1     0Ga  0G!   0G?
 5   |      .     21V   0/_18/_18C   0:_20Jo  0/_0J!   0:_31Wo <__0:__0> v1:1     0Ga  0G!   0G?
 4   |     .      22V   0/_17/_18C   0:_20Jo  0/_1J!   0:_31Wo <__0:__0> v1:1     0Ga  0G!   0G?
 4   |     .      22V   0/_18/_18C   0:_20Jo  0/_1J!   0:_31Wo <__0:__0> v1:1     0Ga  0G!   0G?
 3   |    .       24V   0/_17/_18C   0:_20Jo  0/_0J!   0:_31Wo <__0:__0> v1:1     0Ga  0G!   0G?
 3   |    .       24V   0/_18/_18C   0:_20Jo  0/_0J!   0:_31Wo <__0:__0> v1:1     0Ga  0G!   0G?
 0   / .          24V   0/_19/_19C   0:_20Jo  0/_0J!   0:_31Wo <__0:__0> v1:1     0Ga  0G!   0G?   1/4Pp  0/61Rq
 0   / .          24V   0/_20/_20C   0:_20Jo  0/_0J!   0:_31Wo <__0:__0> v1:1     0Ga  0G!   0G?   0/4Pp  0/61Rq
 6   |       .    24V   0/_19/_20C   0:_20Jo  0/_0J!   0:_31Wo <__0:__0> v1:1     0Ga  0G!   0G?
 6   |       .    24V   0/_20/_20C   0:_20Jo  0/_0J!   0:_31Wo <__0:__0> v1:1     0Ga  0G!   0G?
 5   |      .     24V   0/_19/_20C   0:_20Jo  0/_0J!   0:_31Wo <__0:__0> v1:1     0Ga  0G!   0G?
 5   |      .     24V   0/_20/_20C   0:_20Jo  0/_0J!   0:_31Wo <__0:__0> v1:1     0Ga  0G!   0G?
 2   \   .        24V   0/_19/_20C   0:_20Jo  0/_0J!   0:_31Wo <__0:__0> v1:1     0Ga  0G!   0G?
 2   \   .        24V   0/_20/_20C   0:_20Jo  0/_0J!   0:_31Wo <__0:__0> v1:1     0Ga  0G!   0G?
 4   |     .      24V   0/_19/_20C   0:_20Jo  0/_0J!   0:_31Wo <__0:__0> v1:1     0Ga  0G!   0G?
 4   |     .      24V   0/_20/_20C   0:_20Jo  0/_0J!   0:_31Wo <__0:__0> v1:1     0Ga  0G!   0G?
 1   /  v         25V   0/_19/_20C   0:_20Jo  0/_0J!   0:_31Wo <__0:__0> v1:1     0Ga  0G!   0G?
 1   /  v         25V   0/_20/_20C   0:_20Jo  0/_0J!   0:_31Wo <__0:__0> v1:1     0Ga  0G!   0G?
 3   |    .       26V   0/_19/_20C   0:_20Jo  0/_0J!   0:_31Wo <__0:__0> v1:1     0Ga  0G!   0G?
 3   |    .       26V   0/_20/_20C   0:_20Jo  0/_0J!   0:_31Wo <__0:__0> v1:1     0Ga  0G!   0G?
 1   /  .         31V   0/_21/_21C   0:_23Jo  0/_2J!   0:_31Wo <__0:__0> v1:1     0Ga  0G!   0G?   2/4Pp  0/61Rq
 0   \ .          31V   0/_21/_21C   0:_24Jo  0/_2J!   0:_31Wo <__0:__0> v1:1     0Ga  0G!   0G?
 3   |    .       31V   0/_21/_21C   0:_24Jo  0/_3J!   0:_31Wo <__0:__0> v1:1     0Ga  0G!   0G?
 1   /  .         31V   0/_22/_22C   0:_24Jo  0/_0J!   0:_31Wo <__0:__0> v1:1     0Ga  0G!   0G?   2/4Pp  0/61Rq
 1   /  .         31V   0/_23/_23C   0:_26Jo  0/_2J!   0:_31Wo <__0:__0> v1:1     5Ga  0G!   0G?   3/4Pp  0/61Rq
 3   |    .       31V   0/_22/_22C   0:_24Jo  0/_0J!   0:_31Wo <__0:__0> v1:1     0Ga  0G!   0G?
 1 [ \  v         32V   0/_23/_23C   0:_26Jo  0/_0J!   0:_31Wo <__0:__0> v1:1    10Ga  0G!   0G?
 3   |    .       31V   0/_23/_23C   0:_24Jo  0/_0J!   0:_31Wo <__0:__0> v1:1     5Ga  0G!   0G?
 4   |     .      31V   0/_21/_22C   0:_26Jo  0/_5J!   0:_31Wo <__0:__0> v1:1     0Ga  0G!   0G?
 3 [ |    .       31V   0/_23/_23C   0:_24Jo  0/_0J!   0:_31Wo <__0:__0> v1:1    10Ga  0G!   0G?
 5   |      .     31V   0/_21/_21C   0:_23Jo  0/_2J!   0:_31Wo <__0:__0> v1:1     0Ga  0G!   0G?
 5   |      .     31V   0/_22/_23C   0:_23Jo  0/_2J!   0:_31Wo <__0:__0> v1:1     0Ga  0G!   0G?
 1 ] \  v         32V  19/_23/_23C   0:_26Jo  0/_0J!   0:_31Wo <__0:__0> v1:1    12Ga  0G!   0G?
 5   |      .     31V   0/_23/_23C   0:_23Jo  0/_1J!   0:_31Wo <__0:__0> v1:1     5Ga  0G!   0G?
 3 ] |    .       31V  19/_23/_23C   0:_24Jo  0/_0J!   0:_31Wo <__0:__0> v1:1    12Ga  0G!   0G?
 5 [ |      .     31V   0/_23/_23C   0:_23Jo  0/_0J!   0:_31Wo <__0:__0> v1:1    10Ga  0G!   0G?
 2   /   v        32V   0/_21/_23C   0:_26Jo  0/_5J!   0:_31Wo <__0:__0> v1:1     0Ga  0G!   0G?
 4   |     .      31V   0/_22/_23C   0:_26Jo  0/_4J!   0:_31Wo <__0:__0> v1:1     0Ga  0G!   0G?
 4   |     .      31V   0/_23/_23C   0:_26Jo  0/_2J!   0:_31Wo <__0:__0> v1:1     5Ga  0G!   0G?
 5 ] |      .     31V  19/_23/_23C   0:_24Jo  0/_0J!   0:_31Wo <__0:__0> v1:1    12Ga  0G!   0G?
 4 [ |     .      31V   0/_23/_23C   0:_26Jo  0/_2J!   0:_31Wo <__0:__0> v1:1    10Ga  0G!   0G?
 0   / v          33V   0/_22/_23C   0:_24Jo  0/_0J!   0:_31Wo <__0:__0> v1:1     0Ga  0G!   0G?
 2   \   .        33V   0/_22/_23C   0:_24Jo  0/_1J!   0:_31Wo <__0:__0> v1:1     0Ga  0G!   0G?
 4 ] |     .      31V  19/_23/_23C   0:_26Jo  0/_1J!   0:_31Wo <__0:__0> v1:1    12Ga  0G!   0G?
 0   / v          33V   0/_23/_23C   0:_24Jo  0/_0J!   0:_31Wo <__0:__0> v1:1     5Ga  0G!   0G?
 0 [ / v          33V   0/_23/_23C   0:_24Jo  0/_0J!   0:_31Wo <__0:__0> v1:1    10Ga  0G!   0G?
 0 ] \ .          34V  19/_23/_23C   0:_25Jo  0/_1J!   0:_31Wo <__0:__0> v1:1    12Ga  0G!   0G?
 6   |       .    34V   0/_21/_23C   0:_26Jo  0/_5J!   0:_31Wo <__0:__0> v1:1     0Ga  0G!   0G?
 6   |       .    34V   0/_22/_23C   0:_26Jo  0/_5J!   0:_31Wo <__0:__0> v1:1     0Ga  0G!   0G?
 6   |       .    34V   0/_23/_23C   0:_26Jo  0/_3J!   0:_31Wo <__0:__0> v1:1     5Ga  0G!   0G?
 6 [ |       .    34V   0/_23/_23C   0:_26Jo  0/_1J!   0:_31Wo <__0:__0> v1:1    10Ga  0G!   0G?
 6 ] |       .    34V  19/_23/_23C   0:_26Jo  0/_0J!   0:_31Wo <__0:__0> v1:1    12Ga  0G!   0G?
 2   \   .        37V   0/_23/_23C   0:_26Jo  0/_2J!   0:_31Wo <__0:__0> v1:1     5Ga  0G!   0G?
 1   /  .         37V  19/_24/_24C   0:_26Jo  0/_0J!   0:_31Wo <__0:__0> v1:1    12Ga  0G!   0G?   2/4Pp  0/61Rq
 6   |       .    37V  19/_24/_24C   0:_26Jo  0/_0J!   0:_31Wo <__0:__0> v1:1    12Ga  0G!   0G?
 2 [ \   v        39V   0/_23/_24C   0:_26Jo  0/_0J!   0:_31Wo <__0:__0> v1:1    10Ga  0G!   0G?
 5   |      .     37V  19/_24/_24C   0:_26Jo  0/_0J!   0:_31Wo <__0:__0> v1:1    12Ga  0G!   0G?
 3   |    .       37V  19/_24/_24C   0:_26Jo  0/_0J!   0:_31Wo <__0:__0> v1:1    12Ga  0G!   0G?
 4   |     .      37V  19/_24/_24C   0:_26Jo  0/_0J!   0:_31Wo <__0:__0> v1:1    12Ga  0G!   0G?
 2 ] \   v        39V  19/_23/_24C   0:_26Jo  0/_0J!   0:_31Wo <__0:__0> v1:1    12Ga  0G!   0G?
 2   \   v        39V  19/_24/_24C   0:_26Jo  0/_0J!   0:_31Wo <__0:__0> v1:1    12Ga  0G!   0G?
 0   / v          39V  19/_24/_24C   0:_26Jo  0/_0J!   0:_31Wo <__0:__0> v1:1    12Ga  0G!   0G?
 0   / .          39V  19/_25/_25C   0:_27Jo  0/_0J!   0:_31Wo <__0:__0> v1:1    12Ga  0G!   0G?   2/4Pp  0/61Rq
 0   / .          39V  19/_26/_26C   0:_27Jo  0/_0J!   0:_31Wo <__0:__0> v1:1    13Ga  0G!   0G?   1/4Pp  0/61Rq
 0   / .          39V  19/_27/_27C   0:_27Jo  0/_0J!   0:_31Wo <__0:__0> v1:1    13Ga  0G!   0G?   0/4Pp  0/61Rq
 5   |      .     39V  19/_25/_27C   0:_27Jo  0/_0J!   0:_31Wo <__0:__0> v1:1    12Ga  0G!   0G?
 5   |      .     39V  19/_26/_27C   0:_27Jo  0/_0J!   0:_31Wo <__0:__0> v1:1    13Ga  0G!   0G?
 5   |      .     39V  19/_27/_27C   0:_27Jo  0/_0J!   0:_31Wo <__0:__0> v1:1    13Ga  0G!   0G?
 4   |     .      39V  19/_25/_27C   0:_27Jo  0/_0J!   0:_31Wo <__0:__0> v1:1    12Ga  0G!   0G?
 4   |     .      39V  19/_26/_27C   0:_27Jo  0/_0J!   0:_31Wo <__0:__0> v1:1    13Ga  0G!   0G?
 4   |     .      39V  19/_27/_27C   0:_27Jo  0/_0J!   0:_31Wo <__0:__0> v1:1    13Ga  0G!   0G?
 1   \  .         39V  19/_25/_27C   0:_27Jo  0/_0J!   0:_31Wo <__0:__0> v1:1    12Ga  0G!   0G?
 1   \  .         39V  19/_26/_27C   0:_27Jo  0/_0J!   0:_31Wo <__0:__0> v1:1    13Ga  0G!   0G?
 1   \  .         39V  19/_27/_27C   0:_27Jo  0/_0J!   0:_31Wo <__0:__0> v1:1    13Ga  0G!   0G?
 6   |       .    39V  19/_25/_27C   0:_27Jo  0/_0J!   0:_31Wo <__0:__0> v1:1    12Ga  0G!   0G?
 6   |       .    39V  19/_26/_27C   0:_27Jo  0/_0J!   0:_31Wo <__0:__0> v1:1    13Ga  0G!   0G?
 6   |       .    39V  19/_27/_27C   0:_27Jo  0/_0J!   0:_31Wo <__0:__0> v1:1    13Ga  0G!   0G?
 2   /   v        41V  19/_25/_27C   0:_27Jo  0/_1J!   0:_31Wo <__0:__0> v1:1    12Ga  0G!   0G?
 2   /   v        41V  19/_26/_27C   0:_27Jo  0/_1J!   0:_31Wo <__0:__0> v1:1    13Ga  0G!   0G?
 2   /   v        44V  19/_27/_27C   0:_27Jo  0/_1J!   0:_31Wo <__0:__0> v1:1    13Ga  0G!   0G?
 3   |    .       44V  19/_25/_27C   0:_27Jo  0/_1J!   0:_31Wo <__0:__0> v1:1    12Ga  0G!   0G?
 3   |    .       44V  19/_26/_27C   0:_27Jo  0/_1J!   0:_31Wo <__0:__0> v1:1    13Ga  0G!   0G?
 3   |    .       44V  19/_27/_27C   0:_27Jo  0/_1J!   0:_31Wo <__0:__0> v1:1    13Ga  0G!   0G?
 0   / .          57V  19/_28/_28C   0:_29Jo  0/_0J!   0:_31Wo <__0:__0> v1:1    13Ga  0G!   0G?   1/4Pp  0/61Rq
 0   / .          57V  19/_29/_29C   0:_29Jo  0/_0J!   0:_31Wo <__0:__0> v1:1    13Ga  0G!   0G?   0/4Pp  0/61Rq
 2   \   .        57V  19/_28/_28C   0:_29Jo  0/_0J!   0:_31Wo <__0:__0> v1:1    13Ga  0G!   0G?
 3   |    .       57V  19/_28/_29C   0:_29Jo  0/_0J!   0:_31Wo <__0:__0> v1:1    13Ga  0G!   0G?
 3   |    .       57V  19/_29/_29C   0:_29Jo  0/_0J!   0:_31Wo <__0:__0> v1:1    13Ga  0G!   0G?
 2   \   .        57V  19/_29/_29C   0:_29Jo  0/_0J!   0:_31Wo <__0:__0> v1:1    13Ga  0G!   0G?
 5   |      .     57V  19/_28/_29C   0:_29Jo  0/_0J!   0:_31Wo <__0:__0> v1:1    13Ga  0G!   0G?
 5   |      .     57V  19/_29/_29C   0:_29Jo  0/_0J!   0:_31Wo <__0:__0> v1:1    13Ga  0G!   0G?
 1   \  .         57V  19/_28/_28C   0:_29Jo  0/_0J!   0:_31Wo <__0:__0> v1:1    13Ga  0G!   0G?
 1   \  .         57V  19/_29/_29C   0:_29Jo  0/_0J!   0:_31Wo <__0:__0> v1:1    13Ga  0G!   0G?
 4   |     .      57V  19/_28/_29C   0:_29Jo  0/_0J!   0:_31Wo <__0:__0> v1:1    13Ga  0G!   0G?
 4   |     .      57V  19/_29/_29C   0:_29Jo  0/_0J!   0:_31Wo <__0:__0> v1:1    13Ga  0G!   0G?
 6   |       .    57V  19/_28/_29C   0:_29Jo  0/_0J!   0:_31Wo <__0:__0> v1:1    13Ga  0G!   0G?
 6   |       .    57V  19/_29/_29C   0:_29Jo  0/_0J!   0:_31Wo <__0:__0> v1:1    13Ga  0G!   0G?
 0   / .          57V  19/_30/_30C   0:_31Jo  0/_1J!   0:_31Wo <__0:__0> v1:1    13Ga  0G!   0G?   1/4Pp  0/61Rq
 1   \  .         57V  19/_30/_30C   0:_31Jo  0/_1J!   0:_31Wo <__0:__0> v1:1    13Ga  0G!   0G?
 6   |       .    57V  19/_30/_30C   0:_30Jo  0/_0J!   0:_31Wo <__0:__0> v1:1    13Ga  0G!   0G?
 4   |     .      57V  19/_30/_30C   0:_30Jo  0/_0J!   0:_31Wo <__0:__0> v1:1    13Ga  0G!   0G?
 5   |      .     57V  19/_30/_30C   0:_30Jo  0/_0J!   0:_31Wo <__0:__0> v1:1    13Ga  0G!   0G?
 3   |    .       57V  19/_30/_30C   0:_30Jo  0/_0J!   0:_31Wo <__0:__0> v1:1    13Ga  0G!   0G?
 2   \   .        57V  19/_30/_30C   0:_31Jo  0/_1J!   0:_31Wo <__0:__0> v1:1    13Ga  0G!   0G?
 0   / .          57V  19/_31/_31C   2:_33Jo  0/_0J!   2:_33Wo <__0:__0> v1:1    13Ga  0G!   0G?   2/4Pp  0/61Rq
 2   \   .        57V  19/_31/_31C   1:_32Jo  0/_1J!   1:_32Wo <__0:__0> v1:1    13Ga  0G!   0G?
 5   |      .     57V  19/_31/_31C   2:_33Jo  0/_3J!   0:_31Wo <__0:__0> v1:1    13Ga  0G!   0G?
 6   |       .    57V  19/_31/_31C   2:_33Jo  0/_3J!   0:_31Wo <__0:__0> v1:1    13Ga  0G!   0G?
 3   |    .       57V  19/_31/_31C   1:_32Jo  0/_0J!   1:_32Wo <__0:__0> v1:1    13Ga  0G!   0G?
 1   /  v         58V  19/_31/_31C   1:_32Jo  0/_1J!   0:_31Wo <__0:__0> v1:1    13Ga  0G!   0G?
 4   |     .      57V  19/_31/_31C   1:_32Jo  0/_0J!   1:_32Wo <__0:__0> v1:1    13Ga  0G!   0G?
 0   / .          60V  19/_32/_32C   3:_34Jo  0/_0J!   3:_34Wo <__0:__0> v1:1    13Ga  0G!   0G?   2/4Pp  0/61Rq
 1   /  v         61V  19/_32/_32C   3:_34Jo  0/_0J!   3:_34Wo <__0:__0> v1:1    13Ga  0G!   0G?
 2   /   v        62V  19/_32/_32C   3:_34Jo  0/_2J!   1:_32Wo <__0:__0> v1:1    13Ga  0G!   0G?
 3   |    .       62V  19/_32/_32C   4:_35Jo  0/_3J!   1:_32Wo <__0:__0> v1:1    13Ga  0G!   0G?
 6   |       .    62V  19/_32/_32C   4:_35Jo  0/_3J!   2:_33Wo <__0:__0> v1:1    13Ga  0G!   0G?
 4   |     .      62V  19/_32/_32C   4:_35Jo  0/_2J!   2:_33Wo <__0:__0> v1:1    13Ga  0G!   0G?
 5   |      .     64V  19/_32/_32C   5:_36Jo  0/_2J!   3:_34Wo <__0:__0> v1:1    13Ga  0G!   0G?
 2   /   .        65V  19/_33/_33C   4:_35Jo  0/_0J!   4:_35Wo <__0:__0> v1:1    13Ga  0G!   0G?   2/4Pp  0/61Rq
 2   /   .        65V  19/_34/_34C   4:_35Jo  0/_0J!   4:_35Wo <__0:__0> v1:1    13Ga  0G!   0G?   1/4Pp  0/61Rq
 1   \  .         68V  19/_33/_34C   5:_35Jo  0/_0J!   5:_36Wo <__0:__0> v1:1    13Ga  0G!   0G?
 1   \  .         68V  19/_34/_34C   5:_35Jo  0/_0J!   5:_36Wo <__0:__0> v1:1    13Ga  0G!   0G?
 0   / v          69V  19/_33/_34C   4:_35Jo  0/_0J!   4:_35Wo <__0:__0> v1:1    13Ga  0G!   0G?
 0   / v          69V  19/_34/_34C   4:_35Jo  0/_0J!   4:_35Wo <__0:__0> v1:1    13Ga  0G!   0G?
 3   |    .       69V  19/_33/_34C   4:_35Jo  0/_0J!   4:_35Wo <__0:__0> v1:1    13Ga  0G!   0G?
 0   / .          69V  19/_35/_35C   5:_36Jo  0/_0J!   5:_36Wo <__0:__0> v1:1    18Ga  0G!   0G?   1/4Pp  0/61Rq
 1   \  .         69V  19/_35/_35C   6:_37Jo  0/_1J!   5:_36Wo <__0:__0> v1:1    18Ga  0G!   0G?
 0   / .          69V  19/_36/_36C   7:_38Jo  0/_2J!   7:_38Wo <__0:__0> v1:1    24Ga  0G!   0G?   2/4Pp  0/61Rq
 2   \   .        69V  19/_35/_35C   6:_37Jo  0/_1J!   5:_36Wo <__0:__0> v1:1    18Ga  0G!   0G?
 1   \  .         69V  19/_36/_36C   7:_38Jo  0/_0J!   7:_38Wo <__0:__0> v1:1    24Ga  0G!   0G?
 5   |      .     69V  19/_33/_36C   7:_38Jo  0/_3J!   5:_36Wo <__0:__0> v1:1    13Ga  0G!   0G?
 5   |      .     69V  19/_34/_36C   7:_38Jo  0/_3J!   5:_36Wo <__0:__0> v1:1    13Ga  0G!   0G?
 0   / .          69V  19/_37/_37C   7:_38Jo  0/_2J!   7:_38Wo <__0:__0> v1:1    24Ga  0G!   0G?   1/4Pp  0/61Rq
 0   / .          69V  19/_38/_38C   7:_38Jo  0/_2J!   7:_38Wo <__0:__0> v1:1    24Ga  0G!   0G?   0/4Pp  0/61Rq
 1   \  .         69V  19/_37/_38C   7:_38Jo  0/_0J!   7:_38Wo <__0:__0> v1:1    24Ga  0G!   0G?
 1   \  .         69V  19/_38/_38C   7:_38Jo  0/_0J!   7:_38Wo <__0:__0> v1:1    24Ga  0G!   0G?
 2   \   .        69V  19/_36/_36C   7:_38Jo  0/_0J!   7:_38Wo <__0:__0> v1:1    24Ga  0G!   0G?
 5   |      .     69V  19/_35/_38C   7:_38Jo  0/_3J!   5:_36Wo <__0:__0> v1:1    18Ga  0G!   0G?
 2   \   .        69V  19/_37/_38C   7:_38Jo  0/_0J!   7:_38Wo <__0:__0> v1:1    24Ga  0G!   0G?
 2   \   .        69V  19/_38/_38C   7:_38Jo  0/_0J!   7:_38Wo <__0:__0> v1:1    24Ga  0G!   0G?
 5   |      .     69V  19/_36/_38C   7:_38Jo  0/_2J!   5:_36Wo <__0:__0> v1:1    24Ga  0G!   0G?
 6   |       .    69V  19/_33/_35C   7:_38Jo  0/_3J!   5:_36Wo <__0:__0> v1:1    13Ga  0G!   0G?
 6   |       .    69V  19/_34/_35C   7:_38Jo  0/_3J!   5:_36Wo <__0:__0> v1:1    13Ga  0G!   0G?
 4   |     .      69V  19/_33/_38C   7:_38Jo  0/_3J!   5:_36Wo <__0:__0> v1:1    13Ga  0G!   0G?
 4   |     .      69V  19/_34/_38C   7:_38Jo  0/_3J!   5:_36Wo <__0:__0> v1:1    13Ga  0G!   0G?
 5   |      .     69V  19/_37/_38C   7:_38Jo  0/_2J!   5:_36Wo <__0:__0> v1:1    24Ga  0G!   0G?
 5   |      .     69V  19/_38/_38C   7:_38Jo  0/_2J!   5:_36Wo <__0:__0> v1:1    24Ga  0G!   0G?
 6   |       .    69V  19/_35/_38C   7:_38Jo  0/_2J!   5:_36Wo <__0:__0> v1:1    18Ga  0G!   0G?
 4   |     .      69V  19/_35/_38C   8:_39Jo  0/_4J!   5:_38Wo <__0:__0> v1:1    18Ga  0G!   0G?
 4   |     .      69V  19/_36/_38C  10:_41Jo  0/_5J!   7:_38Wo <__0:__0> v1:1    24Ga  0G!   0G?
 4   |     .      69V  19/_37/_38C  10:_41Jo  0/_5J!   7:_38Wo <__0:__0> v1:1    24Ga  0G!   0G?
 4   |     .      69V  19/_38/_38C  10:_41Jo  0/_5J!   7:_38Wo <__0:__0> v1:1    24Ga  0G!   0G?
 6   |       .    69V  19/_36/_38C   7:_38Jo  0/_0J!   7:_38Wo <__0:__0> v1:1    24Ga  0G!   0G?
 6   |       .    69V  19/_37/_38C   7:_38Jo  0/_0J!   7:_38Wo <__0:__0> v1:1    24Ga  0G!   0G?
 6   |       .    69V  19/_38/_38C   7:_38Jo  0/_0J!   7:_38Wo <__0:__0> v1:1    24Ga  0G!   0G?
 2   /   .        71V  19/_39/_39C  11:_42Jo  0/_1J!  11:_42Wo <__0:__0> v1:1    24Ga  0G!   0G?   3/4Pp  0/61Rq
 2   /   .        71V  19/_40/_40C  11:_42Jo  0/_1J!  11:_42Wo <__0:__0> v1:1    24Ga  0G!   0G?   2/4Pp  0/61Rq
 2   /   .        71V  19/_41/_41C  11:_42Jo  0/_1J!  11:_42Wo <__0:__0> v1:1    24Ga  0G!   0G?   1/4Pp  0/61Rq
 0   \ .          71V  19/_39/_41C  11:_42Jo  0/_0J!  11:_42Wo <__0:__0> v1:1    24Ga  0G!   0G?
 0   \ .          71V  19/_40/_41C  11:_42Jo  0/_0J!  11:_42Wo <__0:__0> v1:1    24Ga  0G!   0G?
 5   |      .     71V  19/_39/_41C  10:_41Jo  0/_0J!  10:_41Wo <__0:__0> v1:1    24Ga  0G!   0G?
 5   |      .     71V  19/_40/_41C  10:_41Jo  0/_0J!  10:_41Wo <__0:__0> v1:1    24Ga  0G!   0G?
 5   |      .     71V  19/_41/_41C  10:_41Jo  0/_0J!  10:_41Wo <__0:__0> v1:1    24Ga  0G!   0G?
 0   \ .          71V  19/_41/_41C  12:_43Jo  0/_1J!  11:_42Wo <__0:__0> v1:1    24Ga  0G!   0G?
 4   |     .      71V  19/_39/_41C  10:_41Jo  0/_0J!  10:_41Wo <__0:__0> v1:1    24Ga  0G!   0G?
 4   |     .      71V  19/_40/_41C  10:_41Jo  0/_0J!  10:_41Wo <__0:__0> v1:1    24Ga  0G!   0G?
 4   |     .      71V  19/_41/_41C  10:_41Jo  0/_0J!  10:_41Wo <__0:__0> v1:1    24Ga  0G!   0G?
 6   |       .    71V  19/_39/_41C  10:_41Jo  0/_0J!  10:_41Wo <__0:__0> v1:1    24Ga  0G!   0G?
 6   |       .    71V  19/_40/_41C  10:_41Jo  0/_0J!  10:_41Wo <__0:__0> v1:1    24Ga  0G!   0G?
 6   |       .    71V  19/_41/_41C  10:_41Jo  0/_0J!  10:_41Wo <__0:__0> v1:1    24Ga  0G!   0G?
 1   \  .         72V  19/_39/_41C  12:_43Jo  0/_2J!  10:_41Wo <__0:__0> v1:1    24Ga  0G!   0G?
 1   \  .         72V  19/_40/_41C  12:_43Jo  0/_2J!  10:_41Wo <__0:__0> v1:1    24Ga  0G!   0G?
 1   \  .         72V  19/_41/_41C  12:_43Jo  0/_2J!  10:_41Wo <__0:__0> v1:1    24Ga  0G!   0G?
 1   /  .         73V  19/_42/_42C  12:_43Jo  0/_0J!  12:_43Wo <__0:__0> v1:1    24Ga  0G!   0G?   1/4Pp  0/61Rq
 6   |       .    73V  19/_42/_42C  13:_43Jo  0/_0J!  13:_44Wo <__0:__0> v1:1    24Ga  0G!   0G?
 2   \   .        73V  19/_42/_42C  12:_43Jo  0/_0J!  12:_43Wo <__0:__0> v1:1    24Ga  0G!   0G?
 1   /  .         73V  19/_43/_43C  12:_43Jo  0/_0J!  12:_43Wo <__0:__0> v1:1    30Ga  0G!   0G?   0/4Pp  0/61Rq
 6   |       .    73V  19/_43/_43C  13:_43Jo  0/_0J!  13:_44Wo <__0:__0> v1:1    30Ga  0G!   0G?
 5   |      .     73V  19/_42/_43C  13:_43Jo  0/_0J!  13:_44Wo <__0:__0> v1:1    24Ga  0G!   0G?
 1 [ /  .         73V  19/_43/_43C  12:_43Jo  0/_0J!  12:_43Wo <__0:__0> v1:1    37Ga  0G!   0G?   0/4Pp  0/61Rq
 5   |      .     73V  19/_43/_43C  13:_43Jo  0/_0J!  13:_44Wo <__0:__0> v1:1    30Ga  0G!   0G?
 4   |     .      73V  19/_42/_43C  12:_43Jo  0/_0J!  12:_43Wo <__0:__0> v1:1    24Ga  0G!   0G?
 0   \ .          74V  19/_42/_42C  14:_43Jo  0/_0J!  14:_45Wo <__0:__0> v1:1    24Ga  0G!   0G?
 6 [ |       .    73V  19/_43/_43C  13:_43Jo  0/_0J!  13:_44Wo <__0:__0> v1:1    37Ga  0G!   0G?
 5 [ |      .     73V  19/_43/_43C  13:_43Jo  0/_0J!  13:_44Wo <__0:__0> v1:1    37Ga  0G!   0G?
 1 ] \  .         74V  39/_43/_43C  12:_43Jo  0/_0J!  12:_43Wo <__0:__0> v1:1    40Ga  0G!   0G?
 4   |     .      73V  19/_43/_43C  12:_43Jo  0/_0J!  12:_43Wo <__0:__0> v1:1    30Ga  0G!   0G?
 6 ] |       .    74V  39/_43/_43C  13:_43Jo  0/_0J!  13:_44Wo <__0:__0> v1:1    40Ga  0G!   0G?
 2   /   .        74V  19/_43/_43C  14:_45Jo  0/_0J!  14:_45Wo <__0:__0> v1:1    30Ga  0G!   0G?   2/4Pp  0/61Rq
 5 ] |      .     74V  39/_43/_43C  13:_43Jo  0/_0J!  13:_44Wo <__0:__0> v1:1    40Ga  0G!   0G?
 2 [ /   .        74V  19/_43/_43C  15:_46Jo  0/_1J!  14:_45Wo <__0:__0> v1:1    37Ga  0G!   0G?   3/4Pp  0/61Rq
 4 [ |     .      73V  19/_43/_43C  12:_43Jo  0/_0J!  12:_43Wo <__0:__0> v1:1    37Ga  0G!   0G?
 0   \ .          74V  19/_43/_43C  15:_46Jo  0/_1J!  14:_45Wo <__0:__0> v1:1    30Ga  0G!   0G?
 2 ] /   .        74V  39/_43/_43C  16:_47Jo  0/_0J!  16:_47Wo <__0:__0> v1:1    40Ga  0G!   0G?   4/4Pp  0/61Rq
 2   /   .        74V  39/_44/_44C  16:_47Jo  0/_0J!  16:_47Wo <__0:__0> v1:1    40Ga  0G!   0G?   3/4Pp  0/61Rq
 2   /   .        74V  39/_45/_45C  16:_47Jo  0/_0J!  16:_47Wo <__0:__0> v1:1    40Ga  0G!   0G?   2/4Pp  0/61Rq
 2   /   .        74V  39/_46/_46C  16:_47Jo  0/_0J!  16:_47Wo <__0:__0> v1:1    41Ga  0G!   0G?   1/4Pp  0/61Rq
 1   \  .         74V  39/_44/_46C  16:_47Jo  0/_1J!  16:_47Wo <__0:__0> v1:1    40Ga  0G!   0G?
 1   \  .         74V  39/_45/_46C  16:_47Jo  0/_1J!  16:_47Wo <__0:__0> v1:1    40Ga  0G!   0G?
 0 [ \ .          74V  19/_43/_43C  15:_46Jo  0/_1J!  15:_46Wo <__0:__0> v1:1    37Ga  0G!   0G?
 1   \  .         74V  39/_46/_46C  16:_47Jo  0/_0J!  16:_47Wo <__0:__0> v1:1    41Ga  0G!   0G?
 4 ] |     .      73V  39/_43/_43C  12:_43Jo  0/_0J!  12:_43Wo <__0:__0> v1:1    40Ga  0G!   0G?
 4   |     .      74V  39/_44/_46C  17:_48Jo  0/_5J!  12:_45Wo <__0:__0> v1:1    40Ga  0G!   0G?
 4   |     .      74V  39/_45/_46C  17:_48Jo  0/_5J!  12:_45Wo <__0:__0> v1:1    40Ga  0G!   0G?
 5   |      .     74V  39/_44/_46C  16:_47Jo  0/_4J!  13:_44Wo <__0:__0> v1:1    40Ga  0G!   0G?
 5   |      .     74V  39/_45/_46C  16:_47Jo  0/_4J!  13:_44Wo <__0:__0> v1:1    40Ga  0G!   0G?
 2   /   .        74V  39/_47/_47C  17:_48Jo  0/_0J!  17:_48Wo <__0:__0> v1:1    41Ga  0G!   0G?   1/4Pp  0/61Rq
 0 ] \ .          74V  39/_43/_43C  15:_46Jo  0/_0J!  15:_46Wo <__0:__0> v1:1    40Ga  0G!   0G?
 4   |     .      74V  39/_46/_46C  17:_48Jo  0/_3J!  14:_45Wo <__0:__0> v1:1    41Ga  0G!   0G?
 4   |     .      74V  39/_47/_47C  17:_48Jo  0/_1J!  16:_47Wo <__0:__0> v1:1    41Ga  0G!   0G?
 0   / v          75V  39/_44/_46C  16:_47Jo  0/_1J!  15:_46Wo <__0:__0> v1:1    40Ga  0G!   0G?
 0   / v          75V  39/_45/_46C  16:_47Jo  0/_1J!  15:_46Wo <__0:__0> v1:1    40Ga  0G!   0G?
 0   / v          75V  39/_46/_46C  16:_47Jo  0/_1J!  15:_46Wo <__0:__0> v1:1    41Ga  0G!   0G?
 5   |      .     74V  39/_46/_47C  16:_47Jo  0/_2J!  14:_45Wo <__0:__0> v1:1    41Ga  0G!   0G?
 5   |      .     74V  39/_47/_47C  16:_47Jo  0/_2J!  14:_45Wo <__0:__0> v1:1    41Ga  0G!   0G?
 6   |       .    74V  39/_44/_47C  19:_50Jo  0/_7J!  13:_44Wo <__0:__0> v1:1    40Ga  0G!   0G?
 6   |       .    74V  39/_45/_47C  19:_50Jo  0/_7J!  13:_44Wo <__0:__0> v1:1    40Ga  0G!   0G?
 0   / .          75V  39/_47/_47C  16:_47Jo  0/_0J!  16:_47Wo <__0:__0> v1:1    41Ga  0G!   0G?   0/4Pp  0/61Rq
 1   \  .         75V  39/_47/_47C  16:_47Jo  0/_0J!  16:_47Wo <__0:__0> v1:1    41Ga  0G!   0G?
 6   |       .    74V  39/_46/_47C  19:_50Jo  0/_5J!  14:_45Wo <__0:__0> v1:1    41Ga  0G!   0G?
 6   |       .    74V  39/_47/_47C  19:_50Jo  0/_5J!  14:_45Wo <__0:__0> v1:1    41Ga  0G!   0G?
 2   /   .        77V  39/_48/_48C  20:_51Jo  0/_1J!  19:_50Wo <__0:__0> v1:1    41Ga  0G!   0G?   3/4Pp  0/61Rq
 2   /   .        77V  39/_49/_49C  20:_51Jo  0/_1J!  19:_50Wo <__0:__0> v1:1    23Ga  0G!   0G?   2/4Pp  0/61Rq
 2   /   .        77V  39/_50/_50C  20:_51Jo  0/_1J!  19:_50Wo <__0:__0> v1:1    23Ga  0G!   0G?   1/4Pp  0/61Rq
 0   \ .          77V  39/_48/_48C  20:_51Jo  0/_1J!  19:_50Wo <__0:__0> v1:1    41Ga  0G!   0G?
 0   \ .          77V  39/_49/_50C  20:_51Jo  0/_1J!  19:_50Wo <__0:__0> v1:1    23Ga  0G!   0G?
 0   \ .          77V  39/_50/_50C  20:_51Jo  0/_1J!  19:_50Wo <__0:__0> v1:1    23Ga  0G!   0G?
 5   |      .     77V  39/_48/_50C  19:_50Jo  0/_2J!  19:_50Wo <__0:__0> v1:1    41Ga  0G!   0G?
 5   |      .     77V  39/_49/_50C  19:_50Jo  0/_2J!  19:_50Wo <__0:__0> v1:1    23Ga  0G!   0G?
 5   |      .     77V  39/_50/_50C  19:_50Jo  0/_2J!  19:_50Wo <__0:__0> v1:1    23Ga  0G!   0G?
 1   \  .         77V  39/_48/_50C  20:_51Jo  0/_1J!  19:_50Wo <__0:__0> v1:1    41Ga  0G!   0G?
 1   \  .         77V  39/_49/_50C  20:_51Jo  0/_1J!  19:_50Wo <__0:__0> v1:1    23Ga  0G!   0G?
 1   \  .         77V  39/_50/_50C  20:_51Jo  0/_1J!  19:_50Wo <__0:__0> v1:1    23Ga  0G!   0G?
 6   |       .    78V  39/_48/_50C  20:_51Jo  0/_3J!  17:_48Wo <__0:__0> v1:1    41Ga  0G!   0G?
 6   |       .    78V  39/_49/_50C  20:_51Jo  0/_3J!  17:_50Wo <__0:__0> v1:1    23Ga  0G!   0G?
 6   |       .    78V  39/_50/_50C  20:_51Jo  0/_3J!  17:_50Wo <__0:__0> v1:1    23Ga  0G!   0G?
 4   |     .      79V  39/_48/_50C  20:_51Jo  0/_3J!  17:_48Wo <__0:__0> v1:1    41Ga  0G!   0G?
 4   |     .      79V  39/_49/_50C  20:_51Jo  0/_3J!  17:_48Wo <__0:__0> v1:1    23Ga  0G!   0G?
 4   |     .      79V  39/_50/_50C  20:_51Jo  0/_3J!  17:_48Wo <__0:__0> v1:1    23Ga  0G!   0G?
 0   / .          87V  39/_51/_51C  22:_52Jo  0/_0J!  21:_52Wo <__0:__0> v1:1    23Ga  0G!   0G?   1/4Pp  0/61Rq
 0   / .          87V  39/_52/_52C  22:_52Jo  0/_0J!  21:_52Wo <__0:__0> v1:1    23Ga  0G!   0G?   0/4Pp  0/61Rq
 6   |       .    87V  39/_51/_52C  21:_52Jo  0/_0J!  21:_52Wo <__0:__0> v1:1    23Ga  0G!   0G?
 6   |       .    87V  39/_52/_52C  21:_52Jo  0/_0J!  21:_52Wo <__0:__0> v1:1    23Ga  0G!   0G?
 2   \   .        87V  39/_51/_52C  21:_52Jo  0/_0J!  21:_52Wo <__0:__0> v1:1    23Ga  0G!   0G?
 2   \   .        87V  39/_52/_52C  21:_52Jo  0/_0J!  21:_52Wo <__0:__0> v1:1    23Ga  0G!   0G?
 5   |      .     87V  39/_51/_52C  22:_52Jo  0/_0J!  22:_53Wo <__0:__0> v1:1    23Ga  0G!   0G?
 5   |      .     87V  39/_52/_52C  22:_52Jo  0/_0J!  22:_53Wo <__0:__0> v1:1    23Ga  0G!   0G?
 4   |     .      87V  39/_51/_52C  21:_52Jo  0/_0J!  21:_52Wo <__0:__0> v1:1    23Ga  0G!   0G?
 4   |     .      87V  39/_52/_52C  21:_52Jo  0/_0J!  21:_52Wo <__0:__0> v1:1    23Ga  0G!   0G?
 1   \  .         87V  39/_51/_52C  22:_52Jo  0/_0J!  22:_53Wo <__0:__0> v1:1    23Ga  0G!   0G?
 1   \  .         87V  39/_52/_52C  22:_52Jo  0/_0J!  22:_53Wo <__0:__0> v1:1    23Ga  0G!   0G?
 0   / .          87V  39/_53/_53C  23:_54Jo  0/_1J!  22:_53Wo <__0:__0> v1:1    23Ga  0G!   0G?   1/4Pp  0/61Rq
 6   |       .    87V  39/_53/_53C  23:_54Jo  0/_2J!  21:_52Wo <__0:__0> v1:1    23Ga  0G!   0G?
 5   |      .     87V  39/_53/_53C  24:_55Jo  0/_2J!  24:_55Wo <__0:__0> v1:1    23Ga  0G!   0G?
 4   |     .      87V  39/_53/_53C  24:_55Jo  0/_3J!  21:_52Wo <__0:__0> v1:1    23Ga  0G!   0G?
 1   /  .         88V  39/_53/_53C  24:_55Jo  0/_1J!  23:_54Wo <__0:__0> v1:1    23Ga  0G!   0G?   2/4Pp  0/61Rq
 1   /  .         88V  39/_54/_54C  24:_55Jo  0/_1J!  23:_54Wo <__0:__0> v1:1    23Ga  0G!   0G?   1/4Pp  0/61Rq
 0   \ .          88V  39/_54/_54C  25:_56Jo  0/_2J!  24:_55Wo <__0:__0> v1:1    23Ga  0G!   0G?
 2   \   .        88V  39/_53/_54C  25:_56Jo  0/_1J!  24:_55Wo <__0:__0> v1:1    23Ga  0G!   0G?
 2   \   .        88V  39/_54/_54C  25:_56Jo  0/_1J!  24:_55Wo <__0:__0> v1:1    23Ga  0G!   0G?
 1   /  .         88V  39/_55/_55C  26:_57Jo  0/_1J!  26:_57Wo <__0:__0> v1:1    23Ga  0G!   0G?   2/4Pp  0/61Rq
 1   /  .         88V  39/_56/_56C  26:_57Jo  0/_1J!  26:_57Wo <__0:__0> v1:1    23Ga  0G!   0G?   1/4Pp  0/61Rq
 6   |       .    88V  39/_54/_56C  26:_57Jo  0/_3J!  24:_55Wo <__0:__0> v1:1    23Ga  0G!   0G?
 4   |     .      88V  39/_54/_56C  26:_57Jo  0/_3J!  23:_54Wo <__0:__0> v1:1    23Ga  0G!   0G?
 1   /  .         88V  39/_57/_57C  26:_57Jo  0/_0J!  26:_57Wo <__0:__0> v1:1    23Ga  0G!   0G?   0/4Pp  0/61Rq
 0   \ .          88V  39/_55/_57C  27:_58Jo  0/_2J!  26:_57Wo <__0:__0> v1:1    23Ga  0G!   0G?
 0   \ .          88V  39/_56/_57C  27:_58Jo  0/_1J!  26:_57Wo <__0:__0> v1:1    23Ga  0G!   0G?
 0   \ .          88V  39/_57/_57C  27:_58Jo  0/_1J!  26:_57Wo <__0:__0> v1:1    23Ga  0G!   0G?
 4   |     .      88V  39/_55/_56C  26:_57Jo  0/_3J!  23:_54Wo <__0:__0> v1:1    23Ga  0G!   0G?
 2   \   .        88V  39/_55/_57C  27:_58Jo  0/_1J!  26:_57Wo <__0:__0> v1:1    23Ga  0G!   0G?
 2   \   .        88V  39/_56/_57C  27:_58Jo  0/_1J!  26:_57Wo <__0:__0> v1:1    23Ga  0G!   0G?
 4   |     .      88V  39/_56/_56C  26:_57Jo  0/_2J!  24:_55Wo <__0:__0> v1:1    23Ga  0G!   0G?
 2   \   .        88V  39/_57/_57C  28:_59Jo  0/_2J!  26:_57Wo <__0:__0> v1:1    23Ga  0G!   0G?
 6   |       .    88V  39/_55/_57C  26:_57Jo  0/_2J!  25:_56Wo <__0:__0> v1:1    23Ga  0G!   0G?
 6   |       .    88V  39/_56/_57C  26:_57Jo  0/_2J!  25:_56Wo <__0:__0> v1:1    23Ga  0G!   0G?
 6   |       .    88V  39/_57/_57C  26:_57Jo  0/_1J!  25:_56Wo <__0:__0> v1:1    23Ga  0G!   0G?
 5   |      .     88V  39/_54/_57C  27:_58Jo  0/_4J!  24:_55Wo <__0:__0> v1:1    23Ga  0G!   0G?
 4   |     .      88V  39/_57/_57C  26:_57Jo  0/_0J!  26:_57Wo <__0:__0> v1:1    23Ga  0G!   0G?
 5   |      .     88V  39/_55/_57C  30:_61Jo  0/_7J!  25:_56Wo <__0:__0> v1:1    23Ga  0G!   0G?
 5   |      .     88V  39/_56/_57C  30:_61Jo  0/_7J!  25:_56Wo <__0:__0> v1:1    23Ga  0G!   0G?
 5   |      .     88V  39/_57/_57C  30:_61Jo  0/_5J!  25:_56Wo <__0:__0> v1:1    23Ga  0G!   0G?
 0   / .          93V  39/_58/_58C  29:_60Jo  0/_1J!  28:_59Wo <__0:__0> v1:1    23Ga  0G!   0G?   2/4Pp  0/61Rq
 2   \   .        93V  39/_58/_58C  29:_60Jo  0/_1J!  29:_60Wo <__0:__0> v1:1    23Ga  0G!   0G?
 0   / .          93V  39/_59/_59C  29:_60Jo  0/_0J!  29:_60Wo <__0:__0> v1:1    32Ga  0G!   0G?   1/4Pp  0/61Rq
 1   \  .         93V  39/_58/_58C  30:_60Jo  0/_1J!  30:_61Wo <__0:__0> v1:1    23Ga  0G!   0G?
 4   |     .      93V  39/_58/_58C  27:_58Jo  0/_1J!  27:_58Wo <__0:__0> v1:1    23Ga  0G!   0G?
 2   \   .        93V  39/_59/_59C  30:_61Jo  0/_1J!  30:_61Wo <__0:__0> v1:1    32Ga  0G!   0G?
 0   / .          93V  39/_60/_60C  30:_61Jo  0/_0J!  30:_61Wo <__0:__0> v1:1    38Ga  0G!   0G?   1/4Pp  0/61Rq
 5   |      .     93V  39/_58/_58C  30:_59Jo  0/_0J!  30:_61Wo <__0:__0> v1:1    23Ga  0G!   0G?
 6   |       .    93V  39/_58/_60C  31:_62Jo  0/_4J!  27:_58Wo <__0:__0> v1:1    23Ga  0G!   0G?
 1   \  .         93V  39/_59/_60C  31:_62Jo  0/_1J!  31:_62Wo <__0:__0> v1:1    32Ga  0G!   0G?
 2   \   .        93V  39/_60/_60C  31:_62Jo  0/_1J!  30:_61Wo <__0:__0> v1:1    38Ga  0G!   0G?
 1   \  .         93V  39/_60/_60C  31:_62Jo  0/_0J!  31:_62Wo <__0:__0> v1:1    38Ga  0G!   0G?
 5   |      .     93V  39/_59/_60C  30:_59Jo  0/_0J!  30:_61Wo <__0:__0> v1:1    32Ga  0G!   0G?
 0   / .          93V  39/_61/_61C  31:_62Jo  0/_0J!  31:_62Wo <__0:__0> v1:1    38Ga  0G!   0G?   1/4Pp  0/61Rq
 0   / .          93V  39/_62/_62C  31:_62Jo  0/_0J!  31:_62Wo <__0:__0> v1:1    38Ga  0G!   0G?   0/4Pp  0/61Rq
 2   \   .        93V  39/_61/_62C  31:_62Jo  0/_0J!  31:_62Wo <__0:__0> v1:1    38Ga  0G!   0G?
 2   \   .        93V  39/_62/_62C  31:_62Jo  0/_0J!  31:_62Wo <__0:__0> v1:1    38Ga  0G!   0G?
 4   |     .      93V  39/_59/_62C  31:_62Jo  0/_4J!  27:_58Wo <__0:__0> v1:1    32Ga  0G!   0G?
 6   |       .    93V  39/_59/_62C  31:_62Jo  0/_4J!  27:_58Wo <__0:__0> v1:1    32Ga  0G!   0G?
 1   \  .         93V  39/_61/_62C  31:_62Jo  0/_0J!  31:_62Wo <__0:__0> v1:1    38Ga  0G!   0G?
 1   \  .         93V  39/_62/_62C  31:_62Jo  0/_0J!  31:_62Wo <__0:__0> v1:1    38Ga  0G!   0G?
 5   |      .     93V  39/_60/_60C  30:_61Jo  0/_2J!  30:_61Wo <__0:__0> v1:1    38Ga  0G!   0G?
 6   |       .    93V  39/_60/_62C  31:_62Jo  0/_3J!  29:_60Wo <__0:__0> v1:1    38Ga  0G!   0G?
 5   |      .     93V  39/_61/_62C  31:_62Jo  0/_1J!  30:_61Wo <__0:__0> v1:1    38Ga  0G!   0G?
 4   |     .      93V  39/_60/_62C  31:_62Jo  0/_1J!  30:_61Wo <__0:__0> v1:1    38Ga  0G!   0G?
 4   |     .      93V  39/_61/_62C  31:_62Jo  0/_1J!  30:_61Wo <__0:__0> v1:1    38Ga  0G!   0G?
 4   |     .      93V  39/_62/_62C  31:_62Jo  0/_1J!  30:_61Wo <__0:__0> v1:1    38Ga  0G!   0G?
 5   |      .     93V  39/_62/_62C  31:_62Jo  0/_1J!  30:_61Wo <__0:__0> v1:1    38Ga  0G!   0G?
 0   / .          93V  39/_63/_63C  32:_63Jo  0/_1J!  32:_63Wo <__0:__0> v1:1    44Ga  0G!   0G?   0/4Pp  0/61Rq
 1   \  .         93V  39/_63/_63C  32:_63Jo  0/_0J!  32:_63Wo <__0:__0> v1:1    44Ga  0G!   0G?
 2   \   .        93V  39/_63/_63C  32:_63Jo  0/_0J!  32:_63Wo <__0:__0> v1:1    44Ga  0G!   0G?
 6   |       .    93V  39/_61/_62C  31:_62Jo  0/_2J!  29:_60Wo <__0:__0> v1:1    38Ga  0G!   0G?
 6   |       .    93V  39/_62/_62C  31:_62Jo  0/_2J!  29:_60Wo <__0:__0> v1:1    38Ga  0G!   0G?
 4   |     .      93V  39/_63/_63C  32:_63Jo  0/_1J!  31:_62Wo <__0:__0> v1:1    44Ga  0G!   0G?
 2 [ \   .        93V  39/_63/_63C  32:_63Jo  0/_0J!  32:_63Wo <__0:__0> v1:1    50Ga  0G!   0G?
 4 [ |     .      93V  39/_63/_63C  32:_63Jo  0/_1J!  32:_63Wo <__0:__0> v1:1    50Ga  0G!   0G?
 0 [ / .          93V  39/_63/_63C  32:_63Jo  0/_0J!  32:_63Wo <__0:__0> v1:1    50Ga  0G!   0G?   0/4Pp  0/61Rq
 5   |      .     93V  39/_63/_63C  32:_63Jo  0/_1J!  31:_62Wo <__0:__0> v1:1    44Ga  0G!   0G?
 4 ] |     .      93V  59/_63/_63C  32:_63Jo  0/_0J!  32:_63Wo <__0:__0> v1:1    53Ga  0G!   0G?
 1 [ \  .         93V  39/_63/_63C  32:_63Jo  0/_0J!  32:_63Wo <__0:__0> v1:1    50Ga  0G!   0G?
 6   |       .    93V  39/_63/_63C  32:_63Jo  0/_1J!  31:_62Wo <__0:__0> v1:1    44Ga  0G!   0G?
 0 ] \ v          94V  59/_63/_63C  32:_63Jo  0/_0J!  32:_63Wo <__0:__0> v1:1    53Ga  0G!   0G?
 5 [ |      .     93V  39/_63/_63C  32:_63Jo  0/_0J!  32:_63Wo <__0:__0> v1:1    50Ga  0G!   0G?
 2 ] \   v        94V  59/_63/_63C  32:_63Jo  0/_0J!  32:_63Wo <__0:__0> v1:1    53Ga  0G!   0G?
 6 [ |       .    93V  39/_63/_63C  32:_63Jo  0/_0J!  32:_63Wo <__0:__0> v1:1    50Ga  0G!   0G?
 5 ] |      .     93V  59/_63/_63C  32:_63Jo  0/_0J!  32:_63Wo <__0:__0> v1:1    53Ga  0G!   0G?
 1 ] \  v         96V  59/_63/_63C  32:_63Jo  0/_0J!  32:_63Wo <__0:__0> v1:1    53Ga  0G!   0G?
 6 ] |       .    93V  59/_63/_63C  32:_63Jo  0/_0J!  32:_63Wo <__0:__0> v1:1    53Ga  0G!   0G?
 2   /   .       101V  59/_64/_64C  33:_64Jo  0/_0J!  33:_64Wo <__0:__0> v1:1    53Ga  0G!   0G?   0/4Pp  0/61Rq
 4   |     .     101V  59/_64/_64C  33:_64Jo  0/_0J!  33:_64Wo <__0:__0> v1:1    53Ga  0G!   0G?
 6   |       .   101V  59/_64/_64C  33:_64Jo  0/_0J!  33:_64Wo <__0:__0> v1:1    53Ga  0G!   0G?
 1   /  v        103V  59/_64/_64C  33:_64Jo  0/_0J!  33:_64Wo <__0:__0> v1:1    53Ga  0G!   0G?
 5   |      .    103V  59/_64/_64C  33:_64Jo  0/_0J!  33:_64Wo <__0:__0> v1:1    53Ga  0G!   0G?
 0   / v         105V  59/_64/_64C  34:_65Jo  0/_1J!  33:_64Wo <__0:__0> v1:1    53Ga  0G!   0G?
 1   /  .        112V  59/_65/_65C  34:_65Jo  0/_0J!  34:_65Wo <__0:__0> v1:1    53Ga  0G!   0G?   0/4Pp  0/61Rq
 0   \ .         112V  59/_65/_65C  34:_65Jo  0/_0J!  34:_65Wo <__0:__0> v1:1    53Ga  0G!   0G?
 6   |       .   112V  59/_65/_65C  34:_65Jo  0/_0J!  34:_65Wo <__0:__0> v1:1    53Ga  0G!   0G?
 5   |      .    112V  59/_65/_65C  34:_65Jo  0/_0J!  34:_65Wo <__0:__0> v1:1    53Ga  0G!   0G?
 2   \   .       112V  59/_65/_65C  34:_65Jo  0/_0J!  34:_65Wo <__0:__0> v1:1    53Ga  0G!   0G?
 4   |     .     112V  59/_65/_65C  34:_65Jo  0/_0J!  34:_65Wo <__0:__0> v1:1    53Ga  0G!   0G?
 2   /   .       113V  59/_66/_66C  37:_68Jo  0/_1J!  37:_68Wo <__0:__0> v1:1    54Ga  0G!   0G?   2/4Pp  0/61Rq
 2   /   .       113V  59/_67/_67C  37:_68Jo  0/_1J!  37:_68Wo <__0:__0> v1:1    54Ga  0G!   0G?   1/4Pp  0/61Rq
 1   \  .        113V  59/_66/_67C  38:_69Jo  0/_2J!  37:_68Wo <__0:__0> v1:1    54Ga  0G!   0G?
 1   \  .        113V  59/_67/_67C  38:_69Jo  0/_2J!  37:_68Wo <__0:__0> v1:1    54Ga  0G!   0G?
 0   \ .         113V  59/_66/_67C  38:_69Jo  0/_2J!  36:_67Wo <__0:__0> v1:1    54Ga  0G!   0G?
 0   \ .         113V  59/_67/_67C  38:_69Jo  0/_2J!  36:_67Wo <__0:__0> v1:1    54Ga  0G!   0G?
 2   /   .       113V  59/_68/_68C  39:_70Jo  0/_2J!  38:_69Wo <__0:__0> v1:1    54Ga  0G!   0G?   2/4Pp  0/61Rq
 2   /   .       113V  59/_69/_69C  39:_70Jo  0/_1J!  38:_69Wo <__0:__0> v1:1    27Ga  0G!   0G?   1/4Pp  0/61Rq
 1   \  .        113V  59/_68/_69C  39:_70Jo  0/_2J!  39:_70Wo <__0:__0> v1:1    54Ga  0G!   0G?
 4   |     .     113V  59/_66/_69C  39:_70Jo  0/_5J!  34:_65Wo <__0:__0> v1:1    54Ga  0G!   0G?
 4   |     .     113V  59/_67/_69C  39:_70Jo  0/_5J!  34:_65Wo <__0:__0> v1:1    54Ga  0G!   0G?
 1   \  .        113V  59/_69/_69C  39:_70Jo  0/_2J!  39:_70Wo <__0:__0> v1:1    27Ga  0G!   0G?
 2   /   .       113V  59/_70/_70C  42:_73Jo  0/_2J!  40:_73Wo <__0:__0> v1:1    27Ga  0G!   0G?   3/4Pp  0/61Rq
 6   |       .   113V  59/_66/_70C  42:_73Jo  0/_8J!  34:_65Wo <__0:__0> v1:1    54Ga  0G!   0G?
 6   |       .   113V  59/_67/_70C  42:_73Jo  0/_8J!  34:_65Wo <__0:__0> v1:1    54Ga  0G!   0G?
 4   |     .     113V  59/_68/_69C  39:_70Jo  0/_4J!  36:_67Wo <__0:__0> v1:1    54Ga  0G!   0G?
 5   |      .    113V  59/_66/_70C  42:_73Jo  0/_7J!  34:_67Wo <__0:__0> v1:1    54Ga  0G!   0G?
 5   |      .    113V  59/_67/_70C  42:_73Jo  0/_7J!  34:_67Wo <__0:__0> v1:1    54Ga  0G!   0G?
 6   |       .   113V  59/_68/_70C  42:_73Jo  0/_7J!  34:_67Wo <__0:__0> v1:1    54Ga  0G!   0G?
 5   |      .    113V  59/_68/_70C  42:_73Jo  0/_7J!  37:_68Wo <__0:__0> v1:1    54Ga  0G!   0G?
 5   |      .    113V  59/_69/_70C  42:_73Jo  0/_6J!  37:_68Wo <__0:__0> v1:1    27Ga  0G!   0G?
 6   |       .   113V  59/_69/_70C  42:_73Jo  0/_6J!  37:_68Wo <__0:__0> v1:1    27Ga  0G!   0G?
 4   |     .     113V  59/_69/_70C  39:_70Jo  0/_3J!  37:_68Wo <__0:__0> v1:1    27Ga  0G!   0G?
 6   |       .   113V  59/_70/_70C  42:_73Jo  0/_5J!  38:_69Wo <__0:__0> v1:1    27Ga  0G!   0G?
 1   \  .        113V  59/_70/_70C  40:_73Jo  0/_2J!  39:_70Wo <__0:__0> v1:1    27Ga  0G!   0G?
 0   / v         114V  59/_68/_70C  43:_74Jo  0/_5J!  38:_69Wo <__0:__0> v1:1    54Ga  0G!   0G?
 0   / v         114V  59/_69/_70C  43:_74Jo  0/_5J!  38:_69Wo <__0:__0> v1:1    27Ga  0G!   0G?
 4   |     .     113V  59/_70/_70C  39:_70Jo  0/_1J!  38:_69Wo <__0:__0> v1:1    27Ga  0G!   0G?
 5   |      .    113V  59/_70/_70C  42:_73Jo  0/_4J!  38:_69Wo <__0:__0> v1:1    27Ga  0G!   0G?
 0   \ .         118V  59/_70/_70C  43:_73Jo  0/_2J!  38:_73Wo <__0:__0> v1:1    27Ga  0G!   0G?
 1   /  .        118V  59/_71/_71C  42:_73Jo  0/_0J!  42:_73Wo <__0:__0> v1:1    27Ga  0G!   0G?   2/4Pp  0/61Rq
 1   /  .        118V  59/_72/_72C  42:_73Jo  0/_0J!  42:_73Wo <__0:__0> v1:1    27Ga  0G!   0G?   1/4Pp  0/61Rq
 1   /  .        118V  59/_73/_73C  42:_73Jo  0/_0J!  42:_73Wo <__0:__0> v1:1    27Ga  0G!   0G?   0/4Pp  0/61Rq
 5   |      .    118V  59/_71/_73C  42:_73Jo  0/_0J!  42:_73Wo <__0:__0> v1:1    27Ga  0G!   0G?
 5   |      .    118V  59/_72/_73C  42:_73Jo  0/_0J!  42:_73Wo <__0:__0> v1:1    27Ga  0G!   0G?
 5   |      .    118V  59/_73/_73C  42:_73Jo  0/_0J!  42:_73Wo <__0:__0> v1:1    27Ga  0G!   0G?
 0   \ .         118V  59/_71/_73C  43:_73Jo  0/_0J!  42:_73Wo <__0:__0> v1:1    27Ga  0G!   0G?
 0   \ .         118V  59/_72/_73C  43:_73Jo  0/_0J!  42:_73Wo <__0:__0> v1:1    27Ga  0G!   0G?
 0   \ .         118V  59/_73/_73C  43:_73Jo  0/_0J!  42:_73Wo <__0:__0> v1:1    27Ga  0G!   0G?
 2   \   .       118V  59/_71/_73C  43:_73Jo  0/_0J!  43:_74Wo <__0:__0> v1:1    27Ga  0G!   0G?
 2   \   .       118V  59/_72/_73C  43:_73Jo  0/_0J!  43:_74Wo <__0:__0> v1:1    27Ga  0G!   0G?
 2   \   .       118V  59/_73/_73C  43:_73Jo  0/_0J!  43:_74Wo <__0:__0> v1:1    27Ga  0G!   0G?
 6   |       .   118V  59/_71/_73C  43:_73Jo  0/_2J!  43:_74Wo <__0:__0> v1:1    27Ga  0G!   0G?
 1   /  .        118V  59/_74/_74C  44:_75Jo  0/_1J!  44:_75Wo <__0:__0> v1:1    27Ga  0G!   0G?   1/4Pp  0/61Rq
 6   |       .   118V  59/_72/_74C  44:_75Jo  0/_4J!  43:_74Wo <__0:__0> v1:1    27Ga  0G!   0G?
 6   |       .   118V  59/_73/_74C  44:_75Jo  0/_4J!  43:_74Wo <__0:__0> v1:1    27Ga  0G!   0G?
 6   |       .   118V  59/_74/_74C  44:_75Jo  0/_3J!  43:_74Wo <__0:__0> v1:1    27Ga  0G!   0G?
 0   \ .         118V  59/_74/_74C  44:_75Jo  0/_2J!  42:_73Wo <__0:__0> v1:1    27Ga  0G!   0G?
 5   |      .    118V  59/_74/_74C  46:_77Jo  0/_4J!  42:_73Wo <__0:__0> v1:1    27Ga  0G!   0G?
 2   /   v       119V  59/_74/_74C  45:_76Jo  0/_2J!  43:_74Wo <__0:__0> v1:1    27Ga  0G!   0G?
 4   |     .     120V  59/_71/_74C  45:_76Jo  0/_6J!  39:_70Wo <__0:__0> v1:1    27Ga  0G!   0G?
 4   |     .     120V  59/_72/_74C  45:_76Jo  0/_6J!  39:_70Wo <__0:__0> v1:1    27Ga  0G!   0G?
 0   / .         120V  59/_75/_75C  45:_76Jo  0/_0J!  45:_76Wo <__0:__0> v1:1    27Ga  0G!   0G?   1/4Pp  0/61Rq
 2   \   .       120V  59/_75/_75C  45:_76Jo  0/_1J!  44:_75Wo <__0:__0> v1:1    27Ga  0G!   0G?
 6   |       .   120V  59/_75/_75C  46:_76Jo  0/_0J!  46:_77Wo <__0:__0> v1:1    27Ga  0G!   0G?
 4   |     .     120V  59/_73/_74C  45:_76Jo  0/_4J!  41:_72Wo <__0:__0> v1:1    27Ga  0G!   0G?
 4   |     .     120V  59/_74/_74C  45:_76Jo  0/_4J!  41:_72Wo <__0:__0> v1:1    27Ga  0G!   0G?
 0   / .         120V  59/_76/_76C  45:_76Jo  0/_0J!  45:_76Wo <__0:__0> v1:1    27Ga  0G!   0G?   0/4Pp  0/61Rq
 4   |     .     120V  59/_75/_75C  45:_76Jo  0/_1J!  44:_75Wo <__0:__0> v1:1    27Ga  0G!   0G?
 4   |     .     120V  59/_76/_76C  45:_76Jo  0/_1J!  44:_75Wo <__0:__0> v1:1    27Ga  0G!   0G?
 1   /  v        121V  59/_75/_75C  46:_76Jo  0/_0J!  46:_77Wo <__0:__0> v1:1    27Ga  0G!   0G?
 6   |       .   120V  59/_76/_76C  46:_76Jo  0/_0J!  46:_77Wo <__0:__0> v1:1    27Ga  0G!   0G?
 5   |      .    121V  59/_75/_75C  46:_76Jo  0/_0J!  46:_77Wo <__0:__0> v1:1    27Ga  0G!   0G?
 2   /   v       122V  59/_76/_76C  46:_77Jo  0/_0J!  46:_77Wo <__0:__0> v1:1    27Ga  0G!   0G?
 5   |      .    122V  59/_76/_76C  46:_77Jo  0/_1J!  46:_77Wo <__0:__0> v1:1    27Ga  0G!   0G?
 1   \  .        122V  59/_76/_76C  46:_77Jo  0/_0J!  46:_77Wo <__0:__0> v1:1    27Ga  0G!   0G?
 1   /  .        124V  59/_77/_77C  48:_79Jo  0/_2J!  46:_77Wo <__0:__0> v1:1    27Ga  0G!   0G?   2/4Pp  0/61Rq
 2   \   .       124V  59/_77/_77C  48:_79Jo  0/_1J!  48:_79Wo <__0:__0> v1:1    27Ga  0G!   0G?
 6   |       .   124V  59/_77/_77C  46:_77Jo  0/_0J!  46:_77Wo <__0:__0> v1:1    27Ga  0G!   0G?
 0   / v         126V  59/_77/_77C  48:_79Jo  0/_2J!  46:_77Wo <__0:__0> v1:1    27Ga  0G!   0G?
 4   |     .     126V  59/_77/_77C  49:_80Jo  0/_3J!  45:_78Wo <__0:__0> v1:1    27Ga  0G!   0G?
 5   |      .    129V  59/_77/_77C  49:_80Jo  0/_3J!  46:_77Wo <__0:__0> v1:1    27Ga  0G!   0G?
 0   / .         129V  59/_78/_78C  49:_80Jo  0/_0J!  49:_80Wo <__0:__0> v1:1    27Ga  0G!   0G?   2/4Pp  0/61Rq
 0   / .         129V  59/_79/_79C  49:_80Jo  0/_0J!  49:_80Wo <__0:__0> v1:1    27Ga  0G!   0G?   1/4Pp  0/61Rq
 0   / .         129V  59/_80/_80C  49:_80Jo  0/_0J!  49:_80Wo <__0:__0> v1:1    27Ga  0G!   0G?   0/4Pp  0/61Rq
 5   |      .    129V  59/_78/_80C  49:_80Jo  0/_0J!  49:_80Wo <__0:__0> v1:1    27Ga  0G!   0G?
 5   |      .    129V  59/_79/_80C  49:_80Jo  0/_0J!  49:_80Wo <__0:__0> v1:1    27Ga  0G!   0G?
 5   |      .    129V  59/_80/_80C  49:_80Jo  0/_0J!  49:_80Wo <__0:__0> v1:1    27Ga  0G!   0G?
 4   |     .     129V  59/_78/_80C  49:_80Jo  0/_0J!  49:_80Wo <__0:__0> v1:1    27Ga  0G!   0G?
 4   |     .     129V  59/_79/_80C  49:_80Jo  0/_0J!  49:_80Wo <__0:__0> v1:1    27Ga  0G!   0G?
 6   |       .   129V  59/_78/_79C  49:_80Jo  0/_0J!  49:_80Wo <__0:__0> v1:1    27Ga  0G!   0G?
 6   |       .   129V  59/_79/_79C  49:_80Jo  0/_0J!  49:_80Wo <__0:__0> v1:1    27Ga  0G!   0G?
 6   |       .   129V  59/_80/_80C  49:_80Jo  0/_0J!  49:_80Wo <__0:__0> v1:1    27Ga  0G!   0G?
 1   \  .        129V  59/_78/_80C  49:_80Jo  0/_0J!  49:_80Wo <__0:__0> v1:1    27Ga  0G!   0G?
 1   \  .        129V  59/_79/_80C  49:_80Jo  0/_0J!  49:_80Wo <__0:__0> v1:1    27Ga  0G!   0G?
 1   \  .        129V  59/_80/_80C  49:_80Jo  0/_0J!  49:_80Wo <__0:__0> v1:1    27Ga  0G!   0G?
 4   |     .     129V  59/_80/_80C  49:_80Jo  0/_0J!  49:_80Wo <__0:__0> v1:1    27Ga  0G!   0G?
 2   /   v       131V  59/_78/_80C  49:_80Jo  0/_0J!  49:_80Wo <__0:__0> v1:1    27Ga  0G!   0G?
 2   /   v       131V  59/_79/_80C  49:_80Jo  0/_0J!  49:_80Wo <__0:__0> v1:1    27Ga  0G!   0G?
 2   /   v       131V  59/_80/_80C  49:_80Jo  0/_0J!  49:_80Wo <__0:__0> v1:1    27Ga  0G!   0G?
 2   /   .       152V  59/_81/_81C  51:_81Jo  0/_0J!  51:_82Wo <__0:__0> v1:1    27Ga  0G!   0G?   0/4Pp  0/61Rq
 0   \ .         152V  59/_81/_81C  51:_81Jo  0/_0J!  50:_81Wo <__0:__0> v1:1    27Ga  0G!   0G?
 1   \  .        152V  59/_81/_81C  51:_81Jo  0/_0J!  51:_82Wo <__0:__0> v1:1    27Ga  0G!   0G?
 6   |       .   152V  59/_81/_81C  50:_81Jo  0/_0J!  50:_81Wo <__0:__0> v1:1    27Ga  0G!   0G?
 4   |     .     152V  59/_81/_81C  50:_81Jo  0/_0J!  50:_81Wo <__0:__0> v1:1    27Ga  0G!   0G?
 5   |      .    152V  59/_81/_81C  50:_81Jo  0/_0J!  50:_81Wo <__0:__0> v1:1    27Ga  0G!   0G?
 2   /   .       158V  59/_82/_82C  51:_82Jo  0/_0J!  51:_82Wo <__0:__0> v1:1    27Ga  0G!   0G?   0/4Pp  0/61Rq
 6   |       .   158V  59/_82/_82C  51:_82Jo  0/_0J!  51:_82Wo <__0:__0> v1:1    27Ga  0G!   0G?
 4   |     .     158V  59/_82/_82C  51:_82Jo  0/_1J!  51:_82Wo <__0:__0> v1:1    27Ga  0G!   0G?
 0   \ .         158V  59/_82/_82C  51:_82Jo  0/_0J!  51:_82Wo <__0:__0> v1:1    27Ga  0G!   0G?
 1   \  .        158V  59/_82/_82C  51:_82Jo  0/_1J!  51:_82Wo <__0:__0> v1:1    27Ga  0G!   0G?
 5   |      .    158V  59/_82/_82C  51:_82Jo  0/_1J!  50:_81Wo <__0:__0> v1:1    27Ga  0G!   0G?
 0   / .         168V  59/_83/_83C  52:_83Jo  0/_0J!  52:_83Wo <__0:__0> v1:1    37Ga  0G!   0G?   0/4Pp  0/61Rq
 2   \   .       168V  59/_83/_83C  53:_83Jo  0/_0J!  53:_84Wo <__0:__0> v1:1    37Ga  0G!   0G?
 6   |       .   168V  59/_83/_83C  52:_83Jo  0/_0J!  52:_83Wo <__0:__0> v1:1    37Ga  0G!   0G?
 0 [ / .         168V  59/_83/_83C  52:_83Jo  0/_0J!  52:_83Wo <__0:__0> v1:1    47Ga  0G!   0G?   0/4Pp  0/61Rq
 2 [ \   v       169V  59/_83/_83C  53:_83Jo  0/_0J!  53:_84Wo <__0:__0> v1:1    47Ga  0G!   0G?
 4   |     .     168V  59/_83/_83C  52:_83Jo  0/_1J!  51:_82Wo <__0:__0> v1:1    37Ga  0G!   0G?
 1   /  v        169V  59/_83/_83C  52:_83Jo  0/_0J!  52:_83Wo <__0:__0> v1:1    37Ga  0G!   0G?
 0 ] / .         168V  79/_83/_83C  52:_83Jo  0/_0J!  52:_83Wo <__0:__0> v1:1    50Ga  0G!   0G?   0/4Pp  0/61Rq
 6 [ |       .   168V  59/_83/_83C  52:_83Jo  0/_0J!  52:_83Wo <__0:__0> v1:1    47Ga  0G!   0G?
 2 ] \   v       169V  79/_83/_83C  53:_83Jo  0/_0J!  53:_84Wo <__0:__0> v1:1    50Ga  0G!   0G?
 4 [ |     .     168V  59/_83/_83C  52:_83Jo  0/_0J!  52:_83Wo <__0:__0> v1:1    47Ga  0G!   0G?
 5   |      .    168V  59/_83/_83C  52:_83Jo  0/_1J!  51:_82Wo <__0:__0> v1:1    37Ga  0G!   0G?
 1 [ \  v        170V  59/_83/_83C  52:_83Jo  0/_0J!  52:_83Wo <__0:__0> v1:1    47Ga  0G!   0G?
 6 ] |       .   168V  79/_83/_83C  52:_83Jo  0/_0J!  52:_83Wo <__0:__0> v1:1    50Ga  0G!   0G?
 4 ] |     .     168V  79/_83/_83C  52:_83Jo  0/_0J!  52:_83Wo <__0:__0> v1:1    50Ga  0G!   0G?
 1 ] \  v        170V  79/_83/_83C  52:_83Jo  0/_0J!  52:_83Wo <__0:__0> v1:1    50Ga  0G!   0G?
 1   /  .        181V  79/_84/_84C  53:_84Jo  0/_0J!  53:_84Wo <__0:__0> v1:1    50Ga  0G!   0G?   0/4Pp  0/61Rq
 6   |       .   181V  79/_84/_84C  53:_84Jo  0/_1J!  52:_83Wo <__0:__0> v1:1    50Ga  0G!   0G?
 0   \ .         181V  79/_84/_84C  53:_84Jo  0/_0J!  53:_84Wo <__0:__0> v1:1    50Ga  0G!   0G?
 4   |     .     181V  79/_84/_84C  53:_84Jo  0/_1J!  52:_83Wo <__0:__0> v1:1    50Ga  0G!   0G?
 2   \   .       181V  79/_84/_84C  53:_84Jo  0/_0J!  53:_84Wo <__0:__0> v1:1    50Ga  0G!   0G?
 2   /   .       182V  79/_85/_85C  55:_86Jo  0/_0J!  55:_86Wo <__0:__0> v1:1    50Ga  0G!   0G?   1/4Pp  0/61Rq
 2   /   .       182V  79/_86/_86C  55:_86Jo  0/_0J!  55:_86Wo <__0:__0> v1:1    51Ga  0G!   0G?   0/4Pp  0/61Rq
 0   / v         183V  79/_85/_86C  55:_86Jo  0/_0J!  55:_86Wo <__0:__0> v1:1    50Ga  0G!   0G?
 0   / v         183V  79/_86/_86C  55:_86Jo  0/_0J!  55:_86Wo <__0:__0> v1:1    51Ga  0G!   0G?
 6   |       .   183V  79/_85/_86C  55:_86Jo  0/_2J!  53:_84Wo <__0:__0> v1:1    50Ga  0G!   0G?
 6   |       .   183V  79/_86/_86C  55:_86Jo  0/_2J!  53:_84Wo <__0:__0> v1:1    51Ga  0G!   0G?
 1   /  v        184V  79/_85/_86C  55:_86Jo  0/_0J!  55:_86Wo <__0:__0> v1:1    50Ga  0G!   0G?
 1   /  v        184V  79/_86/_86C  55:_86Jo  0/_0J!  55:_86Wo <__0:__0> v1:1    51Ga  0G!   0G?
 4   |     .     184V  79/_85/_86C  58:_89Jo  0/_4J!  54:_85Wo <__0:__0> v1:1    50Ga  0G!   0G?
 4   |     .     184V  79/_86/_86C  58:_89Jo  0/_4J!  54:_85Wo <__0:__0> v1:1    51Ga  0G!   0G?
 1   /  .        184V  79/_87/_87C  58:_89Jo  0/_0J!  58:_89Wo <__0:__0> v1:1    51Ga  0G!   0G?   2/4Pp  0/61Rq
 1   /  .        184V  79/_88/_88C  58:_89Jo  0/_0J!  58:_89Wo <__0:__0> v1:1    51Ga  0G!   0G?   1/4Pp  0/61Rq
 1   /  .        184V  79/_89/_89C  58:_89Jo  0/_0J!  58:_89Wo <__0:__0> v1:1    35Ga  0G!   0G?   0/4Pp  0/61Rq
 4   |     .     184V  79/_87/_89C  58:_89Jo  0/_2J!  57:_88Wo <__0:__0> v1:1    51Ga  0G!   0G?
 4   |     .     184V  79/_88/_89C  58:_89Jo  0/_2J!  57:_88Wo <__0:__0> v1:1    51Ga  0G!   0G?
 6   |       .   184V  79/_87/_89C  58:_89Jo  0/_0J!  58:_89Wo <__0:__0> v1:1    51Ga  0G!   0G?
 6   |       .   184V  79/_88/_89C  58:_89Jo  0/_0J!  58:_89Wo <__0:__0> v1:1    51Ga  0G!   0G?
 6   |       .   184V  79/_89/_89C  58:_89Jo  0/_0J!  58:_89Wo <__0:__0> v1:1    35Ga  0G!   0G?
 4   |     .     184V  79/_89/_89C  58:_89Jo  0/_1J!  57:_88Wo <__0:__0> v1:1    35Ga  0G!   0G?
 2   /   v       185V  79/_87/_89C  58:_89Jo  0/_1J!  57:_88Wo <__0:__0> v1:1    51Ga  0G!   0G?
 2   /   v       185V  79/_88/_89C  58:_89Jo  0/_1J!  57:_88Wo <__0:__0> v1:1    51Ga  0G!   0G?
 2   /   v       185V  79/_89/_89C  58:_89Jo  0/_1J!  58:_89Wo <__0:__0> v1:1    35Ga  0G!   0G?
 0   / v         186V  79/_87/_89C  58:_89Jo  0/_0J!  58:_89Wo <__0:__0> v1:1    51Ga  0G!   0G?
 0   / v         186V  79/_88/_89C  58:_89Jo  0/_0J!  58:_89Wo <__0:__0> v1:1    51Ga  0G!   0G?
 0   / v         186V  79/_89/_89C  58:_89Jo  0/_0J!  58:_89Wo <__0:__0> v1:1    35Ga  0G!   0G?
 1   /  .        193V  79/_90/_90C  62:_93Jo  0/_1J!  61:_92Wo <__0:__0> v1:1    35Ga  0G!   0G?   3/4Pp  0/61Rq
 1   /  .        193V  79/_91/_91C  62:_93Jo  0/_1J!  61:_92Wo <__0:__0> v1:1    35Ga  0G!   0G?   2/4Pp  0/61Rq
 6   |       .   193V  79/_90/_91C  61:_92Jo  0/_0J!  61:_92Wo <__0:__0> v1:1    35Ga  0G!   0G?
 6   |       .   193V  79/_91/_91C  61:_92Jo  0/_0J!  61:_92Wo <__0:__0> v1:1    35Ga  0G!   0G?
 1   /  .        193V  79/_92/_92C  62:_93Jo  0/_0J!  62:_93Wo <__0:__0> v1:1    35Ga  0G!   0G?   1/4Pp  0/61Rq
 1   \  v        194V  79/_93/_93C  62:_93Jo  0/_0J!  62:_93Wo <__0:__0> v1:1    35Ga  0G!   0G?
 0   \ .         193V  79/_90/_91C  62:_93Jo  0/_0J!  62:_93Wo <__0:__0> v1:1    35Ga  0G!   0G?
 0   \ .         193V  79/_91/_91C  62:_93Jo  0/_0J!  62:_93Wo <__0:__0> v1:1    35Ga  0G!   0G?
 2   /   v       194V  79/_90/_93C  62:_93Jo  0/_1J!  61:_92Wo <__0:__0> v1:1    35Ga  0G!   0G?
 2   /   v       194V  79/_91/_93C  62:_93Jo  0/_1J!  61:_92Wo <__0:__0> v1:1    35Ga  0G!   0G?
 2   /   v       194V  79/_92/_93C  62:_93Jo  0/_1J!  61:_92Wo <__0:__0> v1:1    35Ga  0G!   0G?
 2   /   v       194V  79/_93/_93C  62:_93Jo  0/_1J!  62:_93Wo <__0:__0> v1:1    35Ga  0G!   0G?
 4   |     .     194V  79/_90/_93C  62:_93Jo  0/_2J!  60:_91Wo <__0:__0> v1:1    35Ga  0G!   0G?
 4   |     .     194V  79/_91/_93C  62:_93Jo  0/_2J!  60:_91Wo <__0:__0> v1:1    35Ga  0G!   0G?
 4   |     .     194V  79/_92/_93C  62:_93Jo  0/_1J!  60:_93Wo <__0:__0> v1:1    35Ga  0G!   0G?
 4   |     .     194V  79/_93/_93C  62:_93Jo  0/_1J!  60:_93Wo <__0:__0> v1:1    35Ga  0G!   0G?
 0   / v         195V  79/_92/_93C  62:_93Jo  0/_0J!  62:_93Wo <__0:__0> v1:1    35Ga  0G!   0G?
 0   / v         195V  79/_93/_93C  62:_93Jo  0/_0J!  62:_93Wo <__0:__0> v1:1    35Ga  0G!   0G?
 6   |       .   195V  79/_92/_93C  62:_93Jo  0/_1J!  61:_92Wo <__0:__0> v1:1    35Ga  0G!   0G?
 6   |       .   195V  79/_93/_93C  62:_93Jo  0/_1J!  61:_92Wo <__0:__0> v1:1    35Ga  0G!   0G?
 2   /   .       206V  79/_94/_94C  64:_95Jo  0/_0J!  64:_95Wo <__0:__0> v1:1    35Ga  0G!   0G?   1/4Pp  0/61Rq
 2   /   .       206V  79/_95/_95C  64:_95Jo  0/_0J!  64:_95Wo <__0:__0> v1:1    35Ga  0G!   0G?   0/4Pp  0/61Rq
 6   |       .   206V  79/_94/_95C  65:_95Jo  0/_0J!  65:_96Wo <__0:__0> v1:1    35Ga  0G!   0G?
 6   |       .   206V  79/_95/_95C  65:_95Jo  0/_0J!  65:_96Wo <__0:__0> v1:1    35Ga  0G!   0G?
 4   |     .     206V  79/_94/_95C  65:_95Jo  0/_0J!  65:_96Wo <__0:__0> v1:1    35Ga  0G!   0G?
 4   |     .     206V  79/_95/_95C  65:_95Jo  0/_0J!  65:_96Wo <__0:__0> v1:1    35Ga  0G!   0G?
 0   \ .         206V  79/_94/_95C  64:_95Jo  0/_0J!  64:_95Wo <__0:__0> v1:1    35Ga  0G!   0G?
 0   \ .         206V  79/_95/_95C  64:_95Jo  0/_0J!  64:_95Wo <__0:__0> v1:1    35Ga  0G!   0G?
 1   /  v        208V  79/_94/_95C  66:_95Jo  0/_0J!  66:_97Wo <__0:__0> v1:1    35Ga  0G!   0G?
 1   /  v        208V  79/_95/_95C  66:_95Jo  0/_0J!  66:_97Wo <__0:__0> v1:1    35Ga  0G!   0G?
 2   /   .       209V  79/_96/_96C  66:_97Jo  0/_0J!  66:_97Wo <__0:__0> v1:1    35Ga  0G!   0G?   1/4Pp  0/61Rq
 2   /   .       209V  79/_97/_97C  66:_97Jo  0/_0J!  66:_97Wo <__0:__0> v1:1    35Ga  0G!   0G?   0/4Pp  0/61Rq
 6   |       .   209V  79/_96/_97C  67:_98Jo  0/_3J!  65:_96Wo <__0:__0> v1:1    35Ga  0G!   0G?
 6   |       .   209V  79/_97/_97C  67:_98Jo  0/_3J!  65:_96Wo <__0:__0> v1:1    35Ga  0G!   0G?
 4   |     .     209V  79/_96/_97C  66:_97Jo  0/_2J!  65:_96Wo <__0:__0> v1:1    35Ga  0G!   0G?
 4   |     .     209V  79/_97/_97C  66:_97Jo  0/_2J!  65:_96Wo <__0:__0> v1:1    35Ga  0G!   0G?
 1   /  v        211V  79/_96/_97C  67:_98Jo  0/_1J!  66:_97Wo <__0:__0> v1:1    35Ga  0G!   0G?
 1   /  v        211V  79/_97/_97C  67:_98Jo  0/_1J!  66:_97Wo <__0:__0> v1:1    35Ga  0G!   0G?
 0   / v         213V  79/_96/_97C  67:_98Jo  0/_0J!  67:_98Wo <__0:__0> v1:2    35Ga  0G!   0G?
 0   / v         213V  79/_97/_97C  67:_98Jo  0/_0J!  67:_98Wo <__0:__0> v1:2    35Ga  0G!   0G?
 0   / .         213V  79/_98/_98C  69:100Jo  0/_0J!  69:100Wo <__0:__0> v1:2    35Ga  0G!   0G?   2/4Pp  0/61Rq
 0   / .         213V  79/_99/_99C  69:100Jo  0/_0J!  69:100Wo <__0:__0> v1:2    35Ga  0G!   0G?   1/4Pp  0/61Rq
 2   /   v       215V  79/_98/_99C  69:100Jo  0/_1J!  69:100Wo <__0:__0> v1:1    35Ga  0G!   0G?
 2   /   v       215V  79/_99/_99C  69:100Jo  0/_1J!  69:100Wo <__0:__0> v1:1    35Ga  0G!   0G?
 6   |       .   215V  79/_98/_99C  69:100Jo  0/_2J!  67:_98Wo <__0:__0> v1:1    35Ga  0G!   0G?
 6   |       .   215V  79/_99/_99C  69:100Jo  0/_2J!  67:_98Wo <__0:__0> v1:1    35Ga  0G!   0G?
 1   /  v        217V  79/_98/_99C  69:100Jo  0/_0J!  69:100Wo <__0:__0> v1:1    35Ga  0G!   0G?
 1   /  v        217V  79/_99/_99C  69:100Jo  0/_0J!  69:100Wo <__0:__0> v1:1    35Ga  0G!   0G?
 4   |     .     217V  79/_98/_99C  69:100Jo  0/_0J!  69:100Wo <__0:__0> v1:1    35Ga  0G!   0G?
 4   |     .     217V  79/_99/_99C  69:100Jo  0/_0J!  69:100Wo <__0:__0> v1:1    35Ga  0G!   0G?
 1   /  .        217V  79/100/100C  69:100Jo  0/_0J!  69:100Wo <__0:__0> v1:1    35Ga  0G!   0G?   0/4Pp  0/61Rq
 6   |       .   217V  79/100/100C  69:100Jo  0/_0J!  69:100Wo <__0:__0> v1:1    35Ga  0G!   0G?
 2   \   .       217V  79/100/100C  69:100Jo  0/_0J!  69:100Wo <__0:__0> v1:1    35Ga  0G!   0G?
 4   |     .     217V  79/100/100C  69:100Jo  0/_0J!  69:100Wo <__0:__0> v1:1    35Ga  0G!   0G?
 0   \ .         217V  79/100/100C  69:100Jo  0/_0J!  69:100Wo <__0:__0> v1:2    35Ga  0G!   0G?
 1   /  .        217V  79/101/101C  73:104Jo  0/_3J!  71:102Wo <__0:__0> v1:1    35Ga  0G!   0G?   3/4Pp  0/61Rq
 2   \   .       217V  79/101/101C  73:104Jo  0/_1J!  73:104Wo <__0:__0> v1:1    35Ga  0G!   0G?
 1   /  .        217V  79/102/102C  73:104Jo  0/_2J!  72:103Wo <__0:__0> v1:1    35Ga  0G!   0G?   2/4Pp  0/61Rq
 0   \ .         217V  79/101/101C  71:102Jo  0/_2J!  69:100Wo <__0:__0> v1:2    35Ga  0G!   0G?
 0   \ .         217V  79/102/102C  71:102Jo  0/_2J!  69:100Wo <__0:__0> v1:2    35Ga  0G!   0G?
 2   \   .       217V  79/102/102C  73:104Jo  0/_1J!  73:104Wo <__0:__0> v1:1    35Ga  0G!   0G?
 1   /  .        217V  79/103/103C  73:104Jo  0/_0J!  73:104Wo <__0:__0> v1:1    45Ga  0G!   0G?   1/4Pp  0/61Rq
 6   |       .   217V  79/101/102C  73:104Jo  0/_3J!  69:103Wo <__0:__0> v1:1    35Ga  0G!   0G?
 6   |       .   217V  79/102/102C  73:104Jo  0/_3J!  69:103Wo <__0:__0> v1:1    35Ga  0G!   0G?
 0   \ .         217V  79/103/103C  74:105Jo  0/_1J!  73:104Wo <__0:__0> v1:2    45Ga  0G!   0G?
 1 [ \  v        218V  79/103/103C  74:105Jo  0/_0J!  74:105Wo <__0:__0> v1:1    54Ga  0G!   0G?
 6   |       .   217V  79/103/103C  73:104Jo  0/_0J!  73:104Wo <__0:__0> v1:1    45Ga  0G!   0G?
 0 [ \ v         218V  79/103/103C  74:105Jo  0/_1J!  74:105Wo <__0:__0> v1:2    54Ga  0G!   0G?
 2   /   v       218V  79/103/103C  74:105Jo  0/_1J!  73:104Wo <__0:__0> v1:1    45Ga  0G!   0G?
 6 [ |       .   217V  79/103/103C  73:104Jo  0/_0J!  73:104Wo <__0:__0> v1:1    54Ga  0G!   0G?
 1 ] \  v        218V  99/103/103C  74:105Jo  0/_0J!  74:105Wo <__0:__0> v1:1    57Ga  0G!   0G?
 0 ] \ v         218V  99/103/103C  74:105Jo  0/_0J!  74:105Wo <__0:__0> v1:2    57Ga  0G!   0G?
 2 [ /   v       218V  79/103/103C  74:105Jo  0/_1J!  73:104Wo <__0:__0> v1:1    54Ga  0G!   0G?
 4   |     .     217V  79/101/103C  73:104Jo  0/_4J!  69:100Wo <__0:__0> v1:1    35Ga  0G!   0G?
 4   |     .     217V  79/102/103C  73:104Jo  0/_4J!  69:100Wo <__0:__0> v1:1    35Ga  0G!   0G?
 6 ] |       .   217V  99/103/103C  73:104Jo  0/_0J!  73:104Wo <__0:__0> v1:1    57Ga  0G!   0G?
 2 ] /   v       218V  99/103/103C  74:105Jo  0/_1J!  73:104Wo <__0:__0> v1:1    57Ga  0G!   0G?
 4   |     .     217V  79/103/103C  73:104Jo  0/_0J!  73:104Wo <__0:__0> v1:1    45Ga  0G!   0G?
 4 [ |     .     217V  79/103/103C  73:104Jo  0/_0J!  73:104Wo <__0:__0> v1:1    54Ga  0G!   0G?
 4 ] |     .     218V  99/103/103C  74:105Jo  0/_0J!  74:105Wo <__0:__0> v1:1    57Ga  0G!   0G?
 0   \ v         223V  99/104/104C  74:105Jo  0/_0J!  74:105Wo <__0:__0> v1:2    57Ga  0G!   0G?
 1   /  v        223V  99/104/104C  74:105Jo  0/_0J!  74:105Wo <__0:__0> v1:1    57Ga  0G!   0G?
 2   \   .       223V  99/104/104C  74:105Jo  0/_0J!  74:105Wo <__0:__0> v1:1    57Ga  0G!   0G?
 6   |       .   223V  99/104/104C  74:105Jo  0/_0J!  74:105Wo <__0:__0> v1:1    57Ga  0G!   0G?
 4   |     .     223V  99/104/104C  74:105Jo  0/_0J!  74:105Wo <__0:__0> v1:1    57Ga  0G!   0G?
 1   /  .        229V  99/105/105C  74:105Jo  0/_0J!  74:105Wo <__0:__0> v1:1    57Ga  0G!   0G?   0/4Pp  0/61Rq
 4   |     .     229V  99/105/105C  74:105Jo  0/_0J!  74:105Wo <__0:__0> v1:1    57Ga  0G!   0G?
 6   |       .   229V  99/105/105C  74:105Jo  0/_0J!  74:105Wo <__0:__0> v1:1    57Ga  0G!   0G?
 2   /   .       230V  99/105/105C  74:105Jo  0/_0J!  74:105Wo <__0:__0> v1:1    57Ga  0G!   0G?   0/4Pp  0/61Rq
 0   / v         231V  99/105/105C  74:105Jo  0/_0J!  74:105Wo <__0:__0> v1:3    57Ga  0G!   0G?
 2   /   .       233V  99/106/106C  75:106Jo  0/_0J!  75:106Wo <__0:__0> v1:1    58Ga  0G!   0G?   0/4Pp  0/61Rq
 1   \  .        233V  99/106/106C  75:106Jo  0/_0J!  75:106Wo <__0:__0> v1:1    58Ga  0G!   0G?
 0   \ .         233V  99/106/106C  75:106Jo  0/_0J!  75:106Wo <__0:__0> v1:3    58Ga  0G!   0G?
 4   |     .     233V  99/106/106C  75:106Jo  0/_1J!  74:105Wo <__0:__0> v1:1    58Ga  0G!   0G?
 6   |       .   234V  99/106/106C  75:106Jo  0/_1J!  74:105Wo <__0:__0> v1:1    58Ga  0G!   0G?
 1   /  .        268V  99/107/107C  76:107Jo  0/_0J!  76:107Wo <__0:__0> v1:1    58Ga  0G!   0G?   0/4Pp  0/61Rq
 6   |       .   268V  99/107/107C  76:107Jo  0/_0J!  76:107Wo <__0:__0> v1:1    58Ga  0G!   0G?
 4   |     .     268V  99/107/107C  76:107Jo  0/_0J!  76:107Wo <__0:__0> v1:1    58Ga  0G!   0G?
 5 [ |      .    188V  59/_83/_89C  58:_89Jo  0/_4J!  57:_88Wo <__0:__0> v1:1    47Ga  0G!   0G?
 5 ] |      .    188V  79/_83/_89C  60:_91Jo  0/_3J!  58:_91Wo <__0:__0> v1:1    50Ga  0G!   0G?
 5   |      .    188V  79/_84/_89C  60:_91Jo  0/_3J!  58:_91Wo <__0:__0> v1:1    50Ga  0G!   0G?
 5   |      .    188V  79/_85/_89C  60:_91Jo  0/_3J!  58:_91Wo <__0:__0> v1:1    50Ga  0G!   0G?
 5   |      .    188V  79/_86/_89C  60:_91Jo  0/_0J!  60:_91Wo <__0:__0> v1:1    51Ga  0G!   0G?
 5   |      .    188V  79/_87/_89C  60:_91Jo  0/_0J!  60:_91Wo <__0:__0> v1:1    51Ga  0G!   0G?
 5   |      .    188V  79/_88/_89C  60:_91Jo  0/_0J!  60:_91Wo <__0:__0> v1:1    51Ga  0G!   0G?
 5   |      .    188V  79/_89/_89C  60:_91Jo  0/_0J!  60:_91Wo <__0:__0> v1:1    35Ga  0G!   0G?
 0   \ .         271V  99/107/107C  76:107Jo  0/_0J!  76:107Wo <__0:__0> v1:3    58Ga  0G!   0G?
 2   /   v       272V  99/107/107C  76:107Jo  0/_0J!  76:107Wo <__0:__0> v1:1    58Ga  0G!   0G?
 5   |      .    272V  79/_90/107C  76:107Jo  0/16J!  60:_91Wo <__0:__0> v1:1    35Ga  0G!   0G?
 5   |      .    272V  79/_91/107C  76:107Jo  0/16J!  60:_91Wo <__0:__0> v1:1    35Ga  0G!   0G?
 5   |      .    272V  79/_92/107C  76:107Jo  0/16J!  60:_91Wo <__0:__0> v1:1    35Ga  0G!   0G?
 5   |      .    272V  79/_93/107C  76:107Jo  0/15J!  61:_94Wo <__0:__0> v1:1    35Ga  0G!   0G?
 5   |      .    272V  79/_94/107C  76:107Jo  0/15J!  61:_94Wo <__0:__0> v1:1    35Ga  0G!   0G?
 5   |      .    273V  79/_95/107C  76:107Jo  0/13J!  63:_94Wo <__0:__0> v1:1    35Ga  0G!   0G?
 5   |      .    273V  79/_96/107C  76:107Jo  0/12J!  64:_97Wo <__0:__0> v1:1    35Ga  0G!   0G?
 5   |      .    273V  79/_97/107C  76:107Jo  0/12J!  64:_97Wo <__0:__0> v1:1    35Ga  0G!   0G?
 5   |      .    273V  79/_98/107C  76:107Jo  0/11J!  66:_97Wo <__0:__0> v1:1    35Ga  0G!   0G?
 5   |      .    273V  79/_99/107C  76:107Jo  0/10J!  66:_97Wo <__0:__0> v1:1    35Ga  0G!   0G?
 5   |      .    273V  79/100/107C  76:107Jo  0/_8J!  68:_99Wo <__0:__0> v1:1    35Ga  0G!   0G?
 5   |      .    273V  79/101/107C  76:107Jo  0/_8J!  68:_99Wo <__0:__0> v1:1    35Ga  0G!   0G?
 5   |      .    273V  79/102/107C  76:107Jo  0/_7J!  70:101Wo <__0:__0> v1:1    35Ga  0G!   0G?
 5   |      .    273V  79/103/107C  76:107Jo  0/_4J!  71:104Wo <__0:__0> v1:1    45Ga  0G!   0G?
 3 $ |    .      273V  99/_99/107C  17:107Jo  0/_8J!   9:_50Wo <_24:103> v1:2  nullGa  0G!   0G?
 5 [ |      .    273V  79/103/107C  76:107Jo  0/_2J!  73:106Wo <__0:__0> v1:1    54Ga  0G!   0G?
 3   |    .      273V  99/100/107C  17:107Jo  0/18J!   9:_50Wo <_24:103> v1:2    57Ga  0G!   3G?
 3   |    .      274V  99/101/107C  44:107Jo  0/25J!   9:102Wo <_24:103> v1:2    57Ga  0G!   2G?
 3   |    .      274V  99/102/107C  44:107Jo  0/25J!   9:102Wo <_24:103> v1:2    57Ga  0G!   2G?
 5 ] |      .    274V  99/103/107C  76:107Jo  0/_1J!  75:106Wo <__0:__0> v1:1    57Ga  0G!   0G?
 5   |      .    274V  99/104/107C  76:107Jo  0/_1J!  75:106Wo <__0:__0> v1:1    57Ga  0G!   0G?
 5   |      .    274V  99/105/107C  76:107Jo  0/_1J!  75:106Wo <__0:__0> v1:1    57Ga  0G!   0G?
 5   |      .    274V  99/106/107C  76:107Jo  0/_1J!  76:107Wo <__0:__0> v1:1    58Ga  0G!   0G?
 5   |      .    274V  99/107/107C  76:107Jo  0/_1J!  76:107Wo <__0:__0> v1:1    58Ga  0G!   0G?
 3   |    .      274V  99/103/107C  44:107Jo  0/22J!   9:102Wo <_24:103> v1:2    57Ga  0G!   2G?
 3   |    .      274V  99/104/107C  44:107Jo  0/21J!   9:102Wo <_24:103> v1:2    57Ga  0G!   2G?
 3   |    .      274V  99/105/107C  44:107Jo  0/20J!   9:104Wo <_24:103> v1:2    57Ga  0G!   2G?
 3   |    .      274V  99/106/107C  44:107Jo  0/17J!  10:105Wo <_24:103> v1:2    58Ga  0G!   2G?
 3   |    .      274V  99/107/107C  44:107Jo  0/17J!  10:105Wo <_24:103> v1:2    58Ga  0G!   2G?
 0   / .         306V  99/108/108C  77:108Jo  0/_0J!  77:108Wo <__0:__0> v1:3    58Ga  0G!   0G?   0/4Pp  0/61Rq
 2   \   .       306V  99/108/108C  77:108Jo  0/_0J!  77:108Wo <__0:__0> v1:1    58Ga  0G!   0G?
 6   |       .   306V  99/108/108C  77:108Jo  0/_0J!  77:108Wo <__0:__0> v1:1    58Ga  0G!   0G?
 5   |      .    306V  99/108/108C  77:108Jo  0/_0J!  77:108Wo <__0:__0> v1:1    58Ga  0G!   0G?
 1   \  .        306V  99/108/108C  77:108Jo  0/_0J!  77:108Wo <__0:__0> v1:1    58Ga  0G!   0G?
 3   |    .      306V  99/108/108C  45:108Jo  0/_0J!  15:108Wo <_24:103> v1:2    58Ga  0G!   0G?
 4   |     .     307V  99/108/108C  77:108Jo  0/_0J!  77:108Wo <__0:__0> v1:1    58Ga  0G!   0G?
 0   / .         339V  99/109/109C  78:109Jo  0/_0J!  78:109Wo <__0:__0> v1:3    38Ga  0G!   0G?   0/4Pp  0/61Rq
 3   |    .      339V  99/109/109C  46:109Jo  0/_1J!  15:108Wo <_24:103> v1:2    38Ga  0G!   0G?
 1   \  .        339V  99/109/109C  78:109Jo  0/_1J!  78:109Wo <__0:__0> v1:1    38Ga  0G!   0G?
 2   \   .       339V  99/109/109C  78:109Jo  0/_0J!  78:109Wo <__0:__0> v1:1    38Ga  0G!   0G?
 6   |       .   339V  99/109/109C  78:109Jo  0/_1J!  77:108Wo <__0:__0> v1:1    38Ga  0G!   0G?
 4   |     .     339V  99/109/109C  78:109Jo  0/_0J!  78:109Wo <__0:__0> v1:1    38Ga  0G!   0G?
 5   |      .    339V  99/109/109C  78:109Jo  0/_0J!  78:109Wo <__0:__0> v1:1    38Ga  0G!   0G?
 0   / .         372V  99/110/110C  79:110Jo  0/_0J!  79:110Wo <__0:__0> v1:3    38Ga  0G!   0G?   0/4Pp  0/61Rq
 2   \   .       372V  99/110/110C  79:110Jo  0/_0J!  79:110Wo <__0:__0> v1:1    38Ga  0G!   0G?
 1   \  .        372V  99/110/110C  79:110Jo  0/_0J!  79:110Wo <__0:__0> v1:1    38Ga  0G!   0G?
 3   |    .      372V  99/110/110C  80:110Jo  0/_1J!  15:110Wo <_24:103> v1:2    38Ga  0G!   0G?
 5   |      .    372V  99/110/110C  79:110Jo  0/_1J!  78:109Wo <__0:__0> v1:1    38Ga  0G!   0G?
 4   |     .     372V  99/110/110C  79:110Jo  0/_1J!  78:109Wo <__0:__0> v1:1    38Ga  0G!   0G?
 6   |       .   372V  99/110/110C  79:110Jo  0/_1J!  78:109Wo <__0:__0> v1:1    38Ga  0G!   0G?
 1   /  .        403V  99/111/111C  80:111Jo  0/_0J!  80:111Wo <__0:__0> v1:1    38Ga  0G!   0G?   0/4Pp  0/61Rq
 3   |    .      403V  99/111/111C  80:111Jo  0/_0J!  80:111Wo <_24:103> v1:2    38Ga  0G!   0G?
 4   |     .     403V  99/111/111C  80:111Jo  0/_1J!  79:110Wo <__0:__0> v1:1    38Ga  0G!   0G?
 0   \ .         406V  99/111/111C  80:111Jo  0/_0J!  80:111Wo <__0:__0> v1:3    38Ga  0G!   0G?
 2   \   .       406V  99/111/111C  80:111Jo  0/_0J!  80:111Wo <__0:__0> v1:1    38Ga  0G!   0G?
 1   /  .        436V  99/112/112C  81:112Jo  0/_0J!  81:112Wo <__0:__0> v1:1    38Ga  0G!   0G?   0/4Pp  0/61Rq
 0   \ .         436V  99/112/112C  81:112Jo  0/_1J!  81:112Wo <__0:__0> v1:3    38Ga  0G!   0G?
 4   |     .     436V  99/112/112C  81:112Jo  0/_0J!  81:112Wo <__0:__0> v1:1    38Ga  0G!   0G?
 2   \   .       436V  99/112/112C  81:112Jo  0/_0J!  81:112Wo <__0:__0> v1:1    38Ga  0G!   0G?
 3   |    .      436V  99/112/112C  81:112Jo  0/_0J!  81:112Wo <_24:103> v1:2    38Ga  0G!   0G?
 0   / .         477V  99/113/113C  82:113Jo  0/_0J!  82:113Wo <__0:__0> v1:3    38Ga  0G!   0G?   0/4Pp  0/61Rq
 2   \   .       477V  99/113/113C  82:113Jo  0/_0J!  82:113Wo <__0:__0> v1:1    38Ga  0G!   0G?
 3   |    .      477V  99/113/113C  82:113Jo  0/_0J!  82:113Wo <_24:103> v1:2    38Ga  0G!   0G?
 1   /  v        478V  99/113/113C  82:113Jo  0/_0J!  82:113Wo <__0:__0> v1:1    38Ga  0G!   0G?
 4   |     .     477V  99/113/113C  82:113Jo  0/_0J!  82:113Wo <__0:__0> v1:1    38Ga  0G!   0G?
 1   /  .        505V  99/114/114C  83:114Jo  0/_0J!  83:114Wo <__0:__0> v1:1    38Ga  0G!   0G?   0/4Pp  0/61Rq
 0   \ .         505V  99/114/114C  83:114Jo  0/_1J!  83:114Wo <__0:__0> v1:3    38Ga  0G!   0G?
 2   \   .       505V  99/114/114C  83:114Jo  0/_0J!  83:114Wo <__0:__0> v1:1    38Ga  0G!   0G?
 3   |    .      505V  99/114/114C  83:114Jo  0/_1J!  83:114Wo <_24:103> v1:2    38Ga  0G!   0G?
 4   |     .     505V  99/114/114C  83:114Jo  0/_1J!  82:113Wo <__0:__0> v1:1    38Ga  0G!   0G?
 6   |       .   537V  99/111/114C  83:114Jo  0/_5J!  78:109Wo <__0:__0> v1:1    38Ga  0G!   0G?
 6   |       .   537V  99/112/114C  83:114Jo  0/_4J!  80:111Wo <__0:__0> v1:1    38Ga  0G!   0G?
 6   |       .   546V  99/113/114C  84:115Jo  0/_3J!  81:112Wo <__0:__0> v1:1    38Ga  0G!   0G?
 6   |       .   546V  99/114/114C  84:115Jo  0/_3J!  81:112Wo <__0:__0> v1:1    38Ga  0G!   0G?
 2   /   .       548V  99/115/115C  84:115Jo  0/_0J!  84:115Wo <__0:__0> v1:1    38Ga  0G!   0G?   0/4Pp  0/61Rq
 3   |    .      548V  99/115/115C  84:115Jo  0/_0J!  84:115Wo <_24:103> v1:2    38Ga  0G!   0G?
 1   \  .        548V  99/115/115C  84:115Jo  0/_0J!  84:115Wo <__0:__0> v1:1    38Ga  0G!   0G?
 6   |       .   548V  99/115/115C  84:115Jo  0/_0J!  84:115Wo <__0:__0> v1:1    38Ga  0G!   0G?
 0   / v         549V  99/115/115C  84:115Jo  0/_0J!  84:115Wo <__0:__0> v1:3    38Ga  0G!   0G?
 4   |     .     552V  99/115/115C  84:115Jo  0/_1J!  83:114Wo <__0:__0> v1:1    38Ga  0G!   0G?
 1   /  .        583V  99/116/116C  85:116Jo  0/_0J!  85:116Wo <__0:__0> v1:1    38Ga  0G!   0G?   0/4Pp  0/61Rq
 2   \   .       583V  99/116/116C  85:116Jo  0/_0J!  85:116Wo <__0:__0> v1:1    38Ga  0G!   0G?
 0   \ .         583V  99/116/116C  85:116Jo  0/_0J!  85:116Wo <__0:__0> v1:3    38Ga  0G!   0G?
 3   |    .      583V  99/116/116C  85:116Jo  0/_0J!  85:116Wo <_24:103> v1:2    38Ga  0G!   0G?
 6   |       .   583V  99/116/116C  85:116Jo  0/_0J!  85:116Wo <__0:__0> v1:1    38Ga  0G!   0G?
 4   |     .     583V  99/116/116C  85:116Jo  0/_1J!  85:116Wo <__0:__0> v1:2    38Ga  0G!   0G?
 0   / .         621V  99/117/117C  86:117Jo  0/_0J!  86:117Wo <__0:__0> v1:3    38Ga  0G!   0G?   0/4Pp  0/61Rq
 6   |       .   621V  99/117/117C  86:117Jo  0/_1J!  85:116Wo <__0:__0> v1:1    38Ga  0G!   0G?
 3   |    .      621V  99/117/117C  86:117Jo  0/_0J!  86:117Wo <_24:103> v1:2    38Ga  0G!   0G?
 4   |     .     621V  99/117/117C  86:117Jo  0/_0J!  86:117Wo <__0:__0> v1:2    38Ga  0G!   0G?
 1   \  .        621V  99/117/117C  86:117Jo  0/_0J!  86:117Wo <__0:__0> v1:1    38Ga  0G!   0G?
 2   \   .       621V  99/117/117C  86:117Jo  0/_0J!  86:117Wo <__0:__0> v1:1    38Ga  0G!   0G?
 2   /   .       656V  99/118/118C  87:118Jo  0/_0J!  87:118Wo <__0:__0> v1:1    38Ga  0G!   0G?   0/4Pp  0/61Rq
 3   |    .      656V  99/118/118C  87:118Jo  0/_0J!  87:118Wo <_24:103> v1:2    38Ga  0G!   0G?
 6   |       .   656V  99/118/118C  87:118Jo  0/_1J!  86:117Wo <__0:__0> v1:1    38Ga  0G!   0G?
 4   |     .     656V  99/118/118C  87:118Jo  0/_0J!  87:118Wo <__0:__0> v1:2    38Ga  0G!   0G?
 0   \ .         656V  99/118/118C  87:118Jo  0/_0J!  87:118Wo <__0:__0> v1:3    38Ga  0G!   0G?
 1   /  v        658V  99/118/118C  87:118Jo  0/_0J!  87:118Wo <__0:__0> v1:1    38Ga  0G!   0G?
 0   / .         690V  99/119/119C  88:119Jo  0/_0J!  88:119Wo <__0:__0> v1:3    38Ga  0G!   0G?   0/4Pp  0/61Rq
 3   |    .      690V  99/119/119C  88:119Jo  0/_0J!  88:119Wo <_24:103> v1:2    38Ga  0G!   0G?
 6   |       .   690V  99/119/119C  88:119Jo  0/_1J!  87:118Wo <__0:__0> v1:1    38Ga  0G!   0G?
 4   |     .     690V  99/119/119C  88:119Jo  0/_1J!  87:118Wo <__0:__0> v1:2    38Ga  0G!   0G?
 1   \  .        690V  99/119/119C  88:119Jo  0/_0J!  88:119Wo <__0:__0> v1:1    38Ga  0G!   0G?
 2   \   .       691V  99/119/119C  88:119Jo  0/_0J!  88:119Wo <__0:__0> v1:1    38Ga  0G!   0G?
 1   /  .        727V  99/120/120C  89:120Jo  0/_0J!  89:120Wo <__0:__0> v1:1    38Ga  0G!   0G?   0/4Pp  0/61Rq
 6   |       .   727V  99/120/120C  89:120Jo  0/_0J!  89:120Wo <__0:__0> v1:1    38Ga  0G!   0G?
 0   \ .         727V  99/120/120C  89:120Jo  0/_0J!  89:120Wo <__0:__0> v1:3    38Ga  0G!   0G?
 3   |    .      727V  99/120/120C  89:120Jo  0/_0J!  89:120Wo <_24:103> v1:2    38Ga  0G!   0G?
 4   |     .     727V  99/120/120C  89:120Jo  0/_0J!  89:120Wo <__0:__0> v1:2    38Ga  0G!   0G?
 2   /   v       728V  99/120/120C  89:120Jo  0/_0J!  89:120Wo <__0:__0> v1:1    38Ga  0G!   0G?
 1   /  .        760V  99/121/121C  90:121Jo  0/_0J!  90:121Wo <__0:__0> v1:1    38Ga  0G!   0G?   0/4Pp  0/61Rq
 0   \ .         760V  99/121/121C  90:121Jo  0/_0J!  90:121Wo <__0:__0> v1:3    38Ga  0G!   0G?
 3   |    .      760V  99/121/121C  90:121Jo  0/_1J!  89:120Wo <_24:103> v1:3    38Ga  0G!   0G?
 2   \   .       760V  99/121/121C  90:121Jo  0/_0J!  90:121Wo <__0:__0> v1:1    38Ga  0G!   0G?
 6   |       .   760V  99/121/121C  90:121Jo  0/_0J!  90:121Wo <__0:__0> v1:2    38Ga  0G!   0G?
 4   |     .     760V  99/121/121C  90:121Jo  0/_0J!  90:121Wo <__0:__0> v1:2    38Ga  0G!   0G?
 0   / .         792V  99/122/122C  91:122Jo  0/_0J!  91:122Wo <__0:__0> v1:3    38Ga  0G!   0G?   0/4Pp  0/61Rq
 6   |       .   792V  99/122/122C  91:122Jo  0/_0J!  91:122Wo <__0:__0> v1:2    38Ga  0G!   0G?
 3   |    .      792V  99/122/122C  91:122Jo  0/_0J!  91:122Wo <_24:103> v1:3    38Ga  0G!   0G?
 2   /   .       794V  99/122/122C  91:122Jo  0/_0J!  91:122Wo <__0:__0> v1:1    38Ga  0G!   0G?   0/4Pp  0/61Rq
 4   |     .     794V  99/122/122C  91:122Jo  0/_0J!  91:122Wo <__0:__0> v1:2    38Ga  0G!   0G?
 1   \  .        794V  99/122/122C  91:122Jo  0/_0J!  91:122Wo <__0:__0> v1:1    38Ga  0G!   0G?
 2   /   .       827V  99/123/123C  92:123Jo  0/_0J!  92:123Wo <__0:__0> v1:1    48Ga  0G!   0G?   0/4Pp  0/61Rq
 1   \  .        827V  99/123/123C  92:123Jo  0/_0J!  92:123Wo <__0:__0> v1:1    48Ga  0G!   0G?
 3   |    .      827V  99/123/123C  92:123Jo  0/_1J!  91:122Wo <_24:103> v1:3    48Ga  0G!   0G?
 2 [ /   .       827V  99/123/123C  92:123Jo  0/_0J!  92:123Wo <__0:__0> v1:1    58Ga  0G!   0G?   0/4Pp  0/61Rq
 1 [ \  .        827V  99/123/123C  92:123Jo  0/_0J!  92:123Wo <__0:__0> v1:1    58Ga  0G!   0G?
 4   |     .     827V  99/123/123C  92:123Jo  0/_1J!  91:122Wo <__0:__0> v1:2    48Ga  0G!   0G?
 2 ] /   .       827V 119/123/123C  92:123Jo  0/_0J!  92:123Wo <__0:__0> v1:1    61Ga  0G!   0G?   0/4Pp  0/61Rq
 4 [ |     .     827V  99/123/123C  92:123Jo  0/_0J!  92:123Wo <__0:__0> v1:2    58Ga  0G!   0G?
 3 [ |    .      827V  99/123/123C  92:123Jo  0/_0J!  92:123Wo <_24:103> v1:3    58Ga  0G!   0G?
thread 1228187 panic: reached unreachable code
/Users/g/archerdb/src/testing/cluster/grid_checker.zig:39:20: 0x10102da5f in assert_coherent (vopr)
            checker.disabled = true;
                   ^
/Users/g/archerdb/src/vsr/grid.zig:1326:40: 0x10100d2cb in assert_coherent (vopr)
                checker.assert_coherent(
                                       ^
/Users/g/archerdb/src/vsr/grid.zig:820:33: 0x1010216e7 in write_block (vopr)
            grid.assert_coherent(header.address, header.checksum);
                                ^
/Users/g/archerdb/src/vsr/checkpoint_trailer.zig:425:40: 0x101059bc3 in checkpoint_write_next (vopr)
            trailer.grid.?.create_block(checkpoint_write_next_callback, &trailer.write, block);
                                       ^
/Users/g/archerdb/src/vsr/checkpoint_trailer.zig:372:46: 0x10104bceb in checkpoint (vopr)
                trailer.checkpoint_write_next();
                                             ^
/Users/g/archerdb/src/vsr/replica.zig:5186:28: 0x1010282db in commit_dispatch (vopr)
                .checkpoint(commit_checkpoint_data_client_sessions_callback);
                           ^
/Users/g/archerdb/src/testing/storage.zig:407:31: 0x100fb468b in step (vopr)
            next_tick.callback(next_tick);
                              ^
/Users/g/archerdb/src/testing/cluster.zig:560:44: 0x100fc07c3 in tick (vopr)
                    advanced = storage.step() or advanced;
                                           ^
/Users/g/archerdb/src/vopr.zig:883:31: 0x100faf09f in tick (vopr)
        simulator.cluster.tick();
                              ^
/Users/g/archerdb/src/vopr.zig:321:23: 0x100fabf4b in main (vopr)
        simulator.tick();
                      ^
/Users/g/archerdb/zig/lib/std/start.zig:660:37: 0x100fb1423 in main (vopr)
            const result = root.main() catch |err| {
                                    ^
???:?:?: 0x188225d53 in ??? (???)
???:?:?: 0x0 in ??? (???)
